#
# A fatal error has been detected by the Java Runtime Environment:
#
#  EXCEPTION_ACCESS_VIOLATION (0xc0000005) at pc=0x00000188c7ed3404, pid=9836, tid=1076
#
# JRE version: Java(TM) SE Runtime Environment (20.0.2+9) (build 20.0.2+9-78)
# Java VM: Java HotSpot(TM) 64-Bit Server VM (20.0.2+9-78, mixed mode, sharing, tiered, compressed oops, compressed class ptrs, g1 gc, windows-amd64)
# Problematic frame:
# v  ~BufferBlob::MethodHandles adapters 0x00000188c7ed3404
#
# No core dump will be written. Minidumps are not enabled by default on client versions of Windows
#
# If you would like to submit a bug report, please visit:
#   https://bugreport.java.com/bugreport/crash.jsp
#

---------------  S U M M A R Y ------------

Command Line: -XX:+ShowCodeDetailsInExceptionMessages -agentlib:jdwp=transport=dt_socket,suspend=y,address=localhost:52991 -javaagent:C:\Users\Lenovo\eclipse\jee-2023-06\eclipse\configuration\org.eclipse.osgi\430\0\.cp\lib\javaagent-shaded.jar -Dfile.encoding=UTF-8 com.bank.BankOfBokaro.BankOfBokaroApplication

Host: Intel(R) Core(TM) i5-8250U CPU @ 1.60GHz, 8 cores, 7G,  Windows 10 , 64 bit Build 19041 (10.0.19041.3636)
Time: Mon Apr 22 21:21:03 2024 India Standard Time elapsed time: 2890.314112 seconds (0d 0h 48m 10s)

---------------  T H R E A D  ---------------

Current thread (0x000001891d310a80):  JavaThread "http-nio-8080-exec-1" daemon [_thread_in_Java, id=1076, stack(0x0000005819900000,0x0000005819a00000)]

Stack: [0x0000005819900000,0x0000005819a00000],  sp=0x00000058199fd928,  free space=1014k
Native frames: (J=compiled Java code, j=interpreted, Vv=VM code, C=native code)
C  0x00000188c7ed3404


siginfo: EXCEPTION_ACCESS_VIOLATION (0xc0000005), reading address 0x00000198ec87844e


Registers:
RAX=0x00000188c7e9ecca, RBX=0x0000000085c75800, RCX=0x00000058199fd940, RDX=0x0000000000000004
RSP=0x00000058199fd928, RBP=0x00000058199fd988, RSI=0x000001891dd6a458, RDI=0x00000189207a9c60
R8 =0x0000000000000004, R9 =0x0000000000000004, R10=0x00000188ec87828e, R11=0x0000000200000000
R12=0x0000000000000000, R13=0x00000058199fd928, R14=0x00000058199fd9b8, R15=0x000001891d310a80
RIP=0x00000188c7ed3404, EFLAGS=0x0000000000010206


Register to memory mapping:

RIP=0x00000188c7ed3404 is at begin+45 in a stub
MethodHandle::interpreter_entry::_linkToVirtual [0x00000188c7ed33d7, 0x00000188c7ed342a] (83 bytes)
RAX=0x00000188c7e9ecca is at code_begin+4554 in an Interpreter codelet
return entry points  [0x00000188c7e9db00, 0x00000188c7e9fb38]  8248 bytes
RBX=0x0000000085c75800 is an oop: org.springframework.validation.support.BindingAwareModelMap 
{0x0000000085c75800} - klass: 'org/springframework/validation/support/BindingAwareModelMap'
 - ---- fields (total size 7 words):
 - transient 'keySet' 'Ljava/util/Set;' @12  NULL (0x00000000)
 - transient 'values' 'Ljava/util/Collection;' @16  NULL (0x00000000)
 - transient 'size' 'I' @20  2 (0x00000002)
 - transient 'modCount' 'I' @24  2 (0x00000002)
 - 'threshold' 'I' @28  3 (0x00000003)
 - final 'loadFactor' 'F' @32  0.750000 (0x3f400000)
 - transient 'table' '[Ljava/util/HashMap$Node;' @36  a 'java/util/HashMap$Node'[4] {0x0000000085c9d040} (0x85c9d040)
 - transient 'entrySet' 'Ljava/util/Set;' @40  NULL (0x00000000)
 - final 'accessOrder' 'Z' @44  false (0x00)
 - transient 'head' 'Ljava/util/LinkedHashMap$Entry;' @48  a 'java/util/LinkedHashMap$Entry'{0x0000000085c9d060} (0x85c9d060)
 - transient 'tail' 'Ljava/util/LinkedHashMap$Entry;' @52  a 'java/util/LinkedHashMap$Entry'{0x0000000085c9d088} (0x85c9d088)
RCX=0x00000058199fd940 is pointing into the stack for thread: 0x000001891d310a80
RDX=0x0000000000000004 is an unknown value
RSP=0x00000058199fd928 is pointing into the stack for thread: 0x000001891d310a80
RBP=0x00000058199fd988 is pointing into the stack for thread: 0x000001891d310a80
RSI=0x000001891dd6a458 points into unknown readable memory: 0x80001a0070d0ee0f | 0f ee d0 70 00 1a 00 80
RDI=0x00000189207a9c60 points into unknown readable memory: 0x0000002800000080 | 80 00 00 00 28 00 00 00
R8 =0x0000000000000004 is an unknown value
R9 =0x0000000000000004 is an unknown value
R10=0x00000188ec87828e is an unknown value
R11=0x0000000200000000 is an unknown value
R12=0x0 is NULL
R13=0x00000058199fd928 is pointing into the stack for thread: 0x000001891d310a80
R14=0x00000058199fd9b8 is pointing into the stack for thread: 0x000001891d310a80
R15=0x000001891d310a80 is a thread


Top of Stack: (sp=0x00000058199fd928)
0x00000058199fd928:   00000188c7e9ecca 0000000085c7e368
0x00000058199fd938:   0000000083fb2f48 00000058199fd940
0x00000058199fd948:   000001891747828e 00000058199fd9b8
0x00000058199fd958:   00000189174783c0 0000018917478680
0x00000058199fd968:   0000000082ed6c90 00000189174782a0
0x00000058199fd978:   00000058199fd928 00000058199fd9c0
0x00000058199fd988:   00000058199fda28 00000188c7e9ecca
0x00000058199fd998:   0000000085c9d248 0000000085c75800
0x00000058199fd9a8:   0000000085c7e368 0000000083fb2f48
0x00000058199fd9b8:   0000000085c9d3c8 0000000085c75800
0x00000058199fd9c8:   0000000085c7e368 0000000083fb2f48
0x00000058199fd9d8:   0000000085c9d3c8 00000058199fd9e0
0x00000058199fd9e8:   0000018927098b19 00000058199fda88
0x00000058199fd9f8:   0000018927098c48 0000000000000000
0x00000058199fda08:   0000000085ca7bb8 0000018927098b28
0x00000058199fda18:   00000058199fd9c0 00000058199fda90
0x00000058199fda28:   0000000085c7e368 00000188c8794e61
0x00000058199fda38:   0000000085c9d3c8 0000000085c7e368
0x00000058199fda48:   0000000085c9d5c8 0000000083fb2f48
0x00000058199fda58:   0000000085ca0a50 0000000085c75800
0x00000058199fda68:   0000000085ca41d0 0000000085c75800
0x00000058199fda78:   0000000085c7e368 0000000083fb2f48
0x00000058199fda88:   0000000085ca4890 000001891a042638
0x00000058199fda98:   0000000000000000 00000058199fdab8
0x00000058199fdaa8:   00000058199fdb28 0000000085ca4890
0x00000058199fdab8:   0000000085c75800 0000000085c7a6b0
0x00000058199fdac8:   0000000082ce6cc0 0000000085ca7cc0
0x00000058199fdad8:   0000000185c75800 0000000085ca4890
0x00000058199fdae8:   0000018919efdbef 00000058199fdb60
0x00000058199fdaf8:   000001891a045a08 0000000000000000
0x00000058199fdb08:   0000000082ce5940 0000000083fb2f48
0x00000058199fdb18:   0000000085c7a6b0 00000000840ce1d8 

Instructions: (pc=0x00000188c7ed3404)
0x00000188c7ed3304:   00 00 00 00 01 00 00 00 00 00 00 00 80 35 8d 39
0x00000188c7ed3314:   f8 7f 00 00 80 33 ed c7 88 01 00 00 00 44 ed c7
0x00000188c7ed3324:   88 01 00 00 80 33 ed c7 88 01 00 00 00 44 ed c7
0x00000188c7ed3334:   88 01 00 00 70 33 ed c7 88 01 00 00 70 33 ed c7
0x00000188c7ed3344:   88 01 00 00 00 00 00 00 00 00 00 00 18 36 8d 39
0x00000188c7ed3354:   f8 7f 00 00 f0 10 00 00 60 00 00 00 ff ff ff ff
0x00000188c7ed3364:   f0 10 00 00 00 00 00 00 00 00 00 00 00 00 00 00
0x00000188c7ed3374:   00 00 00 00 00 00 00 00 00 00 00 00 f4 66 66 66
0x00000188c7ed3384:   0f 1f 84 00 00 00 00 00 66 66 66 90 66 66 66 0f
0x00000188c7ed3394:   1f 84 00 00 00 00 00 66 66 66 90 90 48 8b 53 08
0x00000188c7ed33a4:   0f b7 52 2c 48 8b 0c d4 8b 59 14 8b 5b 28 8b 5b
0x00000188c7ed33b4:   24 48 8b 5b 10 48 85 db 0f 84 10 00 00 00 41 80
0x00000188c7ed33c4:   bf 08 05 00 00 00 74 03 ff 63 38 ff 63 50 e9 a9
0x00000188c7ed33d4:   16 00 00 66 0f 1f 84 00 00 00 00 00 48 8b 53 08
0x00000188c7ed33e4:   0f b7 52 2c 48 8b 0c d4 58 5b 50 44 8b 51 08 49
0x00000188c7ed33f4:   bb 00 00 40 d5 88 01 00 00 4d 03 d3 4c 8b 5b 10
0x00000188c7ed3404:   4b 8b 9c da c0 01 00 00 48 85 db 0f 84 10 00 00
0x00000188c7ed3414:   00 41 80 bf 08 05 00 00 00 74 03 ff 63 38 ff 63
0x00000188c7ed3424:   50 e9 56 16 00 00 66 66 66 0f 1f 84 00 00 00 00
0x00000188c7ed3434:   00 66 66 66 90 0f 1f 80 00 00 00 00 58 5b 50 8b
0x00000188c7ed3444:   5b 24 48 8b 5b 10 48 85 db 0f 84 10 00 00 00 41
0x00000188c7ed3454:   80 bf 08 05 00 00 00 74 03 ff 63 38 ff 63 50 e9
0x00000188c7ed3464:   18 16 00 00 66 66 66 0f 1f 84 00 00 00 00 00 66
0x00000188c7ed3474:   66 66 90 66 0f 1f 84 00 00 00 00 00 48 8b 53 08
0x00000188c7ed3484:   0f b7 52 2c 48 8b 0c d4 58 5b 50 48 3b 01 8b 5b
0x00000188c7ed3494:   24 48 8b 5b 10 48 85 db 0f 84 10 00 00 00 41 80
0x00000188c7ed34a4:   bf 08 05 00 00 00 74 03 ff 63 38 ff 63 50 e9 c9
0x00000188c7ed34b4:   15 00 00 66 0f 1f 84 00 00 00 00 00 48 8b 53 08
0x00000188c7ed34c4:   0f b7 52 2c 48 8b 0c d4 58 5b 50 44 8b 51 08 49
0x00000188c7ed34d4:   bb 00 00 40 d5 88 01 00 00 4d 03 d3 8b 43 18 48
0x00000188c7ed34e4:   8b 40 10 48 8b 5b 10 45 8b 9a a0 00 00 00 4f 8d
0x00000188c7ed34f4:   9c da c0 01 00 00 4d 8d 14 da 49 8b 1b 48 3b c3 


Stack slot to memory mapping:
stack at sp + 0 slots: 0x00000188c7e9ecca is at code_begin+4554 in an Interpreter codelet
return entry points  [0x00000188c7e9db00, 0x00000188c7e9fb38]  8248 bytes
stack at sp + 1 slots: 0x0000000085c7e368 is an oop: com.bank.BankOfBokaro.model.AccountCreationModel 
{0x0000000085c7e368} - klass: 'com/bank/BankOfBokaro/model/AccountCreationModel'
 - ---- fields (total size 7 words):
 - private 'id' 'I' @12  0 (0x00000000)
 - private 'mobileNo' 'J' @16  544654 (0x0000000000084f8e)
 - private 'initBalance' 'D' @24  200.000000 (0x4069000000000000)
 - private 'accntNumber' 'J' @32  10014 (0x000000000000271e)
 - private 'name' 'Ljava/lang/String;' @40  "lskjdf"{0x0000000085c7d268} (0x85c7d268)
 - private 'dob' 'Ljava/lang/String;' @44  "08/09/1995"{0x0000000085c7d490} (0x85c7d490)
 - private 'fathersName' 'Ljava/lang/String;' @48  "sdj"{0x0000000085c7d678} (0x85c7d678)
 - private 'email' 'Ljava/lang/String;' @52  "lkjsd@gmail.com"{0x0000000085c7d860} (0x85c7d860)
stack at sp + 2 slots: 0x0000000083fb2f48 is an oop: com.bank.BankOfBokaro.controller.MainController 
{0x0000000083fb2f48} - klass: 'com/bank/BankOfBokaro/controller/MainController'
 - ---- fields (total size 3 words):
 - 'accntCreation' 'Lcom/bank/BankOfBokaro/dao/AccountCreationDao;' @12  a 'jdk/proxy22/$Proxy181'{0x0000000086d1abb0} (0x86d1abb0)
 - 'mapper' 'Lorg/modelmapper/ModelMapper;' @16  a 'org/modelmapper/ModelMapper'{0x0000000086d3b4e0} (0x86d3b4e0)
stack at sp + 3 slots: 0x00000058199fd940 is pointing into the stack for thread: 0x000001891d310a80
stack at sp + 4 slots: 0x000001891747828e is pointing into metadata
stack at sp + 5 slots: 0x00000058199fd9b8 is pointing into the stack for thread: 0x000001891d310a80
stack at sp + 6 slots: 0x00000189174783c0 is pointing into metadata
stack at sp + 7 slots: 0x0000018917478680 is pointing into metadata

MethodHandle::interpreter_entry::_linkToVirtual [0x00000188c7ed33d7, 0x00000188c7ed342a] (83 bytes)
[MachCode]
  0x00000188c7ed33d7: 660f 1f84 | 0000 0000 | 0048 8b53 | 080f b752 | 2c48 8b0c | d458 5b50 | 448b 5108 | 49bb 0000 
  0x00000188c7ed33f7: 40d5 8801 | 0000 4d03 | d34c 8b5b | 104b 8b9c | dac0 0100 | 0048 85db | 0f84 1000 | 0000 4180 
  0x00000188c7ed3417: bf08 0500 | 0000 7403 | ff63 38ff | 6350 e956 | 
[/MachCode]

---------------  P R O C E S S  ---------------

Threads class SMR info:
_java_thread_list=0x000001891d3b4e40, length=40, elements={
0x00000188d5262a40, 0x00000188d5263fe0, 0x00000188d5266550, 0x00000188d526a750,
0x00000188d526cc40, 0x00000188d526f590, 0x00000188d527d700, 0x00000188d5283e60,
0x000001891a4e4830, 0x000001891a6db810, 0x000001891a5841d0, 0x000001891a63fcd0,
0x000001891ab86930, 0x0000018920d18380, 0x000001891d360050, 0x000001891ede0290,
0x000001891e2be1d0, 0x000001891e2c56b0, 0x000001891e2c01b0, 0x000001891e2c3180,
0x000001891e2bfc60, 0x000001891e2bdc80, 0x000001891e2c0c50, 0x000001891d310530,
0x000001891d311fc0, 0x000001891d30d560, 0x000001891d30f540, 0x000001891d312fb0,
0x000001891d310a80, 0x000001891d310fd0, 0x000001891d312510, 0x000001891d313500,
0x000001891d3144f0, 0x000001891ede1280, 0x000001891edddd60, 0x000001891eddf2a0,
0x000001891edde800, 0x000001891edded50, 0x000001891eddf7f0, 0x000001891e2c11a0
}

Java Threads: ( => current thread )
  0x00000188d5262a40 JavaThread "Reference Handler" daemon [_thread_blocked, id=14000, stack(0x0000005817000000,0x0000005817100000)]
  0x00000188d5263fe0 JavaThread "Finalizer" daemon [_thread_blocked, id=12808, stack(0x0000005817100000,0x0000005817200000)]
  0x00000188d5266550 JavaThread "Signal Dispatcher" daemon [_thread_blocked, id=3344, stack(0x0000005817200000,0x0000005817300000)]
  0x00000188d526a750 JavaThread "Attach Listener" daemon [_thread_blocked, id=11920, stack(0x0000005817300000,0x0000005817400000)]
  0x00000188d526cc40 JavaThread "Service Thread" daemon [_thread_blocked, id=11776, stack(0x0000005817400000,0x0000005817500000)]
  0x00000188d526f590 JavaThread "Monitor Deflation Thread" daemon [_thread_blocked, id=13752, stack(0x0000005817500000,0x0000005817600000)]
  0x00000188d527d700 JavaThread "C2 CompilerThread0" daemon [_thread_blocked, id=1244, stack(0x0000005817600000,0x0000005817700000)]
  0x00000188d5283e60 JavaThread "C1 CompilerThread0" daemon [_thread_blocked, id=2148, stack(0x0000005817700000,0x0000005817800000)]
  0x000001891a4e4830 JavaThread "Common-Cleaner" daemon [_thread_blocked, id=3152, stack(0x0000005817800000,0x0000005817900000)]
  0x000001891a6db810 JavaThread "JDWP Transport Listener: dt_socket" daemon [_thread_blocked, id=7212, stack(0x0000005817900000,0x0000005817a00000)]
  0x000001891a5841d0 JavaThread "JDWP Event Helper Thread" daemon [_thread_blocked, id=4048, stack(0x0000005817a00000,0x0000005817b00000)]
  0x000001891a63fcd0 JavaThread "JDWP Command Reader" daemon [_thread_in_native, id=8760, stack(0x0000005817b00000,0x0000005817c00000)]
  0x000001891ab86930 JavaThread "Notification Thread" daemon [_thread_blocked, id=14296, stack(0x0000005817d00000,0x0000005817e00000)]
  0x0000018920d18380 JavaThread "mysql-cj-abandoned-connection-cleanup" daemon [_thread_blocked, id=12040, stack(0x0000005818d00000,0x0000005818e00000)]
  0x000001891d360050 JavaThread "Live Reload Server" daemon [_thread_in_native, id=4236, stack(0x0000005819300000,0x0000005819400000)]
  0x000001891ede0290 JavaThread "DestroyJavaVM" [_thread_blocked, id=7172, stack(0x0000005816900000,0x0000005816a00000)]
  0x000001891e2be1d0 JavaThread "File Watcher" daemon [_thread_blocked, id=12368, stack(0x0000005816800000,0x0000005816900000)]
  0x000001891e2c56b0 JavaThread "File Watcher" daemon [_thread_blocked, id=4844, stack(0x0000005818700000,0x0000005818800000)]
  0x000001891e2c01b0 JavaThread "File Watcher" daemon [_thread_blocked, id=14284, stack(0x0000005818800000,0x0000005818900000)]
  0x000001891e2c3180 JavaThread "File Watcher" daemon [_thread_blocked, id=5872, stack(0x0000005818a00000,0x0000005818b00000)]
  0x000001891e2bfc60 JavaThread "File Watcher" daemon [_thread_blocked, id=9112, stack(0x0000005818b00000,0x0000005818c00000)]
  0x000001891e2bdc80 JavaThread "File Watcher" daemon [_thread_blocked, id=1892, stack(0x0000005818c00000,0x0000005818d00000)]
  0x000001891e2c0c50 JavaThread "File Watcher" daemon [_thread_blocked, id=2288, stack(0x0000005818e00000,0x0000005818f00000)]
  0x000001891d310530 JavaThread "Catalina-utility-1" [_thread_blocked, id=14004, stack(0x0000005819200000,0x0000005819300000)]
  0x000001891d311fc0 JavaThread "Catalina-utility-2" [_thread_blocked, id=9864, stack(0x0000005819400000,0x0000005819500000)]
  0x000001891d30d560 JavaThread "container-7" [_thread_blocked, id=2156, stack(0x0000005819500000,0x0000005819600000)]
  0x000001891d30f540 JavaThread "tests housekeeper" daemon [_thread_blocked, id=3156, stack(0x0000005819600000,0x0000005819700000)]
  0x000001891d312fb0 JavaThread "File Watcher" daemon [_thread_blocked, id=13580, stack(0x0000005819800000,0x0000005819900000)]
=>0x000001891d310a80 JavaThread "http-nio-8080-exec-1" daemon [_thread_in_Java, id=1076, stack(0x0000005819900000,0x0000005819a00000)]
  0x000001891d310fd0 JavaThread "http-nio-8080-exec-2" daemon [_thread_blocked, id=13364, stack(0x0000005819a00000,0x0000005819b00000)]
  0x000001891d312510 JavaThread "http-nio-8080-exec-3" daemon [_thread_blocked, id=14996, stack(0x0000005819b00000,0x0000005819c00000)]
  0x000001891d313500 JavaThread "http-nio-8080-exec-4" daemon [_thread_blocked, id=7512, stack(0x0000005819c00000,0x0000005819d00000)]
  0x000001891d3144f0 JavaThread "http-nio-8080-exec-5" daemon [_thread_blocked, id=5556, stack(0x0000005819d00000,0x0000005819e00000)]
  0x000001891ede1280 JavaThread "http-nio-8080-exec-6" daemon [_thread_blocked, id=2292, stack(0x0000005819e00000,0x0000005819f00000)]
  0x000001891edddd60 JavaThread "http-nio-8080-exec-7" daemon [_thread_blocked, id=1924, stack(0x0000005819f00000,0x000000581a000000)]
  0x000001891eddf2a0 JavaThread "http-nio-8080-exec-8" daemon [_thread_blocked, id=13076, stack(0x000000581a000000,0x000000581a100000)]
  0x000001891edde800 JavaThread "http-nio-8080-exec-9" daemon [_thread_blocked, id=11548, stack(0x000000581a100000,0x000000581a200000)]
  0x000001891edded50 JavaThread "http-nio-8080-exec-10" daemon [_thread_blocked, id=13952, stack(0x000000581a200000,0x000000581a300000)]
  0x000001891eddf7f0 JavaThread "http-nio-8080-Poller" daemon [_thread_in_native, id=11392, stack(0x000000581a300000,0x000000581a400000)]
  0x000001891e2c11a0 JavaThread "http-nio-8080-Acceptor" daemon [_thread_in_native, id=11400, stack(0x000000581a400000,0x000000581a500000)]

Other Threads:
  0x00000188d523fc60 VMThread "VM Thread" [stack: 0x0000005816f00000,0x0000005817000000] [id=10628]
  0x000001891adfbe40 WatcherThread "VM Periodic Task Thread" [stack: 0x0000005817e00000,0x0000005817f00000] [id=9432]
  0x00000188b88dd470 WorkerThread "GC Thread#0" [stack: 0x0000005816a00000,0x0000005816b00000] [id=10780]
  0x000001891afdcdd0 WorkerThread "GC Thread#1" [stack: 0x0000005817f00000,0x0000005818000000] [id=13300]
  0x000001891b33e830 WorkerThread "GC Thread#2" [stack: 0x0000005818000000,0x0000005818100000] [id=12704]
  0x000001891b04be70 WorkerThread "GC Thread#3" [stack: 0x0000005818100000,0x0000005818200000] [id=14588]
  0x000001891b025040 WorkerThread "GC Thread#4" [stack: 0x0000005818200000,0x0000005818300000] [id=13280]
  0x000001891b0567d0 WorkerThread "GC Thread#5" [stack: 0x0000005818300000,0x0000005818400000] [id=3792]
  0x000001891b078920 WorkerThread "GC Thread#6" [stack: 0x0000005818400000,0x0000005818500000] [id=14484]
  0x000001891b079460 WorkerThread "GC Thread#7" [stack: 0x0000005818500000,0x0000005818600000] [id=8764]
  0x00000188b88ee910 ConcurrentGCThread "G1 Main Marker" [stack: 0x0000005816b00000,0x0000005816c00000] [id=3600]
  0x00000188b88ef250 WorkerThread "G1 Conc#0" [stack: 0x0000005816c00000,0x0000005816d00000] [id=12496]
  0x000001891b07a540 WorkerThread "G1 Conc#1" [stack: 0x0000005818900000,0x0000005818a00000] [id=5728]
  0x00000188d50f44e0 ConcurrentGCThread "G1 Refine#0" [stack: 0x0000005816d00000,0x0000005816e00000] [id=7900]
  0x00000188b893cd10 ConcurrentGCThread "G1 Service" [stack: 0x0000005816e00000,0x0000005816f00000] [id=2844]

Threads with active compile tasks:

VM state: not at safepoint (normal execution)

VM Mutex/Monitor currently owned by a thread: None

Heap address: 0x0000000081600000, size: 2026 MB, Compressed Oops mode: 32-bit

CDS archive(s) mapped at: [0x00000188d5400000-0x00000188d6060000-0x00000188d6060000), size 12976128, SharedBaseAddress: 0x00000188d5400000, ArchiveRelocationMode: 1.
Compressed class space mapped at: 0x00000188d6400000-0x0000018916400000, reserved size: 1073741824
Narrow klass base: 0x00000188d5400000, Narrow klass shift: 0, Narrow klass range: 0x100000000

GC Precious Log:
 CardTable entry size: 512
 Card Set container configuration: InlinePtr #cards 5 size 8 Array Of Cards #cards 12 size 40 Howl #buckets 4 coarsen threshold 1843 Howl Bitmap #cards 512 size 80 coarsen threshold 460 Card regions per heap region 1 cards per card region 2048
 CPUs: 8 total, 8 available
 Memory: 8101M
 Large Page Support: Disabled
 NUMA Support: Disabled
 Compressed Oops: Enabled (32-bit)
 Heap Region Size: 1M
 Heap Min Capacity: 8M
 Heap Initial Capacity: 128M
 Heap Max Capacity: 2026M
 Pre-touch: Disabled
 Parallel Workers: 8
 Concurrent Workers: 2
 Concurrent Refinement Workers: 8
 Periodic GC: Disabled

Heap:
 garbage-first heap   total 92160K, used 71157K [0x0000000081600000, 0x0000000100000000)
  region size 1024K, 40 young (40960K), 4 survivors (4096K)
 Metaspace       used 92706K, committed 93568K, reserved 1179648K
  class space    used 11145K, committed 11584K, reserved 1048576K

Heap Regions: E=young(eden), S=young(survivor), O=old, HS=humongous(starts), HC=humongous(continues), CS=collection set, F=free, OA=open archive, CA=closed archive, TAMS=top-at-mark-start, PB=parsable bottom
|   0|0x0000000081600000, 0x0000000081700000, 0x0000000081700000|100%|HS|  |TAMS 0x0000000081600000| PB 0x0000000081600000| Complete 
|   1|0x0000000081700000, 0x0000000081800000, 0x0000000081800000|100%| O|  |TAMS 0x0000000081700000| PB 0x0000000081700000| Untracked 
|   2|0x0000000081800000, 0x00000000818ffe78, 0x0000000081900000| 99%| O|  |TAMS 0x0000000081800000| PB 0x0000000081800000| Untracked 
|   3|0x0000000081900000, 0x00000000819fffe8, 0x0000000081a00000| 99%| O|  |TAMS 0x0000000081900000| PB 0x0000000081900000| Untracked 
|   4|0x0000000081a00000, 0x0000000081afff40, 0x0000000081b00000| 99%| O|  |TAMS 0x0000000081a00000| PB 0x0000000081a00000| Untracked 
|   5|0x0000000081b00000, 0x0000000081bffff8, 0x0000000081c00000| 99%| O|  |TAMS 0x0000000081b00000| PB 0x0000000081b00000| Untracked 
|   6|0x0000000081c00000, 0x0000000081d00000, 0x0000000081d00000|100%| O|  |TAMS 0x0000000081c00000| PB 0x0000000081c00000| Untracked 
|   7|0x0000000081d00000, 0x0000000081dffff8, 0x0000000081e00000| 99%| O|  |TAMS 0x0000000081d00000| PB 0x0000000081d00000| Untracked 
|   8|0x0000000081e00000, 0x0000000081efffc8, 0x0000000081f00000| 99%| O|  |TAMS 0x0000000081e00000| PB 0x0000000081e00000| Untracked 
|   9|0x0000000081f00000, 0x0000000082000000, 0x0000000082000000|100%| O|  |TAMS 0x0000000081f00000| PB 0x0000000081f00000| Untracked 
|  10|0x0000000082000000, 0x00000000820ffff8, 0x0000000082100000| 99%| O|  |TAMS 0x0000000082000000| PB 0x0000000082000000| Untracked 
|  11|0x0000000082100000, 0x00000000821fffe8, 0x0000000082200000| 99%| O|  |TAMS 0x0000000082100000| PB 0x0000000082100000| Untracked 
|  12|0x0000000082200000, 0x0000000082300000, 0x0000000082300000|100%| O|  |TAMS 0x0000000082200000| PB 0x0000000082200000| Untracked 
|  13|0x0000000082300000, 0x00000000823fffc0, 0x0000000082400000| 99%| O|  |TAMS 0x0000000082300000| PB 0x0000000082300000| Untracked 
|  14|0x0000000082400000, 0x00000000824ffd18, 0x0000000082500000| 99%| O|  |TAMS 0x0000000082400000| PB 0x0000000082400000| Untracked 
|  15|0x0000000082500000, 0x00000000825ffff0, 0x0000000082600000| 99%| O|  |TAMS 0x0000000082500000| PB 0x0000000082500000| Untracked 
|  16|0x0000000082600000, 0x00000000826fffe8, 0x0000000082700000| 99%| O|  |TAMS 0x0000000082600000| PB 0x0000000082600000| Untracked 
|  17|0x0000000082700000, 0x00000000827fffd8, 0x0000000082800000| 99%| O|  |TAMS 0x0000000082700000| PB 0x0000000082700000| Untracked 
|  18|0x0000000082800000, 0x00000000828ffff8, 0x0000000082900000| 99%| O|  |TAMS 0x0000000082800000| PB 0x0000000082800000| Untracked 
|  19|0x0000000082900000, 0x00000000829fffb8, 0x0000000082a00000| 99%| O|  |TAMS 0x0000000082900000| PB 0x0000000082900000| Untracked 
|  20|0x0000000082a00000, 0x0000000082afff48, 0x0000000082b00000| 99%| O|  |TAMS 0x0000000082a00000| PB 0x0000000082a00000| Untracked 
|  21|0x0000000082b00000, 0x0000000082c00000, 0x0000000082c00000|100%| O|  |TAMS 0x0000000082b00000| PB 0x0000000082b00000| Untracked 
|  22|0x0000000082c00000, 0x0000000082cfffe0, 0x0000000082d00000| 99%| O|  |TAMS 0x0000000082c00000| PB 0x0000000082c00000| Untracked 
|  23|0x0000000082d00000, 0x0000000082dfffe8, 0x0000000082e00000| 99%| O|  |TAMS 0x0000000082d00000| PB 0x0000000082d00000| Untracked 
|  24|0x0000000082e00000, 0x0000000082efffd0, 0x0000000082f00000| 99%| O|  |TAMS 0x0000000082e00000| PB 0x0000000082e00000| Untracked 
|  25|0x0000000082f00000, 0x0000000082ffffd0, 0x0000000083000000| 99%| O|  |TAMS 0x0000000082f00000| PB 0x0000000082f00000| Untracked 
|  26|0x0000000083000000, 0x00000000830af3e0, 0x0000000083100000| 68%| O|  |TAMS 0x0000000083000000| PB 0x0000000083000000| Untracked 
|  27|0x0000000083100000, 0x00000000831cd660, 0x0000000083200000| 80%| O|  |TAMS 0x0000000083100000| PB 0x0000000083100000| Untracked 
|  28|0x0000000083200000, 0x00000000832b4470, 0x0000000083300000| 70%| O|  |TAMS 0x0000000083200000| PB 0x0000000083200000| Untracked 
|  29|0x0000000083300000, 0x00000000833ffff0, 0x0000000083400000| 99%| O|  |TAMS 0x0000000083300000| PB 0x0000000083300000| Untracked 
|  30|0x0000000083400000, 0x00000000834ffa70, 0x0000000083500000| 99%| O|  |TAMS 0x0000000083400000| PB 0x0000000083400000| Untracked 
|  31|0x0000000083500000, 0x0000000083500000, 0x0000000083600000|  0%| F|  |TAMS 0x0000000083500000| PB 0x0000000083500000| Untracked 
|  32|0x0000000083600000, 0x0000000083600000, 0x0000000083700000|  0%| F|  |TAMS 0x0000000083600000| PB 0x0000000083600000| Untracked 
|  33|0x0000000083700000, 0x0000000083700000, 0x0000000083800000|  0%| F|  |TAMS 0x0000000083700000| PB 0x0000000083700000| Untracked 
|  34|0x0000000083800000, 0x00000000838ad470, 0x0000000083900000| 67%| O|  |TAMS 0x0000000083800000| PB 0x0000000083800000| Complete 
|  35|0x0000000083900000, 0x0000000083900000, 0x0000000083a00000|  0%| F|  |TAMS 0x0000000083900000| PB 0x0000000083900000| Untracked 
|  36|0x0000000083a00000, 0x0000000083a00000, 0x0000000083b00000|  0%| F|  |TAMS 0x0000000083a00000| PB 0x0000000083a00000| Untracked 
|  37|0x0000000083b00000, 0x0000000083b00000, 0x0000000083c00000|  0%| F|  |TAMS 0x0000000083b00000| PB 0x0000000083b00000| Untracked 
|  38|0x0000000083c00000, 0x0000000083c00000, 0x0000000083d00000|  0%| F|  |TAMS 0x0000000083c00000| PB 0x0000000083c00000| Untracked 
|  39|0x0000000083d00000, 0x0000000083da0050, 0x0000000083e00000| 62%| S|CS|TAMS 0x0000000083d00000| PB 0x0000000083d00000| Complete 
|  40|0x0000000083e00000, 0x0000000083f00000, 0x0000000083f00000|100%| S|CS|TAMS 0x0000000083e00000| PB 0x0000000083e00000| Complete 
|  41|0x0000000083f00000, 0x0000000084000000, 0x0000000084000000|100%| S|CS|TAMS 0x0000000083f00000| PB 0x0000000083f00000| Complete 
|  42|0x0000000084000000, 0x0000000084100000, 0x0000000084100000|100%| S|CS|TAMS 0x0000000084000000| PB 0x0000000084000000| Complete 
|  43|0x0000000084100000, 0x0000000084100000, 0x0000000084200000|  0%| F|  |TAMS 0x0000000084100000| PB 0x0000000084100000| Untracked 
|  44|0x0000000084200000, 0x0000000084200000, 0x0000000084300000|  0%| F|  |TAMS 0x0000000084200000| PB 0x0000000084200000| Untracked 
|  45|0x0000000084300000, 0x0000000084300000, 0x0000000084400000|  0%| F|  |TAMS 0x0000000084300000| PB 0x0000000084300000| Untracked 
|  46|0x0000000084400000, 0x0000000084400000, 0x0000000084500000|  0%| F|  |TAMS 0x0000000084400000| PB 0x0000000084400000| Untracked 
|  47|0x0000000084500000, 0x0000000084500000, 0x0000000084600000|  0%| F|  |TAMS 0x0000000084500000| PB 0x0000000084500000| Untracked 
|  48|0x0000000084600000, 0x0000000084600000, 0x0000000084700000|  0%| F|  |TAMS 0x0000000084600000| PB 0x0000000084600000| Untracked 
|  49|0x0000000084700000, 0x0000000084700000, 0x0000000084800000|  0%| F|  |TAMS 0x0000000084700000| PB 0x0000000084700000| Untracked 
|  50|0x0000000084800000, 0x0000000084800000, 0x0000000084900000|  0%| F|  |TAMS 0x0000000084800000| PB 0x0000000084800000| Untracked 
|  51|0x0000000084900000, 0x0000000084900000, 0x0000000084a00000|  0%| F|  |TAMS 0x0000000084900000| PB 0x0000000084900000| Untracked 
|  52|0x0000000084a00000, 0x0000000084a00000, 0x0000000084b00000|  0%| F|  |TAMS 0x0000000084a00000| PB 0x0000000084a00000| Untracked 
|  53|0x0000000084b00000, 0x0000000084b00000, 0x0000000084c00000|  0%| F|  |TAMS 0x0000000084b00000| PB 0x0000000084b00000| Untracked 
|  54|0x0000000084c00000, 0x0000000084c298c8, 0x0000000084d00000| 16%| E|  |TAMS 0x0000000084c00000| PB 0x0000000084c00000| Complete 
|  55|0x0000000084d00000, 0x0000000084e00000, 0x0000000084e00000|100%| E|CS|TAMS 0x0000000084d00000| PB 0x0000000084d00000| Complete 
|  56|0x0000000084e00000, 0x0000000084f00000, 0x0000000084f00000|100%| E|CS|TAMS 0x0000000084e00000| PB 0x0000000084e00000| Complete 
|  57|0x0000000084f00000, 0x0000000085000000, 0x0000000085000000|100%| E|CS|TAMS 0x0000000084f00000| PB 0x0000000084f00000| Complete 
|  58|0x0000000085000000, 0x0000000085100000, 0x0000000085100000|100%| E|CS|TAMS 0x0000000085000000| PB 0x0000000085000000| Complete 
|  59|0x0000000085100000, 0x0000000085200000, 0x0000000085200000|100%| E|CS|TAMS 0x0000000085100000| PB 0x0000000085100000| Complete 
|  60|0x0000000085200000, 0x0000000085300000, 0x0000000085300000|100%| E|CS|TAMS 0x0000000085200000| PB 0x0000000085200000| Complete 
|  61|0x0000000085300000, 0x0000000085400000, 0x0000000085400000|100%| E|CS|TAMS 0x0000000085300000| PB 0x0000000085300000| Complete 
|  62|0x0000000085400000, 0x0000000085500000, 0x0000000085500000|100%| E|CS|TAMS 0x0000000085400000| PB 0x0000000085400000| Complete 
|  63|0x0000000085500000, 0x0000000085600000, 0x0000000085600000|100%| E|CS|TAMS 0x0000000085500000| PB 0x0000000085500000| Complete 
|  64|0x0000000085600000, 0x0000000085700000, 0x0000000085700000|100%| E|CS|TAMS 0x0000000085600000| PB 0x0000000085600000| Complete 
|  65|0x0000000085700000, 0x0000000085800000, 0x0000000085800000|100%| E|CS|TAMS 0x0000000085700000| PB 0x0000000085700000| Complete 
|  66|0x0000000085800000, 0x0000000085900000, 0x0000000085900000|100%| E|CS|TAMS 0x0000000085800000| PB 0x0000000085800000| Complete 
|  67|0x0000000085900000, 0x0000000085a00000, 0x0000000085a00000|100%| E|CS|TAMS 0x0000000085900000| PB 0x0000000085900000| Complete 
|  68|0x0000000085a00000, 0x0000000085b00000, 0x0000000085b00000|100%| E|CS|TAMS 0x0000000085a00000| PB 0x0000000085a00000| Complete 
|  69|0x0000000085b00000, 0x0000000085c00000, 0x0000000085c00000|100%| E|CS|TAMS 0x0000000085b00000| PB 0x0000000085b00000| Complete 
|  70|0x0000000085c00000, 0x0000000085d00000, 0x0000000085d00000|100%| E|CS|TAMS 0x0000000085c00000| PB 0x0000000085c00000| Complete 
|  71|0x0000000085d00000, 0x0000000085e00000, 0x0000000085e00000|100%| E|CS|TAMS 0x0000000085d00000| PB 0x0000000085d00000| Complete 
|  72|0x0000000085e00000, 0x0000000085f00000, 0x0000000085f00000|100%| E|CS|TAMS 0x0000000085e00000| PB 0x0000000085e00000| Complete 
|  73|0x0000000085f00000, 0x0000000086000000, 0x0000000086000000|100%| E|CS|TAMS 0x0000000085f00000| PB 0x0000000085f00000| Complete 
|  74|0x0000000086000000, 0x0000000086100000, 0x0000000086100000|100%| E|CS|TAMS 0x0000000086000000| PB 0x0000000086000000| Complete 
|  75|0x0000000086100000, 0x0000000086200000, 0x0000000086200000|100%| E|CS|TAMS 0x0000000086100000| PB 0x0000000086100000| Complete 
|  76|0x0000000086200000, 0x0000000086300000, 0x0000000086300000|100%| E|CS|TAMS 0x0000000086200000| PB 0x0000000086200000| Complete 
|  77|0x0000000086300000, 0x0000000086400000, 0x0000000086400000|100%| E|CS|TAMS 0x0000000086300000| PB 0x0000000086300000| Complete 
|  78|0x0000000086400000, 0x0000000086500000, 0x0000000086500000|100%| E|CS|TAMS 0x0000000086400000| PB 0x0000000086400000| Complete 
|  79|0x0000000086500000, 0x0000000086600000, 0x0000000086600000|100%| E|CS|TAMS 0x0000000086500000| PB 0x0000000086500000| Complete 
|  80|0x0000000086600000, 0x0000000086700000, 0x0000000086700000|100%| E|CS|TAMS 0x0000000086600000| PB 0x0000000086600000| Complete 
|  81|0x0000000086700000, 0x0000000086800000, 0x0000000086800000|100%| E|CS|TAMS 0x0000000086700000| PB 0x0000000086700000| Complete 
|  82|0x0000000086800000, 0x0000000086900000, 0x0000000086900000|100%| E|CS|TAMS 0x0000000086800000| PB 0x0000000086800000| Complete 
|  83|0x0000000086900000, 0x0000000086a00000, 0x0000000086a00000|100%| E|CS|TAMS 0x0000000086900000| PB 0x0000000086900000| Complete 
|  84|0x0000000086a00000, 0x0000000086b00000, 0x0000000086b00000|100%| E|CS|TAMS 0x0000000086a00000| PB 0x0000000086a00000| Complete 
|  85|0x0000000086b00000, 0x0000000086c00000, 0x0000000086c00000|100%| E|CS|TAMS 0x0000000086b00000| PB 0x0000000086b00000| Complete 
|  86|0x0000000086c00000, 0x0000000086d00000, 0x0000000086d00000|100%| E|CS|TAMS 0x0000000086c00000| PB 0x0000000086c00000| Complete 
|  87|0x0000000086d00000, 0x0000000086e00000, 0x0000000086e00000|100%| E|CS|TAMS 0x0000000086d00000| PB 0x0000000086d00000| Complete 
| 127|0x0000000089500000, 0x0000000089600000, 0x0000000089600000|100%| E|CS|TAMS 0x0000000089500000| PB 0x0000000089500000| Complete 
|2025|0x00000000fff00000, 0x0000000100000000, 0x0000000100000000|100%| E|CS|TAMS 0x00000000fff00000| PB 0x00000000fff00000| Complete 

Card table byte_map: [0x00000188d0080000,0x00000188d0480000] _byte_map_base: 0x00000188cfc75000

Marking Bits: (CMBitMap*) 0x00000188b88dd9b0
 Bits: [0x00000188d0880000, 0x00000188d2828000)

Polling page: 0x00000188b6840000

Metaspace:

Usage:
  Non-class:     79.65 MB used.
      Class:     10.88 MB used.
       Both:     90.53 MB used.

Virtual space:
  Non-class space:      128.00 MB reserved,      80.06 MB ( 63%) committed,  2 nodes.
      Class space:        1.00 GB reserved,      11.31 MB (  1%) committed,  1 nodes.
             Both:        1.12 GB reserved,      91.38 MB (  8%) committed. 

Chunk freelists:
   Non-Class:  3.36 MB
       Class:  747.00 KB
        Both:  4.09 MB

MaxMetaspaceSize: unlimited
CompressedClassSpaceSize: 1.00 GB
Initial GC threshold: 21.00 MB
Current GC threshold: 152.19 MB
CDS: on
MetaspaceReclaimPolicy: balanced
 - commit_granule_bytes: 65536.
 - commit_granule_words: 8192.
 - virtual_space_node_default_size: 8388608.
 - enlarge_chunks_in_place: 1.
 - new_chunks_are_fully_committed: 0.
 - uncommit_free_chunks: 1.
 - use_allocation_guard: 0.


Internal statistics:

num_allocs_failed_limit: 9.
num_arena_births: 1252.
num_arena_deaths: 350.
num_vsnodes_births: 3.
num_vsnodes_deaths: 0.
num_space_committed: 1462.
num_space_uncommitted: 0.
num_chunks_returned_to_freelist: 402.
num_chunks_taken_from_freelist: 4809.
num_chunk_merges: 89.
num_chunk_splits: 3191.
num_chunks_enlarged: 2435.
num_inconsistent_stats: 0.

CodeHeap 'non-profiled nmethods': size=120000Kb used=9268Kb max_used=9268Kb free=110731Kb
 bounds [0x00000188c8420000, 0x00000188c8d30000, 0x00000188cf950000]
CodeHeap 'profiled nmethods': size=120000Kb used=17909Kb max_used=17909Kb free=102090Kb
 bounds [0x00000188c0950000, 0x00000188c1ae0000, 0x00000188c7e80000]
CodeHeap 'non-nmethods': size=5760Kb used=1879Kb max_used=2027Kb free=3880Kb
 bounds [0x00000188c7e80000, 0x00000188c80f0000, 0x00000188c8420000]
 total_blobs=9362 nmethods=8596 adapters=675
 compilation: enabled
              stopped_count=0, restarted_count=0
 full_count=0

Compilation events (20 events):
Event: 2787.444 Thread 0x00000188d5283e60 nmethod 15354 0x00000188c1aca310 code [0x00000188c1aca4c0, 0x00000188c1aca820]
Event: 2787.444 Thread 0x00000188d5283e60 15355       3       java.lang.invoke.LambdaForm$Name::<init> (66 bytes)
Event: 2787.445 Thread 0x00000188d5283e60 nmethod 15355 0x00000188c1aca990 code [0x00000188c1acab20, 0x00000188c1acade8]
Event: 2787.445 Thread 0x00000188d5283e60 15356       3       java.lang.invoke.LambdaFormBuffer::changeName (149 bytes)
Event: 2787.445 Thread 0x00000188d5283e60 nmethod 15356 0x00000188c1acae90 code [0x00000188c1acb060, 0x00000188c1acb590]
Event: 2787.452 Thread 0x00000188d527d700 nmethod 15353 0x00000188c8d2a210 code [0x00000188c8d2a3c0, 0x00000188c8d2aa88]
Event: 2787.452 Thread 0x00000188d527d700 15357       4       java.lang.invoke.LambdaForm$Name::replaceNames (175 bytes)
Event: 2787.472 Thread 0x00000188d527d700 nmethod 15357 0x00000188c8d2af90 code [0x00000188c8d2b160, 0x00000188c8d2c708]
Event: 2818.272 Thread 0x00000188d5283e60 15358  s!   3       org.apache.catalina.core.ContainerBase::backgroundProcess (172 bytes)
Event: 2818.274 Thread 0x00000188d5283e60 nmethod 15358 0x00000188c1acb710 code [0x00000188c1acba40, 0x00000188c1acd338]
Event: 2828.283 Thread 0x00000188d5283e60 15359   !   3       org.apache.catalina.core.ContainerBase$ContainerBackgroundProcessor::processChildren (202 bytes)
Event: 2828.286 Thread 0x00000188d5283e60 nmethod 15359 0x00000188c1acdb90 code [0x00000188c1acdfa0, 0x00000188c1ad0ae8]
Event: 2847.953 Thread 0x00000188d5283e60 15360       3       jdk.internal.misc.Unsafe::bool2byte (10 bytes)
Event: 2847.953 Thread 0x00000188d5283e60 nmethod 15360 0x00000188c1ad1990 code [0x00000188c1ad1b20, 0x00000188c1ad1c90]
Event: 2878.320 Thread 0x00000188d5283e60 15361       3       java.util.Comparator::comparingLong (18 bytes)
Event: 2878.321 Thread 0x00000188d5283e60 nmethod 15361 0x00000188c1ad1d10 code [0x00000188c1ad1f40, 0x00000188c1ad28a0]
Event: 2878.321 Thread 0x00000188d5283e60 15362       3       java.util.Comparator$$Lambda$760/0x00000188d67a3378::<init> (10 bytes)
Event: 2878.321 Thread 0x00000188d5283e60 nmethod 15362 0x00000188c1ad2b90 code [0x00000188c1ad2d20, 0x00000188c1ad2ed8]
Event: 2888.329 Thread 0x00000188d5283e60 15363       1       org.apache.catalina.core.StandardWrapper::getServlet (5 bytes)
Event: 2888.329 Thread 0x00000188d5283e60 nmethod 15363 0x00000188c8d2cf90 code [0x00000188c8d2d100, 0x00000188c8d2d1d0]

GC Heap History (20 events):
Event: 2560.174 GC heap before
{Heap before GC invocations=62 (full 7):
 garbage-first heap   total 92160K, used 77676K [0x0000000081600000, 0x0000000100000000)
  region size 1024K, 47 young (48128K), 0 survivors (0K)
 Metaspace       used 90725K, committed 91584K, reserved 1179648K
  class space    used 11026K, committed 11456K, reserved 1048576K
}
Event: 2560.178 GC heap after
{Heap after GC invocations=63 (full 7):
 garbage-first heap   total 92160K, used 34250K [0x0000000081600000, 0x0000000100000000)
  region size 1024K, 4 young (4096K), 4 survivors (4096K)
 Metaspace       used 90725K, committed 91584K, reserved 1179648K
  class space    used 11026K, committed 11456K, reserved 1048576K
}
Event: 2600.871 GC heap before
{Heap before GC invocations=64 (full 7):
 garbage-first heap   total 92160K, used 62922K [0x0000000081600000, 0x0000000100000000)
  region size 1024K, 34 young (34816K), 4 survivors (4096K)
 Metaspace       used 91167K, committed 92096K, reserved 1179648K
  class space    used 11073K, committed 11520K, reserved 1048576K
}
Event: 2600.916 GC heap after
{Heap after GC invocations=65 (full 8):
 garbage-first heap   total 92160K, used 31294K [0x0000000081600000, 0x0000000100000000)
  region size 1024K, 0 young (0K), 0 survivors (0K)
 Metaspace       used 91165K, committed 92096K, reserved 1179648K
  class space    used 11073K, committed 11520K, reserved 1048576K
}
Event: 2601.393 GC heap before
{Heap before GC invocations=65 (full 8):
 garbage-first heap   total 92160K, used 77374K [0x0000000081600000, 0x0000000100000000)
  region size 1024K, 46 young (47104K), 0 survivors (0K)
 Metaspace       used 91317K, committed 92224K, reserved 1179648K
  class space    used 11084K, committed 11520K, reserved 1048576K
}
Event: 2601.398 GC heap after
{Heap after GC invocations=66 (full 8):
 garbage-first heap   total 92160K, used 35041K [0x0000000081600000, 0x0000000100000000)
  region size 1024K, 4 young (4096K), 4 survivors (4096K)
 Metaspace       used 91317K, committed 92224K, reserved 1179648K
  class space    used 11084K, committed 11520K, reserved 1048576K
}
Event: 2633.629 GC heap before
{Heap before GC invocations=67 (full 8):
 garbage-first heap   total 92160K, used 60641K [0x0000000081600000, 0x0000000100000000)
  region size 1024K, 30 young (30720K), 4 survivors (4096K)
 Metaspace       used 91576K, committed 92416K, reserved 1179648K
  class space    used 11093K, committed 11520K, reserved 1048576K
}
Event: 2633.672 GC heap after
{Heap after GC invocations=68 (full 9):
 garbage-first heap   total 92160K, used 30837K [0x0000000081600000, 0x0000000100000000)
  region size 1024K, 0 young (0K), 0 survivors (0K)
 Metaspace       used 91576K, committed 92416K, reserved 1179648K
  class space    used 11093K, committed 11520K, reserved 1048576K
}
Event: 2634.110 GC heap before
{Heap before GC invocations=68 (full 9):
 garbage-first heap   total 92160K, used 77941K [0x0000000081600000, 0x0000000100000000)
  region size 1024K, 47 young (48128K), 0 survivors (0K)
 Metaspace       used 91796K, committed 92672K, reserved 1179648K
  class space    used 11106K, committed 11520K, reserved 1048576K
}
Event: 2634.113 GC heap after
{Heap after GC invocations=69 (full 9):
 garbage-first heap   total 92160K, used 34412K [0x0000000081600000, 0x0000000100000000)
  region size 1024K, 4 young (4096K), 4 survivors (4096K)
 Metaspace       used 91796K, committed 92672K, reserved 1179648K
  class space    used 11106K, committed 11520K, reserved 1048576K
}
Event: 2643.864 GC heap before
{Heap before GC invocations=70 (full 9):
 garbage-first heap   total 92160K, used 54892K [0x0000000081600000, 0x0000000100000000)
  region size 1024K, 25 young (25600K), 4 survivors (4096K)
 Metaspace       used 91921K, committed 92800K, reserved 1179648K
  class space    used 11110K, committed 11520K, reserved 1048576K
}
Event: 2643.904 GC heap after
{Heap after GC invocations=71 (full 10):
 garbage-first heap   total 92160K, used 30964K [0x0000000081600000, 0x0000000100000000)
  region size 1024K, 0 young (0K), 0 survivors (0K)
 Metaspace       used 91919K, committed 92800K, reserved 1179648K
  class space    used 11109K, committed 11520K, reserved 1048576K
}
Event: 2644.331 GC heap before
{Heap before GC invocations=71 (full 10):
 garbage-first heap   total 92160K, used 78068K [0x0000000081600000, 0x0000000100000000)
  region size 1024K, 47 young (48128K), 0 survivors (0K)
 Metaspace       used 92119K, committed 92992K, reserved 1179648K
  class space    used 11122K, committed 11520K, reserved 1048576K
}
Event: 2644.334 GC heap after
{Heap after GC invocations=72 (full 10):
 garbage-first heap   total 92160K, used 34622K [0x0000000081600000, 0x0000000100000000)
  region size 1024K, 4 young (4096K), 4 survivors (4096K)
 Metaspace       used 92119K, committed 92992K, reserved 1179648K
  class space    used 11122K, committed 11520K, reserved 1048576K
}
Event: 2777.792 GC heap before
{Heap before GC invocations=73 (full 10):
 garbage-first heap   total 92160K, used 78654K [0x0000000081600000, 0x0000000100000000)
  region size 1024K, 48 young (49152K), 4 survivors (4096K)
 Metaspace       used 92273K, committed 93120K, reserved 1179648K
  class space    used 11127K, committed 11520K, reserved 1048576K
}
Event: 2777.797 GC heap after
{Heap after GC invocations=74 (full 10):
 garbage-first heap   total 92160K, used 36437K [0x0000000081600000, 0x0000000100000000)
  region size 1024K, 3 young (3072K), 3 survivors (3072K)
 Metaspace       used 92273K, committed 93120K, reserved 1179648K
  class space    used 11127K, committed 11520K, reserved 1048576K
}
Event: 2777.847 GC heap before
{Heap before GC invocations=74 (full 10):
 garbage-first heap   total 92160K, used 37461K [0x0000000081600000, 0x0000000100000000)
  region size 1024K, 5 young (5120K), 3 survivors (3072K)
 Metaspace       used 92305K, committed 93184K, reserved 1179648K
  class space    used 11128K, committed 11520K, reserved 1048576K
}
Event: 2777.897 GC heap after
{Heap after GC invocations=75 (full 11):
 garbage-first heap   total 92160K, used 31698K [0x0000000081600000, 0x0000000100000000)
  region size 1024K, 0 young (0K), 0 survivors (0K)
 Metaspace       used 92294K, committed 93184K, reserved 1179648K
  class space    used 11127K, committed 11520K, reserved 1048576K
}
Event: 2778.367 GC heap before
{Heap before GC invocations=75 (full 11):
 garbage-first heap   total 92160K, used 78802K [0x0000000081600000, 0x0000000100000000)
  region size 1024K, 47 young (48128K), 0 survivors (0K)
 Metaspace       used 92535K, committed 93440K, reserved 1179648K
  class space    used 11139K, committed 11584K, reserved 1048576K
}
Event: 2778.370 GC heap after
{Heap after GC invocations=76 (full 11):
 garbage-first heap   total 92160K, used 35411K [0x0000000081600000, 0x0000000100000000)
  region size 1024K, 4 young (4096K), 4 survivors (4096K)
 Metaspace       used 92535K, committed 93440K, reserved 1179648K
  class space    used 11139K, committed 11584K, reserved 1048576K
}

Dll operation events (13 events):
Event: 0.016 Loaded shared library C:\Program Files\Java\jdk-20\bin\java.dll
Event: 0.033 Loaded shared library C:\Program Files\Java\jdk-20\bin\jsvml.dll
Event: 0.315 Loaded shared library C:\Program Files\Java\jdk-20\bin\zip.dll
Event: 0.318 Loaded shared library C:\Program Files\Java\jdk-20\bin\instrument.dll
Event: 0.322 Loaded shared library C:\Program Files\Java\jdk-20\bin\net.dll
Event: 0.323 Loaded shared library C:\Program Files\Java\jdk-20\bin\nio.dll
Event: 0.325 Loaded shared library C:\Program Files\Java\jdk-20\bin\zip.dll
Event: 0.438 Loaded shared library C:\Program Files\Java\jdk-20\bin\jimage.dll
Event: 0.487 Loaded shared library C:\Program Files\Java\jdk-20\bin\verify.dll
Event: 0.956 Loaded shared library C:\Program Files\Java\jdk-20\bin\management.dll
Event: 0.959 Loaded shared library C:\Program Files\Java\jdk-20\bin\management_ext.dll
Event: 2.144 Loaded shared library C:\Program Files\Java\jdk-20\bin\sunmscapi.dll
Event: 5.507 Loaded shared library C:\Program Files\Java\jdk-20\bin\extnet.dll

Deoptimization events (20 events):
Event: 2778.511 Thread 0x000001891d30d010 Uncommon trap: trap_request=0xffffff97 fr.pc=0x00000188c857ba28 relative=0x0000000000000908
Event: 2778.511 Thread 0x000001891d30d010 Uncommon trap: reason=unhandled action=none pc=0x00000188c857ba28 method=java.lang.Class.getMethod(Ljava/lang/String;[Ljava/lang/Class;)Ljava/lang/reflect/Method; @ 49 c2
Event: 2778.511 Thread 0x000001891d30d010 DEOPT PACKING pc=0x00000188c857ba28 sp=0x00000058191fe580
Event: 2778.511 Thread 0x000001891d30d010 DEOPT UNPACKING pc=0x00000188c7ee9d22 sp=0x00000058191fe508 mode 2
Event: 2778.524 Thread 0x000001891d30d010 DEOPT PACKING pc=0x00000188c15d0a5c sp=0x00000058191fe6a0
Event: 2778.524 Thread 0x000001891d30d010 DEOPT UNPACKING pc=0x00000188c7eea4c2 sp=0x00000058191fdc08 mode 1
Event: 2778.524 Thread 0x000001891d30d010 DEOPT PACKING pc=0x00000188c15d0a5c sp=0x00000058191fe630
Event: 2778.524 Thread 0x000001891d30d010 DEOPT UNPACKING pc=0x00000188c7eea4c2 sp=0x00000058191fdb98 mode 1
Event: 2778.524 Thread 0x000001891d30d010 DEOPT PACKING pc=0x00000188c15d0a5c sp=0x00000058191fe5c0
Event: 2778.524 Thread 0x000001891d30d010 DEOPT UNPACKING pc=0x00000188c7eea4c2 sp=0x00000058191fdb28 mode 1
Event: 2787.440 Thread 0x000001891d310a80 Uncommon trap: trap_request=0xffffff97 fr.pc=0x00000188c8aaa9a0 relative=0x00000000000026e0
Event: 2787.440 Thread 0x000001891d310a80 Uncommon trap: reason=unhandled action=none pc=0x00000188c8aaa9a0 method=java.net.URLClassLoader.findClass(Ljava/lang/String;)Ljava/lang/Class; @ 44 c2
Event: 2787.440 Thread 0x000001891d310a80 DEOPT PACKING pc=0x00000188c8aaa9a0 sp=0x00000058199fc940
Event: 2787.440 Thread 0x000001891d310a80 DEOPT UNPACKING pc=0x00000188c7ee9d22 sp=0x00000058199fc870 mode 2
Event: 2787.441 Thread 0x000001891d310a80 DEOPT PACKING pc=0x00000188c18b7e6c sp=0x00000058199fd090
Event: 2787.441 Thread 0x000001891d310a80 DEOPT UNPACKING pc=0x00000188c7eea4c2 sp=0x00000058199fc5e8 mode 1
Event: 2787.441 Thread 0x000001891d310a80 DEOPT PACKING pc=0x00000188c1987074 sp=0x00000058199fd1a0
Event: 2787.441 Thread 0x000001891d310a80 DEOPT UNPACKING pc=0x00000188c7eea4c2 sp=0x00000058199fc660 mode 1
Event: 2889.946 Thread 0x000001891d310a80 DEOPT PACKING pc=0x00000188c13b759c sp=0x00000058199fd940
Event: 2889.946 Thread 0x000001891d310a80 DEOPT UNPACKING pc=0x00000188c7eea4c2 sp=0x00000058199fcde8 mode 0

Classes loaded (20 events):
Event: 1746.452 Loading class java/io/ObjectInputStream$FieldValues
Event: 1746.452 Loading class java/io/ObjectInputStream$GetField
Event: 1746.452 Loading class java/io/ObjectInputStream$GetField done
Event: 1746.452 Loading class java/io/ObjectInputStream$FieldValues done
Event: 1746.668 Loading class java/lang/Character$UnicodeBlock
Event: 1746.670 Loading class java/lang/Character$Subset
Event: 1746.670 Loading class java/lang/Character$Subset done
Event: 1746.670 Loading class java/lang/Character$UnicodeBlock done
Event: 1746.762 Loading class jdk/internal/loader/BootLoader$PackageHelper
Event: 1746.762 Loading class jdk/internal/loader/BootLoader$PackageHelper done
Event: 2183.319 Loading class java/time/DurationEditor
Event: 2183.319 Loading class java/time/DurationEditor done
Event: 2247.624 Loading class java/lang/invoke/MethodHandleImpl$CountingWrapper$1
Event: 2247.624 Loading class java/lang/invoke/MethodHandleImpl$CountingWrapper$1 done
Event: 2612.280 Loading class java/util/Scanner
Event: 2612.286 Loading class java/util/Scanner done
Event: 2612.287 Loading class java/util/Scanner$PatternLRUCache
Event: 2612.287 Loading class java/util/Scanner$PatternLRUCache done
Event: 2612.290 Loading class java/util/regex/Matcher$ImmutableMatchResult
Event: 2612.290 Loading class java/util/regex/Matcher$ImmutableMatchResult done

Classes unloaded (20 events):
Event: 2310.441 Thread 0x00000188d523fc60 Unloading class 0x00000188d6e41400 'java/lang/invoke/LambdaForm$MH+0x00000188d6e41400'
Event: 2310.441 Thread 0x00000188d523fc60 Unloading class 0x00000188d6e41000 'java/lang/invoke/LambdaForm$MH+0x00000188d6e41000'
Event: 2310.441 Thread 0x00000188d523fc60 Unloading class 0x00000188d6e40800 'java/lang/invoke/LambdaForm$MH+0x00000188d6e40800'
Event: 2310.441 Thread 0x00000188d523fc60 Unloading class 0x00000188d6e40000 'java/lang/invoke/LambdaForm$MH+0x00000188d6e40000'
Event: 2310.441 Thread 0x00000188d523fc60 Unloading class 0x00000188d67e8800 'java/lang/invoke/LambdaForm$MH+0x00000188d67e8800'
Event: 2310.441 Thread 0x00000188d523fc60 Unloading class 0x00000188d67e8000 'java/lang/invoke/LambdaForm$MH+0x00000188d67e8000'
Event: 2310.441 Thread 0x00000188d523fc60 Unloading class 0x00000188d67e3c00 'java/lang/invoke/LambdaForm$MH+0x00000188d67e3c00'
Event: 2310.441 Thread 0x00000188d523fc60 Unloading class 0x00000188d67e3800 'java/lang/invoke/LambdaForm$MH+0x00000188d67e3800'
Event: 2310.441 Thread 0x00000188d523fc60 Unloading class 0x00000188d67e3000 'java/lang/invoke/LambdaForm$MH+0x00000188d67e3000'
Event: 2310.441 Thread 0x00000188d523fc60 Unloading class 0x00000188d67e1800 'java/lang/invoke/LambdaForm$MH+0x00000188d67e1800'
Event: 2310.441 Thread 0x00000188d523fc60 Unloading class 0x00000188d67e0400 'java/lang/invoke/LambdaForm$MH+0x00000188d67e0400'
Event: 2310.441 Thread 0x00000188d523fc60 Unloading class 0x00000188d67e0000 'java/lang/invoke/LambdaForm$MH+0x00000188d67e0000'
Event: 2506.352 Thread 0x00000188d523fc60 Unloading class 0x00000188d66ed000 'org/apache/catalina/loader/JdbcLeakPrevention'
Event: 2548.348 Thread 0x00000188d523fc60 Unloading class 0x00000188d6e8d800 'org/apache/catalina/loader/JdbcLeakPrevention'
Event: 2559.692 Thread 0x00000188d523fc60 Unloading class 0x00000188d641b800 'org/apache/catalina/loader/JdbcLeakPrevention'
Event: 2600.884 Thread 0x00000188d523fc60 Unloading class 0x00000188d6839800 'org/apache/catalina/loader/JdbcLeakPrevention'
Event: 2634.144 Thread 0x00000188d523fc60 Unloading class 0x00000188d675ac00 'org/apache/catalina/loader/JdbcLeakPrevention'
Event: 2643.876 Thread 0x00000188d523fc60 Unloading class 0x00000188d66ea800 'org/apache/catalina/loader/JdbcLeakPrevention'
Event: 2777.862 Thread 0x00000188d523fc60 Unloading class 0x00000188d6404000 'org/apache/jsp/views/success_jsp'
Event: 2777.862 Thread 0x00000188d523fc60 Unloading class 0x00000188d656c400 'org/apache/catalina/loader/JdbcLeakPrevention'

Classes redefined (20 events):
Event: 2773.728 Thread 0x00000188d523fc60 redefined class name=com.bank.BankOfBokaro.controller.MainController, count=9
Event: 2889.980 Thread 0x00000188d523fc60 redefined class name=com.bank.BankOfBokaro.controller.MainController, count=9
Event: 2889.980 Thread 0x00000188d523fc60 redefined class name=com.bank.BankOfBokaro.controller.MainController, count=4
Event: 2889.980 Thread 0x00000188d523fc60 redefined class name=com.bank.BankOfBokaro.controller.MainController, count=2
Event: 2889.980 Thread 0x00000188d523fc60 redefined class name=com.bank.BankOfBokaro.controller.MainController, count=3
Event: 2889.980 Thread 0x00000188d523fc60 redefined class name=com.bank.BankOfBokaro.controller.MainController, count=7
Event: 2889.980 Thread 0x00000188d523fc60 redefined class name=com.bank.BankOfBokaro.controller.MainController, count=1
Event: 2889.980 Thread 0x00000188d523fc60 redefined class name=com.bank.BankOfBokaro.controller.MainController, count=11
Event: 2889.980 Thread 0x00000188d523fc60 redefined class name=com.bank.BankOfBokaro.controller.MainController, count=7
Event: 2889.980 Thread 0x00000188d523fc60 redefined class name=com.bank.BankOfBokaro.controller.MainController, count=8
Event: 2889.980 Thread 0x00000188d523fc60 redefined class name=com.bank.BankOfBokaro.controller.MainController, count=8
Event: 2889.980 Thread 0x00000188d523fc60 redefined class name=com.bank.BankOfBokaro.controller.MainController, count=9
Event: 2889.980 Thread 0x00000188d523fc60 redefined class name=com.bank.BankOfBokaro.controller.MainController, count=10
Event: 2889.980 Thread 0x00000188d523fc60 redefined class name=com.bank.BankOfBokaro.controller.MainController, count=9
Event: 2889.980 Thread 0x00000188d523fc60 redefined class name=com.bank.BankOfBokaro.controller.MainController, count=9
Event: 2889.980 Thread 0x00000188d523fc60 redefined class name=com.bank.BankOfBokaro.controller.MainController, count=11
Event: 2889.980 Thread 0x00000188d523fc60 redefined class name=com.bank.BankOfBokaro.controller.MainController, count=9
Event: 2889.980 Thread 0x00000188d523fc60 redefined class name=com.bank.BankOfBokaro.controller.MainController, count=5
Event: 2889.980 Thread 0x00000188d523fc60 redefined class name=com.bank.BankOfBokaro.controller.MainController, count=6
Event: 2889.980 Thread 0x00000188d523fc60 redefined class name=com.bank.BankOfBokaro.controller.MainController, count=10

Internal exceptions (20 events):
Event: 2644.142 Thread 0x000001891eddf2a0 Exception <a 'java/lang/NoClassDefFoundError'{0x0000000085ba0130}: org/quartz/Scheduler> (0x0000000085ba0130) 
thrown [s\open\src\hotspot\share\oops\constantPool.cpp, line 848]
Event: 2644.143 Thread 0x000001891eddf2a0 Exception <a 'java/lang/NoClassDefFoundError'{0x0000000085ba07b0}: org/springframework/session/jdbc/JdbcIndexedSessionRepository> (0x0000000085ba07b0) 
thrown [s\open\src\hotspot\share\oops\constantPool.cpp, line 848]
Event: 2644.184 Thread 0x000001891eddf2a0 Exception <a 'java/io/FileNotFoundException'{0x000000008543d8d8}> (0x000000008543d8d8) 
thrown [s\open\src\hotspot\share\prims\jni.cpp, line 519]
Event: 2644.350 Thread 0x000001891eddf2a0 Implicit null exception at 0x00000188c8c937c1 to 0x00000188c8c93845
Event: 2777.836 Thread 0x000001891d30eff0 Exception <a 'java/io/IOException'{0x00000000895b5058}> (0x00000000895b5058) 
thrown [s\open\src\hotspot\share\prims\jni.cpp, line 519]
Event: 2777.836 Thread 0x000001891d30eff0 Exception <a 'java/io/IOException'{0x00000000895b56a8}> (0x00000000895b56a8) 
thrown [s\open\src\hotspot\share\prims\jni.cpp, line 519]
Event: 2777.837 Thread 0x000001891d30eff0 Exception <a 'java/io/IOException'{0x00000000895b80a0}> (0x00000000895b80a0) 
thrown [s\open\src\hotspot\share\prims\jni.cpp, line 519]
Event: 2777.838 Thread 0x000001891d30eff0 Exception <a 'java/io/IOException'{0x00000000895b98b8}> (0x00000000895b98b8) 
thrown [s\open\src\hotspot\share\prims\jni.cpp, line 519]
Event: 2777.839 Thread 0x000001891d30eff0 Exception <a 'java/io/IOException'{0x00000000895bc2c0}> (0x00000000895bc2c0) 
thrown [s\open\src\hotspot\share\prims\jni.cpp, line 519]
Event: 2777.840 Thread 0x000001891d30eff0 Exception <a 'java/io/IOException'{0x00000000895becc8}> (0x00000000895becc8) 
thrown [s\open\src\hotspot\share\prims\jni.cpp, line 519]
Event: 2777.846 Thread 0x000001891ede1280 Exception <a 'java/lang/InterruptedException'{0x00000000895e9190}: sleep interrupted> (0x00000000895e9190) 
thrown [s\open\src\hotspot\share\prims\jvm.cpp, line 3086]
Event: 2777.917 Thread 0x000001891d30d010 Exception <a 'sun/nio/fs/WindowsException'{0x00000000fff659c0}> (0x00000000fff659c0) 
thrown [s\open\src\hotspot\share\prims\jni.cpp, line 519]
Event: 2778.156 Thread 0x000001891d30d010 Exception <a 'java/lang/NoClassDefFoundError'{0x0000000085b267a0}: org/flywaydb/core/Flyway> (0x0000000085b267a0) 
thrown [s\open\src\hotspot\share\oops\constantPool.cpp, line 848]
Event: 2778.158 Thread 0x000001891d30d010 Exception <a 'java/lang/NoClassDefFoundError'{0x0000000085b26e00}: liquibase/integration/spring/SpringLiquibase> (0x0000000085b26e00) 
thrown [s\open\src\hotspot\share\oops\constantPool.cpp, line 848]
Event: 2778.161 Thread 0x000001891d30d010 Exception <a 'java/lang/NoClassDefFoundError'{0x0000000085b7b3d8}: org/jooq/DSLContext> (0x0000000085b7b3d8) 
thrown [s\open\src\hotspot\share\oops\constantPool.cpp, line 848]
Event: 2778.163 Thread 0x000001891d30d010 Exception <a 'java/lang/NoClassDefFoundError'{0x0000000085b85d18}: org/springframework/batch/core/repository/JobRepository> (0x0000000085b85d18) 
thrown [s\open\src\hotspot\share\oops\constantPool.cpp, line 848]
Event: 2778.164 Thread 0x000001891d30d010 Exception <a 'java/lang/NoClassDefFoundError'{0x0000000085b86370}: org/quartz/Scheduler> (0x0000000085b86370) 
thrown [s\open\src\hotspot\share\oops\constantPool.cpp, line 848]
Event: 2778.165 Thread 0x000001891d30d010 Exception <a 'java/lang/NoClassDefFoundError'{0x0000000085b869f0}: org/springframework/session/jdbc/JdbcIndexedSessionRepository> (0x0000000085b869f0) 
thrown [s\open\src\hotspot\share\oops\constantPool.cpp, line 848]
Event: 2778.211 Thread 0x000001891d30d010 Exception <a 'java/io/FileNotFoundException'{0x000000008541e2f8}> (0x000000008541e2f8) 
thrown [s\open\src\hotspot\share\prims\jni.cpp, line 519]
Event: 2778.276 Thread 0x000001891d30d010 Implicit null exception at 0x00000188c8c77445 to 0x00000188c8c77d18

VM Operations (20 events):
Event: 2890.265 Executing VM operation: ChangeBreakpoints
Event: 2890.268 Executing VM operation: ChangeBreakpoints done
Event: 2890.270 Executing VM operation: ChangeBreakpoints
Event: 2890.273 Executing VM operation: ChangeBreakpoints done
Event: 2890.275 Executing VM operation: ChangeBreakpoints
Event: 2890.277 Executing VM operation: ChangeBreakpoints done
Event: 2890.279 Executing VM operation: ChangeBreakpoints
Event: 2890.281 Executing VM operation: ChangeBreakpoints done
Event: 2890.284 Executing VM operation: ChangeBreakpoints
Event: 2890.287 Executing VM operation: ChangeBreakpoints done
Event: 2890.289 Executing VM operation: ChangeBreakpoints
Event: 2890.292 Executing VM operation: ChangeBreakpoints done
Event: 2890.293 Executing VM operation: ChangeBreakpoints
Event: 2890.295 Executing VM operation: ChangeBreakpoints done
Event: 2890.297 Executing VM operation: ChangeBreakpoints
Event: 2890.299 Executing VM operation: ChangeBreakpoints done
Event: 2890.300 Executing VM operation: ChangeBreakpoints
Event: 2890.302 Executing VM operation: ChangeBreakpoints done
Event: 2890.305 Executing VM operation: ChangeSingleStep
Event: 2890.305 Executing VM operation: ChangeSingleStep done

Events (20 events):
Event: 2778.417 Thread 0x00000188d523fc60 flushing nmethod 0x00000188c8af8d10
Event: 2778.417 Thread 0x00000188d523fc60 flushing nmethod 0x00000188c8805f10
Event: 2778.508 Thread 0x000001891d312fb0 Thread added: 0x000001891d312fb0
Event: 2778.515 Thread 0x000001891d310a80 Thread added: 0x000001891d310a80
Event: 2778.515 Thread 0x000001891d310fd0 Thread added: 0x000001891d310fd0
Event: 2778.515 Thread 0x000001891d312510 Thread added: 0x000001891d312510
Event: 2778.515 Thread 0x000001891d313500 Thread added: 0x000001891d313500
Event: 2778.515 Thread 0x000001891d3144f0 Thread added: 0x000001891d3144f0
Event: 2778.515 Thread 0x000001891ede1280 Thread added: 0x000001891ede1280
Event: 2778.515 Thread 0x000001891edddd60 Thread added: 0x000001891edddd60
Event: 2778.516 Thread 0x000001891eddf2a0 Thread added: 0x000001891eddf2a0
Event: 2778.516 Thread 0x000001891edde800 Thread added: 0x000001891edde800
Event: 2778.516 Thread 0x000001891edded50 Thread added: 0x000001891edded50
Event: 2778.518 Thread 0x000001891eddf7f0 Thread added: 0x000001891eddf7f0
Event: 2778.519 Thread 0x000001891e2c11a0 Thread added: 0x000001891e2c11a0
Event: 2778.526 Thread 0x000001891d30d010 Thread exited: 0x000001891d30d010
Event: 2778.526 Thread 0x000001891d30fa90 Thread exited: 0x000001891d30fa90
Event: 2783.647 Thread 0x0000018920d59a60 Thread exited: 0x0000018920d59a60
Event: 2783.647 Thread 0x0000018920d594d0 Thread exited: 0x0000018920d594d0
Event: 2783.693 Thread 0x000001891d313a50 Thread exited: 0x000001891d313a50


Dynamic libraries:
0x00007ff7afeb0000 - 0x00007ff7afec0000 	C:\Program Files\Java\jdk-20\bin\javaw.exe
0x00007ff87cf90000 - 0x00007ff87d188000 	C:\WINDOWS\SYSTEM32\ntdll.dll
0x00007ff87c730000 - 0x00007ff87c7ed000 	C:\WINDOWS\System32\KERNEL32.DLL
0x00007ff87a7b0000 - 0x00007ff87aaa6000 	C:\WINDOWS\System32\KERNELBASE.dll
0x00007ff87ad20000 - 0x00007ff87ae20000 	C:\WINDOWS\System32\ucrtbase.dll
0x00007ff866520000 - 0x00007ff866539000 	C:\Program Files\Java\jdk-20\bin\jli.dll
0x00007ff866080000 - 0x00007ff86609b000 	C:\Program Files\Java\jdk-20\bin\VCRUNTIME140.dll
0x00007ff87c250000 - 0x00007ff87c300000 	C:\WINDOWS\System32\ADVAPI32.dll
0x00007ff87c870000 - 0x00007ff87c90e000 	C:\WINDOWS\System32\msvcrt.dll
0x00007ff87ceb0000 - 0x00007ff87cf50000 	C:\WINDOWS\System32\sechost.dll
0x00007ff87c120000 - 0x00007ff87c243000 	C:\WINDOWS\System32\RPCRT4.dll
0x00007ff87ae20000 - 0x00007ff87ae47000 	C:\WINDOWS\System32\bcrypt.dll
0x00007ff87bd90000 - 0x00007ff87bf2f000 	C:\WINDOWS\System32\USER32.dll
0x00007ff87af00000 - 0x00007ff87af22000 	C:\WINDOWS\System32\win32u.dll
0x00007ff8699b0000 - 0x00007ff869c4a000 	C:\WINDOWS\WinSxS\amd64_microsoft.windows.common-controls_6595b64144ccf1df_6.0.19041.3636_none_60b6a03d71f818d5\COMCTL32.dll
0x00007ff87c800000 - 0x00007ff87c82b000 	C:\WINDOWS\System32\GDI32.dll
0x00007ff87a690000 - 0x00007ff87a7a7000 	C:\WINDOWS\System32\gdi32full.dll
0x00007ff87ac10000 - 0x00007ff87acad000 	C:\WINDOWS\System32\msvcp_win.dll
0x00007ff8718b0000 - 0x00007ff8718ba000 	C:\WINDOWS\SYSTEM32\VERSION.dll
0x00007ff87c830000 - 0x00007ff87c862000 	C:\WINDOWS\System32\IMM32.DLL
0x00007ff873d10000 - 0x00007ff873d1c000 	C:\Program Files\Java\jdk-20\bin\vcruntime140_1.dll
0x00007ff850400000 - 0x00007ff85048e000 	C:\Program Files\Java\jdk-20\bin\msvcp140.dll
0x00007ff838f70000 - 0x00007ff839c08000 	C:\Program Files\Java\jdk-20\bin\server\jvm.dll
0x00007ff8755a0000 - 0x00007ff8755a9000 	C:\WINDOWS\SYSTEM32\WSOCK32.dll
0x00007ff8541f0000 - 0x00007ff854217000 	C:\WINDOWS\SYSTEM32\WINMM.dll
0x00007ff87c300000 - 0x00007ff87c36b000 	C:\WINDOWS\System32\WS2_32.dll
0x00007ff8784d0000 - 0x00007ff8784e2000 	C:\WINDOWS\SYSTEM32\kernel.appcore.dll
0x00007ff8754d0000 - 0x00007ff8754da000 	C:\Program Files\Java\jdk-20\bin\jimage.dll
0x00007ff871ae0000 - 0x00007ff871cc4000 	C:\WINDOWS\SYSTEM32\DBGHELP.DLL
0x00007ff871cf0000 - 0x00007ff871d24000 	C:\WINDOWS\SYSTEM32\dbgcore.DLL
0x00007ff87af30000 - 0x00007ff87afb2000 	C:\WINDOWS\System32\bcryptPrimitives.dll
0x00007ff8660a0000 - 0x00007ff8660dc000 	C:\Program Files\Java\jdk-20\bin\jdwp.dll
0x00007ff875530000 - 0x00007ff87553e000 	C:\Program Files\Java\jdk-20\bin\instrument.dll
0x00007ff870fd0000 - 0x00007ff870ff6000 	C:\Program Files\Java\jdk-20\bin\java.dll
0x00007ff85b490000 - 0x00007ff85b567000 	C:\Program Files\Java\jdk-20\bin\jsvml.dll
0x00007ff87b4f0000 - 0x00007ff87bc5b000 	C:\WINDOWS\System32\SHELL32.dll
0x00007ff8786d0000 - 0x00007ff878e6e000 	C:\WINDOWS\SYSTEM32\windows.storage.dll
0x00007ff87c910000 - 0x00007ff87cc63000 	C:\WINDOWS\System32\combase.dll
0x00007ff87a070000 - 0x00007ff87a09e000 	C:\WINDOWS\SYSTEM32\Wldp.dll
0x00007ff87c530000 - 0x00007ff87c5fd000 	C:\WINDOWS\System32\OLEAUT32.dll
0x00007ff87bf30000 - 0x00007ff87bfdd000 	C:\WINDOWS\System32\SHCORE.dll
0x00007ff87afc0000 - 0x00007ff87b015000 	C:\WINDOWS\System32\shlwapi.dll
0x00007ff87a570000 - 0x00007ff87a593000 	C:\WINDOWS\SYSTEM32\profapi.dll
0x00007ff871360000 - 0x00007ff87136c000 	C:\Program Files\Java\jdk-20\bin\dt_socket.dll
0x00007ff879a40000 - 0x00007ff879a7b000 	C:\WINDOWS\SYSTEM32\IPHLPAPI.DLL
0x00007ff879dd0000 - 0x00007ff879e3a000 	C:\WINDOWS\system32\mswsock.dll
0x00007ff879a80000 - 0x00007ff879b4b000 	C:\WINDOWS\SYSTEM32\DNSAPI.dll
0x00007ff87bc60000 - 0x00007ff87bc68000 	C:\WINDOWS\System32\NSI.dll
0x00007ff8734a0000 - 0x00007ff8734aa000 	C:\Windows\System32\rasadhlp.dll
0x00007ff870010000 - 0x00007ff870090000 	C:\WINDOWS\System32\fwpuclnt.dll
0x00007ff86b3a0000 - 0x00007ff86b3b8000 	C:\Program Files\Java\jdk-20\bin\zip.dll
0x00007ff86e9a0000 - 0x00007ff86e9b3000 	C:\Program Files\Java\jdk-20\bin\net.dll
0x00007ff8737b0000 - 0x00007ff8738ba000 	C:\WINDOWS\SYSTEM32\WINHTTP.dll
0x00007ff86c4a0000 - 0x00007ff86c4b6000 	C:\Program Files\Java\jdk-20\bin\nio.dll
0x00007ff875060000 - 0x00007ff875070000 	C:\Program Files\Java\jdk-20\bin\verify.dll
0x00007ff872be0000 - 0x00007ff872bea000 	C:\Program Files\Java\jdk-20\bin\management.dll
0x00007ff8723f0000 - 0x00007ff8723fb000 	C:\Program Files\Java\jdk-20\bin\management_ext.dll
0x00007ff87c7f0000 - 0x00007ff87c7f8000 	C:\WINDOWS\System32\PSAPI.DLL
0x00007ff8744f0000 - 0x00007ff8744fe000 	C:\Program Files\Java\jdk-20\bin\sunmscapi.dll
0x00007ff87aab0000 - 0x00007ff87ac0e000 	C:\WINDOWS\System32\CRYPT32.dll
0x00007ff87a0e0000 - 0x00007ff87a108000 	C:\WINDOWS\SYSTEM32\ncrypt.dll
0x00007ff87a0a0000 - 0x00007ff87a0db000 	C:\WINDOWS\SYSTEM32\NTASN1.dll
0x00007ff879fc0000 - 0x00007ff879fd8000 	C:\WINDOWS\SYSTEM32\CRYPTSP.dll
0x00007ff879620000 - 0x00007ff879654000 	C:\WINDOWS\system32\rsaenh.dll
0x00007ff87a530000 - 0x00007ff87a55e000 	C:\WINDOWS\SYSTEM32\USERENV.dll
0x00007ff879fe0000 - 0x00007ff879fec000 	C:\WINDOWS\SYSTEM32\CRYPTBASE.dll
0x00007ff8735d0000 - 0x00007ff8735e7000 	C:\WINDOWS\SYSTEM32\dhcpcsvc6.DLL
0x00007ff873af0000 - 0x00007ff873b0d000 	C:\WINDOWS\SYSTEM32\dhcpcsvc.DLL
0x00007ff875070000 - 0x00007ff875077000 	C:\Program Files\Java\jdk-20\bin\extnet.dll
0x00007ff8706f0000 - 0x00007ff8706f7000 	C:\WINDOWS\system32\wshunix.dll

dbghelp: loaded successfully - version: 4.0.5 - missing functions: none
symbol engine: initialized successfully - sym options: 0x614 - pdb path: .;C:\Program Files\Java\jdk-20\bin;C:\WINDOWS\SYSTEM32;C:\WINDOWS\WinSxS\amd64_microsoft.windows.common-controls_6595b64144ccf1df_6.0.19041.3636_none_60b6a03d71f818d5;C:\Program Files\Java\jdk-20\bin\server

VM Arguments:
jvm_args: -XX:+ShowCodeDetailsInExceptionMessages -agentlib:jdwp=transport=dt_socket,suspend=y,address=localhost:52991 -javaagent:C:\Users\Lenovo\eclipse\jee-2023-06\eclipse\configuration\org.eclipse.osgi\430\0\.cp\lib\javaagent-shaded.jar -Dfile.encoding=UTF-8 
java_command: com.bank.BankOfBokaro.BankOfBokaroApplication
java_class_path (initial): C:\Users\Lenovo\Downloads\BankOfBokaro\BankOfBokaro\target\classes;C:\Users\Lenovo\.m2\repository\org\springframework\boot\spring-boot-starter-data-jpa\3.2.4\spring-boot-starter-data-jpa-3.2.4.jar;C:\Users\Lenovo\.m2\repository\org\springframework\boot\spring-boot-starter-aop\3.2.4\spring-boot-starter-aop-3.2.4.jar;C:\Users\Lenovo\.m2\repository\org\springframework\spring-aop\6.1.5\spring-aop-6.1.5.jar;C:\Users\Lenovo\.m2\repository\org\aspectj\aspectjweaver\1.9.21\aspectjweaver-1.9.21.jar;C:\Users\Lenovo\.m2\repository\org\springframework\boot\spring-boot-starter-jdbc\3.2.4\spring-boot-starter-jdbc-3.2.4.jar;C:\Users\Lenovo\.m2\repository\com\zaxxer\HikariCP\5.0.1\HikariCP-5.0.1.jar;C:\Users\Lenovo\.m2\repository\org\springframework\spring-jdbc\6.1.5\spring-jdbc-6.1.5.jar;C:\Users\Lenovo\.m2\repository\org\hibernate\orm\hibernate-core\6.4.4.Final\hibernate-core-6.4.4.Final.jar;C:\Users\Lenovo\.m2\repository\jakarta\persistence\jakarta.persistence-api\3.1.0\jakarta.persistence-api-3.1.0.jar;C:\Users\Lenovo\.m2\repository\jakarta\transaction\jakarta.transaction-api\2.0.1\jakarta.transaction-api-2.0.1.jar;C:\Users\Lenovo\.m2\repository\org\jboss\logging\jboss-logging\3.5.3.Final\jboss-logging-3.5.3.Final.jar;C:\Users\Lenovo\.m2\repository\org\hibernate\common\hibernate-commons-annotations\6.0.6.Final\hibernate-commons-annotations-6.0.6.Final.jar;C:\Users\Lenovo\.m2\repository\io\smallrye\jandex\3.1.2\jandex-3.1.2.jar;C:\Users\Lenovo\.m2\repository\com\fasterxml\classmate\1.6.0\classmate-1.6.0.jar;C:\Users\Lenovo\.m2\repository\net\bytebuddy\byte-buddy\1.14.12\byte-buddy-1.14.12.jar;C:\Users\Lenovo\.m2\repository\org\glassfish\jaxb\jaxb-runtime\4.0.5\jaxb-runtime-4.0.5.jar;C:\Users\Lenovo\.m2\repository\org\glassfish\jaxb\jaxb-core\4.0.5\jaxb-core-4.0.5.jar;C:\Users\Lenovo\.m2\repository\org\eclipse\angus\angus-activation\2.0.2\angus-activation-2.0.2.jar;C:\Users\Lenovo\.m2\repository\org\glassfish\jaxb\txw2\4.0.5\txw2-4.0.5.jar;C:\Users\Lenovo\.m2\repository\com\sun\istack\istack-commons-runtime\4.1.2\istack-commons-runtime-4.1.2.jar;C:\Users\Lenovo\.m2\repository\jakarta\inject\jakarta.inject-api\2.0.1\jakarta.inject-api-2.0.1.jar;C:\Users\Lenovo\.m2\repository\org\antlr\antlr4-runtime\4.13.0\antlr4-runtime-4.13.0.jar;C:\Users\Lenovo\.m2\repository\org\springframework\data\spring-data-jpa\3.2.4\spring-data-jpa-3.2.4.jar;C:\Users\Lenovo\.m2\repository\org\springframework\data\spring-data-commons\3.2.4\spring-data-commons-3.2.4.jar;C:\Users\Lenovo\.m2\repository\org\springframework\spring-orm\6.1.5\spring-orm-6.1.5.jar;C:\Users\Lenovo\.m2\repository\org\springframework\spring-context\6.1.5\spring-context-6.1.5.jar;C:\Users\Lenovo\.m2\repository\org\springframework\spring-tx\6.1.5\spring-tx-6.1.5.jar;C:\Users\Lenovo\.m2\repository\org\springframework\spring-beans\6.1.5\spring-beans-6.1.5.jar;C:\Users\Lenovo\.m2\repository\jakarta\annotation\jakarta.annotation-api\2.1.1\jakarta.annotation-api-2.1.1.jar;C:\Users\Lenovo\.m2\repository\org\slf4j\slf4j-api\2.0.12\slf4j-api-2.0.12.jar;C:\Users\Lenovo\.m2\repository\org\springframework\spring-aspects\6.1.5\spring-aspects-6.1.5.jar;C:\Users\Lenovo\.m2\repository\org\springframework\boot\spring-boot-starter-web\3.2.4\spring-boot-starter-web-3.2.4.jar;C:\Users\Lenovo\.m2\repository\org\springframework\boot\spring-boot-starter\3.2.4\spring-boot-starter-3.2.4.jar;C:\Users\Lenovo\.m2\repository\org\springframework\boot\spring-boot-starter-logging\3.2.4\spring-boot-starter-logging-3.2.4.jar;C:\Users\Lenovo\.m2\repository\ch\qos\logback\logback-classic\1.4.14\logback-classic-1.4.14.jar;C:\Users\Lenovo\.m2\repository\ch\qos\logback\logback-core\1.4.14\logback-core-1.4.14.jar;C:\Users\Lenovo\.m2\repository\org\apache\logging\log4j\log4j-to-slf4j\2.21.1\log4j-to-slf4j-2.21.1.jar;C:\Users\Lenovo\.m2\repository\org\apache\logging\log4j\log4j-api\2.21.1\log4j-api-2.21.1.jar;C:\Users\Lenovo\.m2\repository\org\slf4j\jul-to-slf4j\2.0.12\jul-to-slf4j-2.0.12.jar;C:\Users\Lenovo\.m2\repository\org\yaml\snakeyaml\2.2\snakeyaml-2.2.jar;C:\Users\Lenovo\.m2\repository\org\springframework\boot\spring-boot-starter-json\3.2.4\spring-boot-starter-json-3.2.4.jar;C:\Users\Lenovo\.m2\repository\com\fasterxml\jackson\core\jackson-databind\2.15.4\jackson-databind-2.15.4.jar;C:\Users\Lenovo\.m2\repository\com\fasterxml\jackson\core\jackson-annotations\2.15.4\jackson-annotations-2.15.4.jar;C:\Users\Lenovo\.m2\repository\com\fasterxml\jackson\core\jackson-core\2.15.4\jackson-core-2.15.4.jar;C:\Users\Lenovo\.m2\repository\com\fasterxml\jackson\datatype\jackson-datatype-jdk8\2.15.4\jackson-datatype-jdk8-2.15.4.jar;C:\Users\Lenovo\.m2\repository\com\fasterxml\jackson\datatype\jackson-datatype-jsr310\2.15.4\jackson-datatype-jsr310-2.15.4.jar;C:\Users\Lenovo\.m2\repository\com\fasterxml\jackson\module\jackson-module-parameter-names\2.15.4\jackson-module-parameter-names-2.15.4.jar;C:\Users\Lenovo\.m2\repository\org\springframework\boot\spring-boot-starter-tomcat\3.2.4\spring-boot-starter-tomcat-3.2.4.jar;C:\Users\Lenovo\.m2\repository\org\apache\tomcat\embed\tomcat-embed-websocket\10.1.19\tomcat-embed-websocket-10.1.19.jar;C:\Users\Lenovo\.m2\repository\org\springframework\spring-web\6.1.5\spring-web-6.1.5.jar;C:\Users\Lenovo\.m2\repository\io\micrometer\micrometer-observation\1.12.4\micrometer-observation-1.12.4.jar;C:\Users\Lenovo\.m2\repository\io\micrometer\micrometer-commons\1.12.4\micrometer-commons-1.12.4.jar;C:\Users\Lenovo\.m2\repository\org\springframework\spring-webmvc\6.1.5\spring-webmvc-6.1.5.jar;C:\Users\Lenovo\.m2\repository\org\springframework\spring-expression\6.1.5\spring-expression-6.1.5.jar;C:\Users\Lenovo\.m2\repository\org\springframework\boot\spring-boot-devtools\3.2.4\spring-boot-devtools-3.2.4.jar;C:\Users\Lenovo\.m2\repository\org\springframework\boot\spring-boot\3.2.4\spring-boot-3.2.4.jar;C:\Users\Lenovo\.m2\repository\org\springframework\boot\spring-boot-autoconfigure\3.2.4\spring-boot-autoconfigure-3.2.4.jar;C:\Users\Lenovo\.m2\repository\com\mysql\mysql-connector-j\8.3.0\mysql-connector-j-8.3.0.jar;C:\Users\Lenovo\.m2\repository\jakarta\xml\bind\jakarta.xml.bind-api\4.0.2\jakarta.xml.bind-api-4.0.2.jar;C:\Users\Lenovo\.m2\repository\jakarta\activation\jakarta.activation-api\2.1.3\jakarta.activation-api-2.1.3.jar;C:\Users\Lenovo\.m2\repository\org\springframework\spring-core\6.1.5\spring-core-6.1.5.jar;C:\Users\Lenovo\.m2\repository\org\springframework\spring-jcl\6.1.5\spring-jcl-6.1.5.jar;C:\Users\Lenovo\.m2\repository\org\apache\tomcat\embed\tomcat-embed-jasper\10.1.19\tomcat-embed-jasper-10.1.19.jar;C:\Users\Lenovo\.m2\repository\org\apache\tomcat\embed\tomcat-embed-core\10.1.19\tomcat-embed-core-10.1.19.jar;C:\Users\Lenovo\.m2\repository\org\apache\tomcat\tomcat-annotations-api\10.1.19\tomcat-annotations-api-10.1.19.jar;C:\Users\Lenovo\.m2\repository\org\apache\tomcat\embed\tomcat-embed-el\10.1.19\tomcat-embed-el-10.1.19.jar;C:\Users\Lenovo\.m2\repository\org\eclipse\jdt\ecj\3.33.0\ecj-3.33.0.jar;C:\Users\Lenovo\.m2\repository\org\modelmapper\modelmapper\3.1.1\modelmapper-3.1.1.jar
Launcher Type: SUN_STANDARD

[Global flags]
     intx CICompilerCount                          = 4                                         {product} {ergonomic}
     uint ConcGCThreads                            = 2                                         {product} {ergonomic}
     uint G1ConcRefinementThreads                  = 8                                         {product} {ergonomic}
   size_t G1HeapRegionSize                         = 1048576                                   {product} {ergonomic}
    uintx GCDrainStackTargetSize                   = 64                                        {product} {ergonomic}
   size_t InitialHeapSize                          = 134217728                                 {product} {ergonomic}
   size_t MarkStackSize                            = 4194304                                   {product} {ergonomic}
   size_t MaxHeapSize                              = 2124414976                                {product} {ergonomic}
   size_t MaxNewSize                               = 1274019840                                {product} {ergonomic}
   size_t MinHeapDeltaBytes                        = 1048576                                   {product} {ergonomic}
   size_t MinHeapSize                              = 8388608                                   {product} {ergonomic}
    uintx NonNMethodCodeHeapSize                   = 5839372                                {pd product} {ergonomic}
    uintx NonProfiledCodeHeapSize                  = 122909434                              {pd product} {ergonomic}
    uintx ProfiledCodeHeapSize                     = 122909434                              {pd product} {ergonomic}
    uintx ReservedCodeCacheSize                    = 251658240                              {pd product} {ergonomic}
     bool SegmentedCodeCache                       = true                                      {product} {ergonomic}
     bool ShowCodeDetailsInExceptionMessages       = true                                   {manageable} {command line}
   size_t SoftMaxHeapSize                          = 2124414976                             {manageable} {ergonomic}
     bool UseCompressedClassPointers               = true                           {product lp64_product} {ergonomic}
     bool UseCompressedOops                        = true                           {product lp64_product} {ergonomic}
     bool UseG1GC                                  = true                                      {product} {ergonomic}
     bool UseLargePagesIndividualAllocation        = false                                  {pd product} {ergonomic}

Logging:
Log output configuration:
 #0: stdout all=warning uptime,level,tags foldmultilines=false
 #1: stderr all=off uptime,level,tags foldmultilines=false

Environment Variables:
JAVA_HOME=C:\Program Files\Java\jdk-20
PATH=C:/Program Files/Java/jdk-20/bin/server;C:/Program Files/Java/jdk-20/bin;C:\Program Files\Common Files\Oracle\Java\javapath;C:\WINDOWS\system32;C:\WINDOWS;C:\WINDOWS\System32\Wbem;C:\WINDOWS\System32\WindowsPowerShell\v1.0\;C:\WINDOWS\System32\OpenSSH\;C:\Program Files\MySQL\MySQL Server 8.0\bin;C:\Program Files\Git\cmd;C:\Program Files\MySQL\MySQL Shell 8.0\bin\;C:\Users\Lenovo\AppData\Local\Microsoft\WindowsApps;;C:\WINDOWS\System32;
USERNAME=Lenovo
OS=Windows_NT
PROCESSOR_IDENTIFIER=Intel64 Family 6 Model 142 Stepping 10, GenuineIntel
TMP=C:\Users\Lenovo\AppData\Local\Temp
TEMP=C:\Users\Lenovo\AppData\Local\Temp




---------------  S Y S T E M  ---------------

OS:
 Windows 10 , 64 bit Build 19041 (10.0.19041.3636)
OS uptime: 4 days 21:23 hours

CPU: total 8 (initial active 8) (4 cores per cpu, 2 threads per core) family 6 model 142 stepping 10 microcode 0xb4, cx8, cmov, fxsr, ht, mmx, 3dnowpref, sse, sse2, sse3, ssse3, sse4.1, sse4.2, popcnt, lzcnt, tsc, tscinvbit, avx, avx2, aes, erms, clmul, bmi1, bmi2, adx, fma, vzeroupper, clflush, clflushopt, rdtscp, f16c

Memory: 4k page, system-wide physical 8101M (1208M free)
TotalPageFile size 12965M (AvailPageFile size 3925M)
current process WorkingSet (physical memory assigned to process): 370M, peak: 378M
current process commit charge ("private bytes"): 407M, peak: 424M

vm_info: Java HotSpot(TM) 64-Bit Server VM (20.0.2+9-78) for windows-amd64 JRE (20.0.2+9-78), built on 2023-06-14T10:08:48Z by "mach5one" with MS VC++ 17.1 (VS2022)

END.
