#
# A fatal error has been detected by the Java Runtime Environment:
#
#  EXCEPTION_ACCESS_VIOLATION (0xc0000005) at pc=0x00007fffd4e6d05e, pid=11160, tid=5156
#
# JRE version: Java(TM) SE Runtime Environment (20.0.2+9) (build 20.0.2+9-78)
# Java VM: Java HotSpot(TM) 64-Bit Server VM (20.0.2+9-78, mixed mode, sharing, tiered, compressed oops, compressed class ptrs, g1 gc, windows-amd64)
# Problematic frame:
# V  [jvm.dll+0x31d05e]
#
# No core dump will be written. Minidumps are not enabled by default on client versions of Windows
#
# If you would like to submit a bug report, please visit:
#   https://bugreport.java.com/bugreport/crash.jsp
#

---------------  S U M M A R Y ------------

Command Line: -XX:+ShowCodeDetailsInExceptionMessages -agentlib:jdwp=transport=dt_socket,suspend=y,address=localhost:49883 -javaagent:C:\Users\Lenovo\eclipse\jee-2023-06\eclipse\configuration\org.eclipse.osgi\430\0\.cp\lib\javaagent-shaded.jar -Dfile.encoding=UTF-8 com.bank.BankOfBokaro.BankOfBokaroApplication

Host: Intel(R) Core(TM) i5-8250U CPU @ 1.60GHz, 8 cores, 7G,  Windows 10 , 64 bit Build 19041 (10.0.19041.3636)
Time: Wed May  8 00:24:50 2024 India Standard Time elapsed time: 2400.613516 seconds (0d 0h 40m 0s)

---------------  T H R E A D  ---------------

Current thread (0x000002d374c2ecd0):  WorkerThread "GC Thread#6" [stack: 0x000000fd08c00000,0x000000fd08d00000] [id=5156]

Stack: [0x000000fd08c00000,0x000000fd08d00000],  sp=0x000000fd08cfe540,  free space=1017k
Native frames: (J=compiled Java code, j=interpreted, Vv=VM code, C=native code)
V  [jvm.dll+0x31d05e]
V  [jvm.dll+0x3451da]
V  [jvm.dll+0x345102]
V  [jvm.dll+0x317b7d]
V  [jvm.dll+0x3175bd]
V  [jvm.dll+0x3f1ef5]
V  [jvm.dll+0x7f5ff6]
V  [jvm.dll+0x7ffb81]
V  [jvm.dll+0x36cd8a]
V  [jvm.dll+0x36ce44]
V  [jvm.dll+0x3494b3]
V  [jvm.dll+0x876b17]
V  [jvm.dll+0x7f5c76]
V  [jvm.dll+0x6baecb]
C  [ucrtbase.dll+0x21bb2]
C  [KERNEL32.DLL+0x17344]
C  [ntdll.dll+0x526b1]

JavaThread 0x000002d376e16510 (nid = 17424) was being processed
Java frames: (J=compiled Java code, j=interpreted, Vv=VM code)
j  java.lang.invoke.LambdaForm$DMH+0x000002d330149800.invokeVirtual(Ljava/lang/Object;Ljava/lang/Object;Ljava/lang/Object;)Ljava/lang/Object;+11 java.base@20.0.2
j  java.lang.invoke.LambdaForm$MH+0x000002d33035a000.invoke(Ljava/lang/Object;Ljava/lang/Object;Ljava/lang/Object;)Ljava/lang/Object;+52 java.base@20.0.2
J 6294 c2 java.lang.reflect.Method.invoke(Ljava/lang/Object;[Ljava/lang/Object;)Ljava/lang/Object; java.base@20.0.2 (108 bytes) @ 0x000002d3223de768 [0x000002d3223de460+0x0000000000000308]
j  org.springframework.web.method.support.InvocableHandlerMethod.doInvoke([Ljava/lang/Object;)Ljava/lang/Object;+55
j  org.springframework.web.method.support.InvocableHandlerMethod.invokeForRequest(Lorg/springframework/web/context/request/NativeWebRequest;Lorg/springframework/web/method/support/ModelAndViewContainer;[Ljava/lang/Object;)Ljava/lang/Object;+82
j  org.springframework.web.servlet.mvc.method.annotation.ServletInvocableHandlerMethod.invokeAndHandle(Lorg/springframework/web/context/request/ServletWebRequest;Lorg/springframework/web/method/support/ModelAndViewContainer;[Ljava/lang/Object;)V+4
j  org.springframework.web.servlet.mvc.method.annotation.RequestMappingHandlerAdapter.invokeHandlerMethod(Ljakarta/servlet/http/HttpServletRequest;Ljakarta/servlet/http/HttpServletResponse;Lorg/springframework/web/method/HandlerMethod;)Lorg/springframework/web/servlet/ModelAndView;+309
j  org.springframework.web.servlet.mvc.method.annotation.RequestMappingHandlerAdapter.handleInternal(Ljakarta/servlet/http/HttpServletRequest;Ljakarta/servlet/http/HttpServletResponse;Lorg/springframework/web/method/HandlerMethod;)Lorg/springframework/web/servlet/ModelAndView;+81
j  org.springframework.web.servlet.mvc.method.AbstractHandlerMethodAdapter.handle(Ljakarta/servlet/http/HttpServletRequest;Ljakarta/servlet/http/HttpServletResponse;Ljava/lang/Object;)Lorg/springframework/web/servlet/ModelAndView;+7
j  org.springframework.web.servlet.DispatcherServlet.doDispatch(Ljakarta/servlet/http/HttpServletRequest;Ljakarta/servlet/http/HttpServletResponse;)V+259
j  org.springframework.web.servlet.DispatcherServlet.doService(Ljakarta/servlet/http/HttpServletRequest;Ljakarta/servlet/http/HttpServletResponse;)V+242
j  org.springframework.web.servlet.FrameworkServlet.processRequest(Ljakarta/servlet/http/HttpServletRequest;Ljakarta/servlet/http/HttpServletResponse;)V+70
j  org.springframework.web.servlet.FrameworkServlet.doPost(Ljakarta/servlet/http/HttpServletRequest;Ljakarta/servlet/http/HttpServletResponse;)V+3
j  jakarta.servlet.http.HttpServlet.service(Ljakarta/servlet/http/HttpServletRequest;Ljakarta/servlet/http/HttpServletResponse;)V+150
j  org.springframework.web.servlet.FrameworkServlet.service(Ljakarta/servlet/http/HttpServletRequest;Ljakarta/servlet/http/HttpServletResponse;)V+20
j  jakarta.servlet.http.HttpServlet.service(Ljakarta/servlet/ServletRequest;Ljakarta/servlet/ServletResponse;)V+37
j  org.apache.catalina.core.ApplicationFilterChain.internalDoFilter(Ljakarta/servlet/ServletRequest;Ljakarta/servlet/ServletResponse;)V+305
j  org.apache.catalina.core.ApplicationFilterChain.doFilter(Ljakarta/servlet/ServletRequest;Ljakarta/servlet/ServletResponse;)V+99
j  org.apache.tomcat.websocket.server.WsFilter.doFilter(Ljakarta/servlet/ServletRequest;Ljakarta/servlet/ServletResponse;Ljakarta/servlet/FilterChain;)V+21
j  org.apache.catalina.core.ApplicationFilterChain.internalDoFilter(Ljakarta/servlet/ServletRequest;Ljakarta/servlet/ServletResponse;)V+135
j  org.apache.catalina.core.ApplicationFilterChain.doFilter(Ljakarta/servlet/ServletRequest;Ljakarta/servlet/ServletResponse;)V+99
j  org.springframework.web.filter.RequestContextFilter.doFilterInternal(Ljakarta/servlet/http/HttpServletRequest;Ljakarta/servlet/http/HttpServletResponse;Ljakarta/servlet/FilterChain;)V+21
j  org.springframework.web.filter.OncePerRequestFilter.doFilter(Ljakarta/servlet/ServletRequest;Ljakarta/servlet/ServletResponse;Ljakarta/servlet/FilterChain;)V+150
j  org.apache.catalina.core.ApplicationFilterChain.internalDoFilter(Ljakarta/servlet/ServletRequest;Ljakarta/servlet/ServletResponse;)V+135
j  org.apache.catalina.core.ApplicationFilterChain.doFilter(Ljakarta/servlet/ServletRequest;Ljakarta/servlet/ServletResponse;)V+99
j  org.springframework.web.filter.FormContentFilter.doFilterInternal(Ljakarta/servlet/http/HttpServletRequest;Ljakarta/servlet/http/HttpServletResponse;Ljakarta/servlet/FilterChain;)V+38
j  org.springframework.web.filter.OncePerRequestFilter.doFilter(Ljakarta/servlet/ServletRequest;Ljakarta/servlet/ServletResponse;Ljakarta/servlet/FilterChain;)V+150
j  org.apache.catalina.core.ApplicationFilterChain.internalDoFilter(Ljakarta/servlet/ServletRequest;Ljakarta/servlet/ServletResponse;)V+135
j  org.apache.catalina.core.ApplicationFilterChain.doFilter(Ljakarta/servlet/ServletRequest;Ljakarta/servlet/ServletResponse;)V+99
j  org.springframework.web.filter.CharacterEncodingFilter.doFilterInternal(Ljakarta/servlet/http/HttpServletRequest;Ljakarta/servlet/http/HttpServletResponse;Ljakarta/servlet/FilterChain;)V+53
j  org.springframework.web.filter.OncePerRequestFilter.doFilter(Ljakarta/servlet/ServletRequest;Ljakarta/servlet/ServletResponse;Ljakarta/servlet/FilterChain;)V+150
j  org.apache.catalina.core.ApplicationFilterChain.internalDoFilter(Ljakarta/servlet/ServletRequest;Ljakarta/servlet/ServletResponse;)V+135
j  org.apache.catalina.core.ApplicationFilterChain.doFilter(Ljakarta/servlet/ServletRequest;Ljakarta/servlet/ServletResponse;)V+99
j  org.apache.catalina.core.StandardWrapperValve.invoke(Lorg/apache/catalina/connector/Request;Lorg/apache/catalina/connector/Response;)V+514
j  org.apache.catalina.core.StandardContextValve.invoke(Lorg/apache/catalina/connector/Request;Lorg/apache/catalina/connector/Response;)V+169
j  org.apache.catalina.authenticator.AuthenticatorBase.invoke(Lorg/apache/catalina/connector/Request;Lorg/apache/catalina/connector/Response;)V+218
j  org.apache.catalina.core.StandardHostValve.invoke(Lorg/apache/catalina/connector/Request;Lorg/apache/catalina/connector/Response;)V+131
j  org.apache.catalina.valves.ErrorReportValve.invoke(Lorg/apache/catalina/connector/Request;Lorg/apache/catalina/connector/Response;)V+6
j  org.apache.catalina.core.StandardEngineValve.invoke(Lorg/apache/catalina/connector/Request;Lorg/apache/catalina/connector/Response;)V+59
j  org.apache.catalina.connector.CoyoteAdapter.service(Lorg/apache/coyote/Request;Lorg/apache/coyote/Response;)V+188
j  org.apache.coyote.http11.Http11Processor.service(Lorg/apache/tomcat/util/net/SocketWrapperBase;)Lorg/apache/tomcat/util/net/AbstractEndpoint$Handler$SocketState;+795
j  org.apache.coyote.AbstractProcessorLight.process(Lorg/apache/tomcat/util/net/SocketWrapperBase;Lorg/apache/tomcat/util/net/SocketEvent;)Lorg/apache/tomcat/util/net/AbstractEndpoint$Handler$SocketState;+152
j  org.apache.coyote.AbstractProtocol$ConnectionHandler.process(Lorg/apache/tomcat/util/net/SocketWrapperBase;Lorg/apache/tomcat/util/net/SocketEvent;)Lorg/apache/tomcat/util/net/AbstractEndpoint$Handler$SocketState;+482
j  org.apache.tomcat.util.net.NioEndpoint$SocketProcessor.doRun()V+249
j  org.apache.tomcat.util.net.SocketProcessorBase.run()V+32
j  org.apache.tomcat.util.threads.ThreadPoolExecutor.runWorker(Lorg/apache/tomcat/util/threads/ThreadPoolExecutor$Worker;)V+92
j  org.apache.tomcat.util.threads.ThreadPoolExecutor$Worker.run()V+5
j  org.apache.tomcat.util.threads.TaskThread$WrappingRunnable.run()V+4
J 14450 c1 java.lang.Thread.run()V java.base@20.0.2 (23 bytes) @ 0x000002d31abed0f4 [0x000002d31abecee0+0x0000000000000214]
v  ~StubRoutines::call_stub 0x000002d3219f100d

siginfo: EXCEPTION_ACCESS_VIOLATION (0xc0000005), reading address 0x000002d71c60bf50


Registers:
RAX=0x000002d32a400000, RBX=0x000002d31244b930, RCX=0x0000000000000027, RDX=0x0000000000000001
RSP=0x000000fd08cfe540, RBP=0x000000fd08cfe6e0, RSI=0x000000fd08cfe8c0, RDI=0x0000001f9105faa7
R8 =0x000002d71c60bf50, R9 =0x000002d370938038, R10=0x000002d3219f0000, R11=0x000000fd08cfe768
R12=0x0000000000000000, R13=0x00000000000003d8, R14=0x0000000000000002, R15=0x000002d374c161b0
RIP=0x00007fffd4e6d05e, EFLAGS=0x0000000000010206


Register to memory mapping:

RIP=0x00007fffd4e6d05e jvm.dll
RAX=0x000002d32a400000 points into unknown readable memory: 0x0000000000000001 | 01 00 00 00 00 00 00 00
RBX=0x000002d31244b930 points into unknown readable memory: 0x00007fffd54d2200 | 00 22 4d d5 ff 7f 00 00
RCX=0x0000000000000027 is an unknown value
RDX=0x0000000000000001 is an unknown value
RSP=0x000000fd08cfe540 points into unknown readable memory: 0x000002d371c1bb88 | 88 bb c1 71 d3 02 00 00
RBP=0x000000fd08cfe6e0 points into unknown readable memory: 0x000000fd08cfe818 | 18 e8 cf 08 fd 00 00 00
RSI=0x000000fd08cfe8c0 points into unknown readable memory: 0x000000fd098fd528 | 28 d5 8f 09 fd 00 00 00
RDI=0x0000001f9105faa7 is an unknown value
R8 =0x000002d71c60bf50 is an unknown value
R9 =0x000002d370938038 is pointing into metadata
R10=0x000002d3219f0000 points into unknown readable memory: 0x0000000000000006 | 06 00 00 00 00 00 00 00
R11=0x000000fd08cfe768 points into unknown readable memory: 0x00007fffd4e675bd | bd 75 e6 d4 ff 7f 00 00
R12=0x0 is NULL
R13=0x00000000000003d8 is an unknown value
R14=0x0000000000000002 is an unknown value
R15=0x000002d374c161b0 points into unknown readable memory: 0x000002d374008802 | 02 88 00 74 d3 02 00 00


Top of Stack: (sp=0x000000fd08cfe540)
0x000000fd08cfe540:   000002d371c1bb88 00007fffd5285bd2
0x000000fd08cfe550:   000000fd08cfe7b0 000000fd077feea8
0x000000fd08cfe560:   000002d376a1db50 00007fffd4e951da
0x000000fd08cfe570:   000000fd098fd538 00007fffd5285bd2
0x000000fd08cfe580:   0000000000000000 000000fd08cfe8c0
0x000000fd08cfe590:   0000000500000002 00007fff00000006
0x000000fd08cfe5a0:   000002d376a1db50 00007fffd4e95102
0x000000fd08cfe5b0:   000000fd08cfe678 000000fd098fd538
0x000000fd08cfe5c0:   000002d32f480090 0000000000000000
0x000000fd08cfe5d0:   0000000000000004 00007fffd4e67b7d
0x000000fd08cfe5e0:   000002d376a1e100 0000000000000004
0x000000fd08cfe5f0:   000002d376a1e100 00007fffd4e6ce76
0x000000fd08cfe600:   0000000b70639101 000002d370938298
0x000000fd08cfe610:   000002d374c2ecd0 000002d32f53f1c0
0x000000fd08cfe620:   000002d32ee08290 00000000000003d8
0x000000fd08cfe630:   000002d32ee082a0 000002d32ee08678
0x000000fd08cfe640:   000002d37093828b 00000000000000b8
0x000000fd08cfe650:   000002d370938298 00007fffd4f3222d
0x000000fd08cfe660:   000002d37c75fac8 000002d37c75fb70
0x000000fd08cfe670:   000002d37c75fb70 000002d32f53f1c0
0x000000fd08cfe680:   0000001300000001 0000000000000055
0x000000fd08cfe690:   000000010000000c 000002d32f480090
0x000000fd08cfe6a0:   0000000000000000 000002d37c75fac8
0x000000fd08cfe6b0:   000000fd08cfe7a0 0000000000000000
0x000000fd08cfe6c0:   000000fd08cfe770 0000000000000000
0x000000fd08cfe6d0:   000000fd08cfe7a0 00007fffd4e691f4
0x000000fd08cfe6e0:   000000fd08cfe818 000000fd08cfe7e0
0x000000fd08cfe6f0:   0000000000000000 00007fffd4cfdfae
0x000000fd08cfe700:   000002d3219f100d 000000fd077feea8
0x000000fd08cfe710:   000002d375110a00 000002d37c75fac0
0x000000fd08cfe720:   0000e36cadf61a3e 00007fffd4cfdf97
0x000000fd08cfe730:   0000000000000000 000002d376a1e100 

Instructions: (pc=0x00007fffd4e6d05e)
0x00007fffd4e6cf5e:   38 f0 4c 0f c1 04 c8 48 c7 42 08 00 00 00 00 44
0x00007fffd4e6cf6e:   89 12 49 ff 41 58 4c 01 5a 08 e9 49 ff ff ff 49
0x00007fffd4e6cf7e:   ff 41 50 4c 01 5a 08 e9 3c ff ff ff cc cc cc cc
0x00007fffd4e6cf8e:   cc cc 48 89 5c 24 08 57 48 83 ec 20 48 8b 01 48
0x00007fffd4e6cf9e:   8b fa 48 8b d9 ff 50 08 4c 8b c8 48 85 c0 74 66
0x00007fffd4e6cfae:   4c 8b 40 10 4c 2b 00 48 c7 40 28 00 00 00 00 4c
0x00007fffd4e6cfbe:   89 43 18 48 8b 50 10 48 8b 48 08 48 8b c7 48 2b
0x00007fffd4e6cfce:   ca 48 c1 e9 03 48 3b cf 48 0f 42 c1 48 3b c7 72
0x00007fffd4e6cfde:   1e 48 8d 04 c2 49 89 41 10 90 ff 43 10 48 8b c2
0x00007fffd4e6cfee:   4c 89 4b 08 48 8b 5c 24 30 48 83 c4 20 5f c3 33
0x00007fffd4e6cffe:   d2 90 ff 43 10 8b c2 4c 89 4b 08 48 8b 5c 24 30
0x00007fffd4e6d00e:   48 83 c4 20 5f c3 48 8b 5c 24 30 48 83 c4 20 5f
0x00007fffd4e6d01e:   c3 cc 48 89 5c 24 08 57 48 83 ec 20 48 8b 01 48
0x00007fffd4e6d02e:   8b fa 48 8b d9 ff 10 48 2b 7b 08 8b 4b 18 48 8b
0x00007fffd4e6d03e:   43 20 48 c1 ef 03 48 d3 ef 40 0f b6 cf 48 8b d7
0x00007fffd4e6d04e:   48 c1 ea 06 80 e1 3f 4c 8d 04 d0 ba 01 00 00 00
0x00007fffd4e6d05e:   49 8b 00 48 d3 e2 48 8b c8 48 0b ca 48 3b c8 74
0x00007fffd4e6d06e:   13 90 f0 49 0f b1 08 74 18 48 8b c8 48 0b ca 48
0x00007fffd4e6d07e:   3b c8 75 ee 32 c0 48 8b 5c 24 30 48 83 c4 20 5f
0x00007fffd4e6d08e:   c3 48 8b 5c 24 30 b0 01 48 83 c4 20 5f c3 cc cc
0x00007fffd4e6d09e:   cc cc 48 89 5c 24 08 57 48 83 ec 20 4c 8b 41 30
0x00007fffd4e6d0ae:   48 8b da 48 8b f9 45 8b 88 80 00 00 00 41 8b 80
0x00007fffd4e6d0be:   00 01 00 00 41 8b d1 2b d0 81 e2 ff ff 01 00 81
0x00007fffd4e6d0ce:   fa fe ff 01 00 73 26 49 8b 80 80 01 00 00 4a 89
0x00007fffd4e6d0de:   1c c8 41 8d 41 01 25 ff ff 01 00 41 89 80 80 00
0x00007fffd4e6d0ee:   00 00 48 8b 5c 24 30 48 83 c4 20 5f c3 e8 90 9d
0x00007fffd4e6d0fe:   01 00 48 8b 57 30 44 8b 82 80 00 00 00 8b 82 00
0x00007fffd4e6d10e:   01 00 00 41 8b c8 2b c8 81 e1 ff ff 01 00 81 f9
0x00007fffd4e6d11e:   fe ff 01 00 73 1a 48 8b 82 80 01 00 00 4a 89 1c
0x00007fffd4e6d12e:   c0 41 8d 40 01 25 ff ff 01 00 89 82 80 00 00 00
0x00007fffd4e6d13e:   48 8b 5c 24 30 48 83 c4 20 5f c3 cc cc cc cc cc
0x00007fffd4e6d14e:   cc cc 48 89 5c 24 08 57 48 83 ec 20 48 8b 79 08 


Stack slot to memory mapping:
stack at sp + 0 slots: {method} {0x000002d371c1bb90} 'run' '()V' in 'org/apache/tomcat/util/threads/TaskThread$WrappingRunnable'
stack at sp + 1 slots: 0x00007fffd5285bd2 jvm.dll
stack at sp + 2 slots: 0x000000fd08cfe7b0 points into unknown readable memory: 0x000000fd08cfe8c0 | c0 e8 cf 08 fd 00 00 00
stack at sp + 3 slots: 0x000000fd077feea8 points into unknown readable memory: 0x0000000000000001 | 01 00 00 00 00 00 00 00
stack at sp + 4 slots: 0x000002d376a1db50 points into unknown readable memory: 0x000000fd077ff040 | 40 f0 7f 07 fd 00 00 00
stack at sp + 5 slots: 0x00007fffd4e951da jvm.dll
stack at sp + 6 slots: 0x000000fd098fd538 is pointing into the stack for thread: 0x000002d376e16510
stack at sp + 7 slots: 0x00007fffd5285bd2 jvm.dll


---------------  P R O C E S S  ---------------

Threads class SMR info:
_java_thread_list=0x000002d377b6c9a0, length=18, elements={
0x000002d32edf0b50, 0x000002d32edf1950, 0x000002d32edf4a80, 0x000002d32edf74d0,
0x000002d32edfb770, 0x000002d32edfcb90, 0x000002d32ee06cf0, 0x000002d32ee10860,
0x000002d3740e62b0, 0x000002d3741cadf0, 0x000002d3742dee20, 0x000002d3742df380,
0x000002d3740e87e0, 0x000002d3740e52c0, 0x000002d37746adc0, 0x000002d37746a320,
0x000002d376e16510, 0x000002d3764e48b0
}

Java Threads: ( => current thread )
  0x000002d32edf0b50 JavaThread "Reference Handler" daemon [_thread_blocked, id=4936, stack(0x000000fd07800000,0x000000fd07900000)]
  0x000002d32edf1950 JavaThread "Finalizer" daemon [_thread_blocked, id=1852, stack(0x000000fd07900000,0x000000fd07a00000)]
  0x000002d32edf4a80 JavaThread "Signal Dispatcher" daemon [_thread_blocked, id=9636, stack(0x000000fd07a00000,0x000000fd07b00000)]
  0x000002d32edf74d0 JavaThread "Attach Listener" daemon [_thread_blocked, id=2120, stack(0x000000fd07b00000,0x000000fd07c00000)]
  0x000002d32edfb770 JavaThread "Service Thread" daemon [_thread_blocked, id=18076, stack(0x000000fd07c00000,0x000000fd07d00000)]
  0x000002d32edfcb90 JavaThread "Monitor Deflation Thread" daemon [_thread_blocked, id=8040, stack(0x000000fd07d00000,0x000000fd07e00000)]
  0x000002d32ee06cf0 JavaThread "C2 CompilerThread0" daemon [_thread_blocked, id=16256, stack(0x000000fd07e00000,0x000000fd07f00000)]
  0x000002d32ee10860 JavaThread "C1 CompilerThread0" daemon [_thread_blocked, id=10896, stack(0x000000fd07f00000,0x000000fd08000000)]
  0x000002d3740e62b0 JavaThread "Common-Cleaner" daemon [_thread_blocked, id=10280, stack(0x000000fd08000000,0x000000fd08100000)]
  0x000002d3741cadf0 JavaThread "JDWP Transport Listener: dt_socket" daemon [_thread_blocked, id=17664, stack(0x000000fd08100000,0x000000fd08200000)]
  0x000002d3742dee20 JavaThread "JDWP Event Helper Thread" daemon [_thread_blocked, id=8900, stack(0x000000fd08200000,0x000000fd08300000)]
  0x000002d3742df380 JavaThread "JDWP Command Reader" daemon [_thread_blocked, id=3984, stack(0x000000fd08300000,0x000000fd08400000)]
  0x000002d3740e87e0 JavaThread "Notification Thread" daemon [_thread_blocked, id=8840, stack(0x000000fd08500000,0x000000fd08600000)]
  0x000002d3740e52c0 JavaThread "mysql-cj-abandoned-connection-cleanup" daemon [_thread_blocked, id=15400, stack(0x000000fd09500000,0x000000fd09600000)]
  0x000002d37746adc0 JavaThread "Live Reload Server" daemon [_thread_in_native, id=16260, stack(0x000000fd09b00000,0x000000fd09c00000)]
  0x000002d37746a320 JavaThread "DestroyJavaVM" [_thread_blocked, id=6032, stack(0x000000fd07100000,0x000000fd07200000)]
  0x000002d376e16510 JavaThread "http-nio-8080-exec-1" daemon [_thread_blocked, id=17424, stack(0x000000fd09800000,0x000000fd09900000)]
  0x000002d3764e48b0 JavaThread "Thread-71" [_thread_blocked, id=10956, stack(0x000000fd06f00000,0x000000fd07000000)]

Other Threads:
  0x000002d32edd0370 VMThread "VM Thread" [stack: 0x000000fd07700000,0x000000fd07800000] [id=4888]
  0x000002d37485e900 WatcherThread "VM Periodic Task Thread" [stack: 0x000000fd08600000,0x000000fd08700000] [id=3992]
  0x000002d31244a2f0 WorkerThread "GC Thread#0" [stack: 0x000000fd07200000,0x000000fd07300000] [id=9920]
  0x000002d374c52590 WorkerThread "GC Thread#1" [stack: 0x000000fd08700000,0x000000fd08800000] [id=17132]
  0x000002d374c52860 WorkerThread "GC Thread#2" [stack: 0x000000fd08800000,0x000000fd08900000] [id=8592]
  0x000002d374c2d0c0 WorkerThread "GC Thread#3" [stack: 0x000000fd08900000,0x000000fd08a00000] [id=3760]
  0x000002d374c2d390 WorkerThread "GC Thread#4" [stack: 0x000000fd08a00000,0x000000fd08b00000] [id=17276]
  0x000002d374c2de70 WorkerThread "GC Thread#5" [stack: 0x000000fd08b00000,0x000000fd08c00000] [id=16964]
=>0x000002d374c2ecd0 WorkerThread "GC Thread#6" [stack: 0x000000fd08c00000,0x000000fd08d00000] [id=5156]
  0x000002d374c2fdb0 WorkerThread "GC Thread#7" [stack: 0x000000fd08d00000,0x000000fd08e00000] [id=18096]
  0x000002d31245d8a0 ConcurrentGCThread "G1 Main Marker" [stack: 0x000000fd07300000,0x000000fd07400000] [id=14656]
  0x000002d31245e2d0 WorkerThread "G1 Conc#0" [stack: 0x000000fd07400000,0x000000fd07500000] [id=15088]
  0x000002d374c2f540 WorkerThread "G1 Conc#1" [stack: 0x000000fd09100000,0x000000fd09200000] [id=712]
  0x000002d32ec80540 ConcurrentGCThread "G1 Refine#0" [stack: 0x000000fd07500000,0x000000fd07600000] [id=10204]
  0x000002d32ec80ef0 ConcurrentGCThread "G1 Service" [stack: 0x000000fd07600000,0x000000fd07700000] [id=12672]

Threads with active compile tasks:

VM state: at safepoint (normal execution)

VM Mutex/Monitor currently owned by a thread:  ([mutex/lock_event])
[0x000002d3123efff0] Threads_lock - owner thread: 0x000002d32edd0370
[0x000002d3123f0980] Heap_lock - owner thread: 0x000002d3764e48b0

Heap address: 0x0000000081600000, size: 2026 MB, Compressed Oops mode: 32-bit

CDS archive(s) mapped at: [0x000002d32f000000-0x000002d32fc60000-0x000002d32fc60000), size 12976128, SharedBaseAddress: 0x000002d32f000000, ArchiveRelocationMode: 1.
Compressed class space mapped at: 0x000002d330000000-0x000002d370000000, reserved size: 1073741824
Narrow klass base: 0x000002d32f000000, Narrow klass shift: 0, Narrow klass range: 0x100000000

GC Precious Log:
 CardTable entry size: 512
 Card Set container configuration: InlinePtr #cards 5 size 8 Array Of Cards #cards 12 size 40 Howl #buckets 4 coarsen threshold 1843 Howl Bitmap #cards 512 size 80 coarsen threshold 460 Card regions per heap region 1 cards per card region 2048
 CPUs: 8 total, 8 available
 Memory: 8101M
 Large Page Support: Disabled
 NUMA Support: Disabled
 Compressed Oops: Enabled (32-bit)
 Heap Region Size: 1M
 Heap Min Capacity: 8M
 Heap Initial Capacity: 128M
 Heap Max Capacity: 2026M
 Pre-touch: Disabled
 Parallel Workers: 8
 Concurrent Workers: 2
 Concurrent Refinement Workers: 8
 Periodic GC: Disabled

Heap:
 garbage-first heap   total 79872K, used 61436K [0x0000000081600000, 0x0000000100000000)
  region size 1024K, 27 young (27648K), 3 survivors (3072K)
 Metaspace       used 92741K, committed 93568K, reserved 1179648K
  class space    used 11002K, committed 11392K, reserved 1048576K

Heap Regions: E=young(eden), S=young(survivor), O=old, HS=humongous(starts), HC=humongous(continues), CS=collection set, F=free, OA=open archive, CA=closed archive, TAMS=top-at-mark-start, PB=parsable bottom
|   0|0x0000000081600000, 0x0000000081700000, 0x0000000081700000|100%|HS|  |TAMS 0x0000000081600000| PB 0x0000000081600000| Complete 
|   1|0x0000000081700000, 0x0000000081800000, 0x0000000081800000|100%| O|  |TAMS 0x0000000081700000| PB 0x0000000081700000| Untracked 
|   2|0x0000000081800000, 0x00000000818ffff0, 0x0000000081900000| 99%| O|  |TAMS 0x0000000081800000| PB 0x0000000081800000| Untracked 
|   3|0x0000000081900000, 0x00000000819ffff8, 0x0000000081a00000| 99%| O|  |TAMS 0x0000000081900000| PB 0x0000000081900000| Untracked 
|   4|0x0000000081a00000, 0x0000000081affd30, 0x0000000081b00000| 99%| O|  |TAMS 0x0000000081a00000| PB 0x0000000081a00000| Untracked 
|   5|0x0000000081b00000, 0x0000000081bffff8, 0x0000000081c00000| 99%| O|  |TAMS 0x0000000081b00000| PB 0x0000000081b00000| Untracked 
|   6|0x0000000081c00000, 0x0000000081cfffe0, 0x0000000081d00000| 99%| O|  |TAMS 0x0000000081c00000| PB 0x0000000081c00000| Untracked 
|   7|0x0000000081d00000, 0x0000000081e00000, 0x0000000081e00000|100%| O|  |TAMS 0x0000000081d00000| PB 0x0000000081d00000| Untracked 
|   8|0x0000000081e00000, 0x0000000081effff0, 0x0000000081f00000| 99%| O|  |TAMS 0x0000000081e00000| PB 0x0000000081e00000| Untracked 
|   9|0x0000000081f00000, 0x0000000081fffff0, 0x0000000082000000| 99%| O|  |TAMS 0x0000000081f00000| PB 0x0000000081f00000| Untracked 
|  10|0x0000000082000000, 0x0000000082100000, 0x0000000082100000|100%| O|  |TAMS 0x0000000082000000| PB 0x0000000082000000| Untracked 
|  11|0x0000000082100000, 0x00000000821ffff8, 0x0000000082200000| 99%| O|  |TAMS 0x0000000082100000| PB 0x0000000082100000| Untracked 
|  12|0x0000000082200000, 0x0000000082300000, 0x0000000082300000|100%| O|  |TAMS 0x0000000082200000| PB 0x0000000082200000| Untracked 
|  13|0x0000000082300000, 0x00000000823fffd8, 0x0000000082400000| 99%| O|  |TAMS 0x0000000082300000| PB 0x0000000082300000| Untracked 
|  14|0x0000000082400000, 0x00000000824ffff0, 0x0000000082500000| 99%| O|  |TAMS 0x0000000082400000| PB 0x0000000082400000| Untracked 
|  15|0x0000000082500000, 0x00000000825ffff8, 0x0000000082600000| 99%| O|  |TAMS 0x0000000082500000| PB 0x0000000082500000| Untracked 
|  16|0x0000000082600000, 0x00000000826fffd8, 0x0000000082700000| 99%| O|  |TAMS 0x0000000082600000| PB 0x0000000082600000| Untracked 
|  17|0x0000000082700000, 0x00000000827ffce8, 0x0000000082800000| 99%| O|  |TAMS 0x0000000082700000| PB 0x0000000082700000| Untracked 
|  18|0x0000000082800000, 0x00000000828fffb0, 0x0000000082900000| 99%| O|  |TAMS 0x0000000082800000| PB 0x0000000082800000| Untracked 
|  19|0x0000000082900000, 0x00000000829fff80, 0x0000000082a00000| 99%| O|  |TAMS 0x0000000082900000| PB 0x0000000082900000| Untracked 
|  20|0x0000000082a00000, 0x0000000082b00000, 0x0000000082b00000|100%| O|  |TAMS 0x0000000082a00000| PB 0x0000000082a00000| Untracked 
|  21|0x0000000082b00000, 0x0000000082bffff8, 0x0000000082c00000| 99%| O|  |TAMS 0x0000000082b00000| PB 0x0000000082b00000| Untracked 
|  22|0x0000000082c00000, 0x0000000082cfffe8, 0x0000000082d00000| 99%| O|  |TAMS 0x0000000082c00000| PB 0x0000000082c00000| Untracked 
|  23|0x0000000082d00000, 0x0000000082dffff8, 0x0000000082e00000| 99%| O|  |TAMS 0x0000000082d00000| PB 0x0000000082d00000| Untracked 
|  24|0x0000000082e00000, 0x0000000082effff8, 0x0000000082f00000| 99%| O|  |TAMS 0x0000000082e00000| PB 0x0000000082e00000| Untracked 
|  25|0x0000000082f00000, 0x0000000082fffff0, 0x0000000083000000| 99%| O|  |TAMS 0x0000000082f00000| PB 0x0000000082f00000| Untracked 
|  26|0x0000000083000000, 0x00000000830fffe8, 0x0000000083100000| 99%| O|  |TAMS 0x0000000083000000| PB 0x0000000083000000| Untracked 
|  27|0x0000000083100000, 0x00000000831fffd0, 0x0000000083200000| 99%| O|  |TAMS 0x0000000083100000| PB 0x0000000083100000| Untracked 
|  28|0x0000000083200000, 0x00000000832b6b90, 0x0000000083300000| 71%| O|  |TAMS 0x0000000083200000| PB 0x0000000083200000| Untracked 
|  29|0x0000000083300000, 0x000000008331eb38, 0x0000000083400000| 11%| O|  |TAMS 0x0000000083300000| PB 0x0000000083300000| Untracked 
|  30|0x0000000083400000, 0x000000008348d510, 0x0000000083500000| 55%| O|  |TAMS 0x0000000083400000| PB 0x0000000083400000| Untracked 
|  31|0x0000000083500000, 0x00000000835fffd0, 0x0000000083600000| 99%| O|  |TAMS 0x0000000083500000| PB 0x0000000083500000| Untracked 
|  32|0x0000000083600000, 0x0000000083665a48, 0x0000000083700000| 39%| O|  |TAMS 0x0000000083600000| PB 0x0000000083600000| Untracked 
|  33|0x0000000083700000, 0x0000000083800000, 0x0000000083800000|100%| O|  |TAMS 0x0000000083700000| PB 0x0000000083700000| Untracked 
|  34|0x0000000083800000, 0x0000000083900000, 0x0000000083900000|100%| O|  |TAMS 0x0000000083800000| PB 0x0000000083800000| Untracked 
|  35|0x0000000083900000, 0x0000000083962200, 0x0000000083a00000| 38%| O|  |TAMS 0x0000000083900000| PB 0x0000000083900000| Untracked 
|  36|0x0000000083a00000, 0x0000000083a27138, 0x0000000083b00000| 15%| O|  |TAMS 0x0000000083a00000| PB 0x0000000083a00000| Complete 
|  37|0x0000000083b00000, 0x0000000083b00000, 0x0000000083c00000|  0%| F|  |TAMS 0x0000000083b00000| PB 0x0000000083b00000| Untracked 
|  38|0x0000000083c00000, 0x0000000083c00000, 0x0000000083d00000|  0%| F|  |TAMS 0x0000000083c00000| PB 0x0000000083c00000| Untracked 
|  39|0x0000000083d00000, 0x0000000083dce7c0, 0x0000000083e00000| 80%| S|  |TAMS 0x0000000083d00000| PB 0x0000000083d00000| Complete 
|  40|0x0000000083e00000, 0x0000000083e00000, 0x0000000083f00000|  0%| F|  |TAMS 0x0000000083e00000| PB 0x0000000083e00000| Untracked 
|  41|0x0000000083f00000, 0x0000000083f00000, 0x0000000084000000|  0%| F|  |TAMS 0x0000000083f00000| PB 0x0000000083f00000| Untracked 
|  42|0x0000000084000000, 0x0000000084000000, 0x0000000084100000|  0%| F|  |TAMS 0x0000000084000000| PB 0x0000000084000000| Untracked 
|  43|0x0000000084100000, 0x0000000084200000, 0x0000000084200000|100%| S|  |TAMS 0x0000000084100000| PB 0x0000000084100000| Complete 
|  44|0x0000000084200000, 0x0000000084300000, 0x0000000084300000|100%| S|  |TAMS 0x0000000084200000| PB 0x0000000084200000| Complete 
|  45|0x0000000084300000, 0x0000000084300000, 0x0000000084400000|  0%| F|  |TAMS 0x0000000084300000| PB 0x0000000084300000| Untracked 
|  46|0x0000000084400000, 0x0000000084400000, 0x0000000084500000|  0%| F|  |TAMS 0x0000000084400000| PB 0x0000000084400000| Untracked 
|  47|0x0000000084500000, 0x0000000084500000, 0x0000000084600000|  0%| F|  |TAMS 0x0000000084500000| PB 0x0000000084500000| Untracked 
|  48|0x0000000084600000, 0x0000000084600000, 0x0000000084700000|  0%| F|  |TAMS 0x0000000084600000| PB 0x0000000084600000| Untracked 
|  49|0x0000000084700000, 0x0000000084700000, 0x0000000084800000|  0%| F|  |TAMS 0x0000000084700000| PB 0x0000000084700000| Untracked 
|  50|0x0000000084800000, 0x0000000084800000, 0x0000000084900000|  0%| F|  |TAMS 0x0000000084800000| PB 0x0000000084800000| Untracked 
|  51|0x0000000084900000, 0x0000000084900000, 0x0000000084a00000|  0%| F|  |TAMS 0x0000000084900000| PB 0x0000000084900000| Untracked 
|  52|0x0000000084a00000, 0x0000000084a00000, 0x0000000084b00000|  0%| F|  |TAMS 0x0000000084a00000| PB 0x0000000084a00000| Untracked 
|  53|0x0000000084b00000, 0x0000000084b00000, 0x0000000084c00000|  0%| F|  |TAMS 0x0000000084b00000| PB 0x0000000084b00000| Untracked 
|  54|0x0000000084c00000, 0x0000000084cdf810, 0x0000000084d00000| 87%| E|  |TAMS 0x0000000084c00000| PB 0x0000000084c00000| Complete 
|  55|0x0000000084d00000, 0x0000000084e00000, 0x0000000084e00000|100%| E|  |TAMS 0x0000000084d00000| PB 0x0000000084d00000| Complete 
|  56|0x0000000084e00000, 0x0000000084f00000, 0x0000000084f00000|100%| E|  |TAMS 0x0000000084e00000| PB 0x0000000084e00000| Complete 
|  57|0x0000000084f00000, 0x0000000085000000, 0x0000000085000000|100%| E|  |TAMS 0x0000000084f00000| PB 0x0000000084f00000| Complete 
|  58|0x0000000085000000, 0x0000000085100000, 0x0000000085100000|100%| E|  |TAMS 0x0000000085000000| PB 0x0000000085000000| Complete 
|  59|0x0000000085100000, 0x0000000085200000, 0x0000000085200000|100%| E|  |TAMS 0x0000000085100000| PB 0x0000000085100000| Complete 
|  60|0x0000000085200000, 0x0000000085300000, 0x0000000085300000|100%| E|  |TAMS 0x0000000085200000| PB 0x0000000085200000| Complete 
|  61|0x0000000085300000, 0x0000000085400000, 0x0000000085400000|100%| E|  |TAMS 0x0000000085300000| PB 0x0000000085300000| Complete 
|  62|0x0000000085400000, 0x0000000085500000, 0x0000000085500000|100%| E|  |TAMS 0x0000000085400000| PB 0x0000000085400000| Complete 
|  63|0x0000000085500000, 0x0000000085600000, 0x0000000085600000|100%| E|  |TAMS 0x0000000085500000| PB 0x0000000085500000| Complete 
|  64|0x0000000085600000, 0x0000000085700000, 0x0000000085700000|100%| E|  |TAMS 0x0000000085600000| PB 0x0000000085600000| Complete 
|  65|0x0000000085700000, 0x0000000085800000, 0x0000000085800000|100%| E|  |TAMS 0x0000000085700000| PB 0x0000000085700000| Complete 
|  66|0x0000000085800000, 0x0000000085900000, 0x0000000085900000|100%| E|  |TAMS 0x0000000085800000| PB 0x0000000085800000| Complete 
|  67|0x0000000085900000, 0x0000000085a00000, 0x0000000085a00000|100%| E|  |TAMS 0x0000000085900000| PB 0x0000000085900000| Complete 
|  68|0x0000000085a00000, 0x0000000085b00000, 0x0000000085b00000|100%| E|  |TAMS 0x0000000085a00000| PB 0x0000000085a00000| Complete 
|  69|0x0000000085b00000, 0x0000000085c00000, 0x0000000085c00000|100%| E|  |TAMS 0x0000000085b00000| PB 0x0000000085b00000| Complete 
|  70|0x0000000085c00000, 0x0000000085d00000, 0x0000000085d00000|100%| E|  |TAMS 0x0000000085c00000| PB 0x0000000085c00000| Complete 
|  71|0x0000000085d00000, 0x0000000085e00000, 0x0000000085e00000|100%| E|  |TAMS 0x0000000085d00000| PB 0x0000000085d00000| Complete 
|  72|0x0000000085e00000, 0x0000000085f00000, 0x0000000085f00000|100%| E|  |TAMS 0x0000000085e00000| PB 0x0000000085e00000| Complete 
|  73|0x0000000085f00000, 0x0000000086000000, 0x0000000086000000|100%| E|  |TAMS 0x0000000085f00000| PB 0x0000000085f00000| Complete 
|  74|0x0000000086000000, 0x0000000086100000, 0x0000000086100000|100%| E|  |TAMS 0x0000000086000000| PB 0x0000000086000000| Complete 
|  75|0x0000000086100000, 0x0000000086200000, 0x0000000086200000|100%| E|  |TAMS 0x0000000086100000| PB 0x0000000086100000| Complete 
|  76|0x0000000086200000, 0x0000000086300000, 0x0000000086300000|100%| E|  |TAMS 0x0000000086200000| PB 0x0000000086200000| Complete 
| 127|0x0000000089500000, 0x0000000089600000, 0x0000000089600000|100%| E|  |TAMS 0x0000000089500000| PB 0x0000000089500000| Complete 

Card table byte_map: [0x000002d329c00000,0x000002d32a000000] _byte_map_base: 0x000002d3297f5000

Marking Bits: (CMBitMap*) 0x000002d31244b930
 Bits: [0x000002d32a400000, 0x000002d32c3a8000)

Polling page: 0x000002d3103b0000

Metaspace:

Usage:
  Non-class:     79.82 MB used.
      Class:     10.74 MB used.
       Both:     90.57 MB used.

Virtual space:
  Non-class space:      128.00 MB reserved,      80.25 MB ( 63%) committed,  2 nodes.
      Class space:        1.00 GB reserved,      11.12 MB (  1%) committed,  1 nodes.
             Both:        1.12 GB reserved,      91.38 MB (  8%) committed. 

Chunk freelists:
   Non-Class:  3.53 MB
       Class:  926.00 KB
        Both:  4.43 MB

MaxMetaspaceSize: unlimited
CompressedClassSpaceSize: 1.00 GB
Initial GC threshold: 21.00 MB
Current GC threshold: 149.06 MB
CDS: on
MetaspaceReclaimPolicy: balanced
 - commit_granule_bytes: 65536.
 - commit_granule_words: 8192.
 - virtual_space_node_default_size: 8388608.
 - enlarge_chunks_in_place: 1.
 - new_chunks_are_fully_committed: 0.
 - uncommit_free_chunks: 1.
 - use_allocation_guard: 0.


Internal statistics:

num_allocs_failed_limit: 9.
num_arena_births: 1166.
num_arena_deaths: 368.
num_vsnodes_births: 3.
num_vsnodes_deaths: 0.
num_space_committed: 1462.
num_space_uncommitted: 0.
num_chunks_returned_to_freelist: 440.
num_chunks_taken_from_freelist: 4807.
num_chunk_merges: 97.
num_chunk_splits: 3171.
num_chunks_enlarged: 2410.
num_inconsistent_stats: 0.

CodeHeap 'non-profiled nmethods': size=120000Kb used=10239Kb max_used=10239Kb free=109760Kb
 bounds [0x000002d321f90000, 0x000002d3229a0000, 0x000002d3294c0000]
CodeHeap 'profiled nmethods': size=120000Kb used=20489Kb max_used=20537Kb free=99510Kb
 bounds [0x000002d31a4c0000, 0x000002d31b8e0000, 0x000002d3219f0000]
CodeHeap 'non-nmethods': size=5760Kb used=1872Kb max_used=2049Kb free=3888Kb
 bounds [0x000002d3219f0000, 0x000002d321c60000, 0x000002d321f90000]
 total_blobs=10199 nmethods=9438 adapters=670
 compilation: enabled
              stopped_count=0, restarted_count=0
 full_count=0

Compilation events (20 events):
Event: 2393.211 Thread 0x000002d32ee10860 nmethod 16528 0x000002d31b50a710 code [0x000002d31b50a8c0, 0x000002d31b50abf8]
Event: 2393.243 Thread 0x000002d32ee10860 16529       3       java.net.InetAddress$InetAddressHolder::init (21 bytes)
Event: 2393.244 Thread 0x000002d32ee10860 nmethod 16529 0x000002d31b320e90 code [0x000002d31b321020, 0x000002d31b321228]
Event: 2393.244 Thread 0x000002d32ee10860 16530       3       java.net.Inet6Address$Inet6AddressHolder::<init> (13 bytes)
Event: 2393.244 Thread 0x000002d32ee10860 nmethod 16530 0x000002d31b739b90 code [0x000002d31b739d20, 0x000002d31b739f88]
Event: 2393.340 Thread 0x000002d32ee06cf0 nmethod 16527 0x000002d32298bd90 code [0x000002d32298c260, 0x000002d32298f120]
Event: 2398.255 Thread 0x000002d32ee10860 16531       1       org.apache.tomcat.util.net.AbstractEndpoint::isSSLEnabled (5 bytes)
Event: 2398.256 Thread 0x000002d32ee10860 nmethod 16531 0x000002d322650110 code [0x000002d322650280, 0x000002d322650350]
Event: 2398.258 Thread 0x000002d32ee06cf0 16532       4       org.springframework.beans.factory.support.DefaultListableBeanFactory::removeManualSingletonName (17 bytes)
Event: 2398.260 Thread 0x000002d32ee10860 16533       1       java.lang.invoke.DirectMethodHandle$Special::isInvokeSpecial (2 bytes)
Event: 2398.260 Thread 0x000002d32ee10860 nmethod 16533 0x000002d3223a5b10 code [0x000002d3223a5c80, 0x000002d3223a5d48]
Event: 2398.262 Thread 0x000002d32ee06cf0 nmethod 16532 0x000002d3223a5610 code [0x000002d3223a57a0, 0x000002d3223a5928]
Event: 2400.581 Thread 0x000002d32ee10860 16534       3       java.util.logging.Logger::accessCheckedHandlers (17 bytes)
Event: 2400.582 Thread 0x000002d32ee10860 nmethod 16534 0x000002d31b6ffe10 code [0x000002d31b6fffc0, 0x000002d31b700298]
Event: 2400.582 Thread 0x000002d32ee10860 16535       1       org.apache.catalina.core.StandardContext::getIgnoreAnnotations (5 bytes)
Event: 2400.582 Thread 0x000002d32ee10860 nmethod 16535 0x000002d3223a5090 code [0x000002d3223a5200, 0x000002d3223a52d0]
Event: 2400.583 Thread 0x000002d32ee10860 16536       3       java.io.ObjectOutputStream$BlockDataOutputStream::writeByte (33 bytes)
Event: 2400.584 Thread 0x000002d32ee10860 nmethod 16536 0x000002d31b6ff990 code [0x000002d31b6ffb20, 0x000002d31b6ffd00]
Event: 2400.584 Thread 0x000002d32ee10860 16537       3       java.io.ObjectOutputStream$BlockDataOutputStream::drain (45 bytes)
Event: 2400.584 Thread 0x000002d32ee10860 nmethod 16537 0x000002d31b6ff410 code [0x000002d31b6ff5c0, 0x000002d31b6ff890]

GC Heap History (20 events):
Event: 2003.015 GC heap after
{Heap after GC invocations=79 (full 14):
 garbage-first heap   total 79872K, used 36670K [0x0000000081600000, 0x0000000100000000)
  region size 1024K, 3 young (3072K), 3 survivors (3072K)
 Metaspace       used 89657K, committed 90624K, reserved 1179648K
  class space    used 10708K, committed 11200K, reserved 1048576K
}
Event: 2177.842 GC heap before
{Heap before GC invocations=79 (full 14):
 garbage-first heap   total 79872K, used 43838K [0x0000000081600000, 0x0000000100000000)
  region size 1024K, 11 young (11264K), 3 survivors (3072K)
 Metaspace       used 89702K, committed 90688K, reserved 1179648K
  class space    used 10709K, committed 11200K, reserved 1048576K
}
Event: 2177.890 GC heap after
{Heap after GC invocations=80 (full 15):
 garbage-first heap   total 79872K, used 31458K [0x0000000081600000, 0x0000000100000000)
  region size 1024K, 0 young (0K), 0 survivors (0K)
 Metaspace       used 89661K, committed 90688K, reserved 1179648K
  class space    used 10698K, committed 11200K, reserved 1048576K
}
Event: 2178.263 GC heap before
{Heap before GC invocations=80 (full 15):
 garbage-first heap   total 79872K, used 67298K [0x0000000081600000, 0x0000000100000000)
  region size 1024K, 36 young (36864K), 0 survivors (0K)
 Metaspace       used 89740K, committed 90688K, reserved 1179648K
  class space    used 10707K, committed 11200K, reserved 1048576K
}
Event: 2178.266 GC heap after
{Heap after GC invocations=81 (full 15):
 garbage-first heap   total 79872K, used 34456K [0x0000000081600000, 0x0000000100000000)
  region size 1024K, 3 young (3072K), 3 survivors (3072K)
 Metaspace       used 89740K, committed 90688K, reserved 1179648K
  class space    used 10707K, committed 11200K, reserved 1048576K
}
Event: 2178.611 GC heap before
{Heap before GC invocations=82 (full 15):
 garbage-first heap   total 79872K, used 68248K [0x0000000081600000, 0x0000000100000000)
  region size 1024K, 36 young (36864K), 3 survivors (3072K)
 Metaspace       used 89915K, committed 90880K, reserved 1179648K
  class space    used 10687K, committed 11200K, reserved 1048576K
}
Event: 2178.615 GC heap after
{Heap after GC invocations=83 (full 15):
 garbage-first heap   total 79872K, used 36390K [0x0000000081600000, 0x0000000100000000)
  region size 1024K, 3 young (3072K), 3 survivors (3072K)
 Metaspace       used 89915K, committed 90880K, reserved 1179648K
  class space    used 10687K, committed 11200K, reserved 1048576K
}
Event: 2193.487 GC heap before
{Heap before GC invocations=83 (full 15):
 garbage-first heap   total 79872K, used 38438K [0x0000000081600000, 0x0000000100000000)
  region size 1024K, 6 young (6144K), 3 survivors (3072K)
 Metaspace       used 89928K, committed 90880K, reserved 1179648K
  class space    used 10688K, committed 11200K, reserved 1048576K
}
Event: 2193.536 GC heap after
{Heap after GC invocations=84 (full 16):
 garbage-first heap   total 79872K, used 30963K [0x0000000081600000, 0x0000000100000000)
  region size 1024K, 0 young (0K), 0 survivors (0K)
 Metaspace       used 89925K, committed 90880K, reserved 1179648K
  class space    used 10687K, committed 11200K, reserved 1048576K
}
Event: 2193.887 GC heap before
{Heap before GC invocations=84 (full 16):
 garbage-first heap   total 79872K, used 68851K [0x0000000081600000, 0x0000000100000000)
  region size 1024K, 38 young (38912K), 0 survivors (0K)
 Metaspace       used 89989K, committed 90880K, reserved 1179648K
  class space    used 10696K, committed 11200K, reserved 1048576K
}
Event: 2193.890 GC heap after
{Heap after GC invocations=85 (full 16):
 garbage-first heap   total 79872K, used 33994K [0x0000000081600000, 0x0000000100000000)
  region size 1024K, 3 young (3072K), 3 survivors (3072K)
 Metaspace       used 89989K, committed 90880K, reserved 1179648K
  class space    used 10696K, committed 11200K, reserved 1048576K
}
Event: 2225.511 GC heap before
{Heap before GC invocations=86 (full 16):
 garbage-first heap   total 79872K, used 69834K [0x0000000081600000, 0x0000000100000000)
  region size 1024K, 39 young (39936K), 3 survivors (3072K)
 Metaspace       used 90306K, committed 91264K, reserved 1179648K
  class space    used 10712K, committed 11200K, reserved 1048576K
}
Event: 2225.515 GC heap after
{Heap after GC invocations=87 (full 16):
 garbage-first heap   total 79872K, used 36823K [0x0000000081600000, 0x0000000100000000)
  region size 1024K, 4 young (4096K), 4 survivors (4096K)
 Metaspace       used 90306K, committed 91264K, reserved 1179648K
  class space    used 10712K, committed 11200K, reserved 1048576K
}
Event: 2298.865 GC heap before
{Heap before GC invocations=87 (full 16):
 garbage-first heap   total 79872K, used 53207K [0x0000000081600000, 0x0000000100000000)
  region size 1024K, 22 young (22528K), 4 survivors (4096K)
 Metaspace       used 90618K, committed 91584K, reserved 1179648K
  class space    used 10722K, committed 11200K, reserved 1048576K
}
Event: 2298.916 GC heap after
{Heap after GC invocations=88 (full 17):
 garbage-first heap   total 79872K, used 31675K [0x0000000081600000, 0x0000000100000000)
  region size 1024K, 0 young (0K), 0 survivors (0K)
 Metaspace       used 90589K, committed 91584K, reserved 1179648K
  class space    used 10719K, committed 11200K, reserved 1048576K
}
Event: 2299.309 GC heap before
{Heap before GC invocations=88 (full 17):
 garbage-first heap   total 79872K, used 66491K [0x0000000081600000, 0x0000000100000000)
  region size 1024K, 35 young (35840K), 0 survivors (0K)
 Metaspace       used 90667K, committed 91584K, reserved 1179648K
  class space    used 10728K, committed 11200K, reserved 1048576K
}
Event: 2299.312 GC heap after
{Heap after GC invocations=89 (full 17):
 garbage-first heap   total 79872K, used 34644K [0x0000000081600000, 0x0000000100000000)
  region size 1024K, 3 young (3072K), 3 survivors (3072K)
 Metaspace       used 90667K, committed 91584K, reserved 1179648K
  class space    used 10728K, committed 11200K, reserved 1048576K
}
Event: 2299.624 GC heap before
{Heap before GC invocations=90 (full 17):
 garbage-first heap   total 79872K, used 68436K [0x0000000081600000, 0x0000000100000000)
  region size 1024K, 36 young (36864K), 3 survivors (3072K)
 Metaspace       used 90979K, committed 91904K, reserved 1179648K
  class space    used 10743K, committed 11200K, reserved 1048576K
}
Event: 2299.628 GC heap after
{Heap after GC invocations=91 (full 17):
 garbage-first heap   total 79872K, used 36990K [0x0000000081600000, 0x0000000100000000)
  region size 1024K, 3 young (3072K), 3 survivors (3072K)
 Metaspace       used 90979K, committed 91904K, reserved 1179648K
  class space    used 10743K, committed 11200K, reserved 1048576K
}
Event: 2400.589 GC heap before
{Heap before GC invocations=91 (full 17):
 garbage-first heap   total 79872K, used 59518K [0x0000000081600000, 0x0000000100000000)
  region size 1024K, 27 young (27648K), 3 survivors (3072K)
 Metaspace       used 92741K, committed 93568K, reserved 1179648K
  class space    used 11002K, committed 11392K, reserved 1048576K
}

Dll operation events (13 events):
Event: 0.018 Loaded shared library C:\Program Files\Java\jdk-20\bin\java.dll
Event: 0.042 Loaded shared library C:\Program Files\Java\jdk-20\bin\jsvml.dll
Event: 0.327 Loaded shared library C:\Program Files\Java\jdk-20\bin\zip.dll
Event: 0.331 Loaded shared library C:\Program Files\Java\jdk-20\bin\instrument.dll
Event: 0.336 Loaded shared library C:\Program Files\Java\jdk-20\bin\net.dll
Event: 0.337 Loaded shared library C:\Program Files\Java\jdk-20\bin\nio.dll
Event: 0.340 Loaded shared library C:\Program Files\Java\jdk-20\bin\zip.dll
Event: 0.475 Loaded shared library C:\Program Files\Java\jdk-20\bin\jimage.dll
Event: 0.525 Loaded shared library C:\Program Files\Java\jdk-20\bin\verify.dll
Event: 0.989 Loaded shared library C:\Program Files\Java\jdk-20\bin\management.dll
Event: 0.993 Loaded shared library C:\Program Files\Java\jdk-20\bin\management_ext.dll
Event: 2.434 Loaded shared library C:\Program Files\Java\jdk-20\bin\sunmscapi.dll
Event: 8.177 Loaded shared library C:\Program Files\Java\jdk-20\bin\extnet.dll

Deoptimization events (20 events):
Event: 2400.587 Thread 0x000002d3764e48b0 DEOPT PACKING pc=0x000002d32274a07c sp=0x000000fd06ffcb10
Event: 2400.587 Thread 0x000002d3764e48b0 DEOPT UNPACKING pc=0x000002d321a5a4c2 sp=0x000000fd06ffbfd0 mode 1
Event: 2400.588 Thread 0x000002d37746c300 DEOPT PACKING pc=0x000002d31b216ec4 sp=0x000000fd090fefd0
Event: 2400.588 Thread 0x000002d37746c300 DEOPT UNPACKING pc=0x000002d321a5a4c2 sp=0x000000fd090fe500 mode 1
Event: 2400.588 Thread 0x000002d37746fd70 DEOPT PACKING pc=0x000002d31b200634 sp=0x000000fd093ff1a0
Event: 2400.588 Thread 0x000002d37746c300 DEOPT PACKING pc=0x000002d31b2279ec sp=0x000000fd090ff0d0
Event: 2400.588 Thread 0x000002d37746fd70 DEOPT UNPACKING pc=0x000002d321a5a4c2 sp=0x000000fd093fe678 mode 1
Event: 2400.588 Thread 0x000002d37746c300 DEOPT UNPACKING pc=0x000002d321a5a4c2 sp=0x000000fd090fe628 mode 1
Event: 2400.588 Thread 0x000002d37746c300 DEOPT PACKING pc=0x000002d31b21513c sp=0x000000fd090ff200
Event: 2400.588 Thread 0x000002d37746c300 DEOPT UNPACKING pc=0x000002d321a5a4c2 sp=0x000000fd090fe6a0 mode 1
Event: 2400.588 Thread 0x000002d37746c300 DEOPT PACKING pc=0x000002d31b21445c sp=0x000000fd090ff240
Event: 2400.588 Thread 0x000002d37746c300 DEOPT UNPACKING pc=0x000002d321a5a4c2 sp=0x000000fd090fe700 mode 1
Event: 2400.588 Thread 0x000002d37746ed80 DEOPT PACKING pc=0x000002d31b216ec4 sp=0x000000fd092ff040
Event: 2400.588 Thread 0x000002d37746ed80 DEOPT UNPACKING pc=0x000002d321a5a4c2 sp=0x000000fd092fe570 mode 1
Event: 2400.588 Thread 0x000002d37746ed80 DEOPT PACKING pc=0x000002d31b227b64 sp=0x000000fd092ff140
Event: 2400.588 Thread 0x000002d37746ed80 DEOPT UNPACKING pc=0x000002d321a5a4c2 sp=0x000000fd092fe698 mode 1
Event: 2400.588 Thread 0x000002d37746ed80 DEOPT PACKING pc=0x000002d31b21513c sp=0x000000fd092ff270
Event: 2400.588 Thread 0x000002d37746ed80 DEOPT UNPACKING pc=0x000002d321a5a4c2 sp=0x000000fd092fe710 mode 1
Event: 2400.588 Thread 0x000002d37746ed80 DEOPT PACKING pc=0x000002d31b21445c sp=0x000000fd092ff2b0
Event: 2400.588 Thread 0x000002d37746ed80 DEOPT UNPACKING pc=0x000002d321a5a4c2 sp=0x000000fd092fe770 mode 1

Classes loaded (20 events):
Event: 391.817 Loading class java/io/ObjectInputStream$HandleTable
Event: 391.817 Loading class java/io/ObjectInputStream$HandleTable done
Event: 391.817 Loading class java/io/ObjectInputStream$HandleTable$HandleList
Event: 391.817 Loading class java/io/ObjectInputStream$HandleTable$HandleList done
Event: 391.818 Loading class java/io/ObjectInputStream$ValidationList
Event: 391.818 Loading class java/io/ObjectInputStream$ValidationList done
Event: 391.818 Loading class java/io/ObjectInputFilter$Config
Event: 391.818 Loading class java/io/ObjectInputFilter$Config done
Event: 391.818 Loading class java/io/ObjectInputFilter
Event: 391.818 Loading class java/io/ObjectInputFilter done
Event: 391.819 Loading class java/io/ObjectInputFilter$Config$BuiltinFilterFactory
Event: 391.819 Loading class java/io/ObjectInputFilter$Config$BuiltinFilterFactory done
Event: 391.819 Loading class jdk/internal/event/DeserializationEvent
Event: 391.820 Loading class jdk/internal/event/DeserializationEvent done
Event: 391.820 Loading class java/io/ObjectInputStream$FieldValues
Event: 391.820 Loading class java/io/ObjectInputStream$GetField
Event: 391.820 Loading class java/io/ObjectInputStream$GetField done
Event: 391.820 Loading class java/io/ObjectInputStream$FieldValues done
Event: 1345.161 Loading class java/lang/invoke/MethodHandleImpl$CountingWrapper$1
Event: 1345.161 Loading class java/lang/invoke/MethodHandleImpl$CountingWrapper$1 done

Classes unloaded (20 events):
Event: 2178.297 Thread 0x000002d32edd0370 Unloading class 0x000002d33013c400 'java/lang/invoke/LambdaForm$MH+0x000002d33013c400'
Event: 2178.297 Thread 0x000002d32edd0370 Unloading class 0x000002d33013c000 'java/lang/invoke/LambdaForm$MH+0x000002d33013c000'
Event: 2178.297 Thread 0x000002d32edd0370 Unloading class 0x000002d330131800 'java/lang/invoke/LambdaForm$MH+0x000002d330131800'
Event: 2178.297 Thread 0x000002d32edd0370 Unloading class 0x000002d330131400 'java/lang/invoke/LambdaForm$MH+0x000002d330131400'
Event: 2178.297 Thread 0x000002d32edd0370 Unloading class 0x000002d3300a2400 'java/lang/invoke/LambdaForm$MH+0x000002d3300a2400'
Event: 2178.297 Thread 0x000002d32edd0370 Unloading class 0x000002d3300a1400 'java/lang/invoke/LambdaForm$MH+0x000002d3300a1400'
Event: 2178.297 Thread 0x000002d32edd0370 Unloading class 0x000002d3300a1000 'java/lang/invoke/LambdaForm$MH+0x000002d3300a1000'
Event: 2178.297 Thread 0x000002d32edd0370 Unloading class 0x000002d3300a0800 'java/lang/invoke/LambdaForm$MH+0x000002d3300a0800'
Event: 2178.297 Thread 0x000002d32edd0370 Unloading class 0x000002d3300a0000 'java/lang/invoke/LambdaForm$MH+0x000002d3300a0000'
Event: 2178.297 Thread 0x000002d32edd0370 Unloading class 0x000002d33001f800 'java/lang/invoke/LambdaForm$MH+0x000002d33001f800'
Event: 2178.297 Thread 0x000002d32edd0370 Unloading class 0x000002d33001f000 'java/lang/invoke/LambdaForm$MH+0x000002d33001f000'
Event: 2178.297 Thread 0x000002d32edd0370 Unloading class 0x000002d33001e800 'java/lang/invoke/LambdaForm$MH+0x000002d33001e800'
Event: 2178.297 Thread 0x000002d32edd0370 Unloading class 0x000002d33001e400 'java/lang/invoke/LambdaForm$MH+0x000002d33001e400'
Event: 2178.297 Thread 0x000002d32edd0370 Unloading class 0x000002d330019800 'java/lang/invoke/LambdaForm$MH+0x000002d330019800'
Event: 2178.297 Thread 0x000002d32edd0370 Unloading class 0x000002d330001800 'java/lang/invoke/LambdaForm$MH+0x000002d330001800'
Event: 2193.502 Thread 0x000002d32edd0370 Unloading class 0x000002d3304c0000 'org/apache/catalina/loader/JdbcLeakPrevention'
Event: 2298.881 Thread 0x000002d32edd0370 Unloading class 0x000002d330308800 'org/apache/jsp/views/error_jsp'
Event: 2298.881 Thread 0x000002d32edd0370 Unloading class 0x000002d330378000 'org/apache/jsp/views/newTeller_jsp'
Event: 2298.881 Thread 0x000002d32edd0370 Unloading class 0x000002d3303dd800 'org/apache/jsp/views/TellerLogin_jsp'
Event: 2298.881 Thread 0x000002d32edd0370 Unloading class 0x000002d330999800 'org/apache/catalina/loader/JdbcLeakPrevention'

Classes redefined (0 events):
No events

Internal exceptions (20 events):
Event: 2298.865 Thread 0x000002d37746c300 Exception <a 'java/lang/InterruptedException'{0x000000008521be58}: sleep interrupted> (0x000000008521be58) 
thrown [s\open\src\hotspot\share\prims\jvm.cpp, line 3086]
Event: 2298.933 Thread 0x000002d3774712b0 Exception <a 'sun/nio/fs/WindowsException'{0x00000000895664e0}> (0x00000000895664e0) 
thrown [s\open\src\hotspot\share\prims\jni.cpp, line 519]
Event: 2299.218 Thread 0x000002d3774712b0 Exception <a 'java/lang/NoClassDefFoundError'{0x0000000084fe95f8}: org/flywaydb/core/Flyway> (0x0000000084fe95f8) 
thrown [s\open\src\hotspot\share\oops\constantPool.cpp, line 848]
Event: 2299.219 Thread 0x000002d3774712b0 Exception <a 'java/lang/NoClassDefFoundError'{0x0000000084fe9c58}: liquibase/integration/spring/SpringLiquibase> (0x0000000084fe9c58) 
thrown [s\open\src\hotspot\share\oops\constantPool.cpp, line 848]
Event: 2299.225 Thread 0x000002d3774712b0 Exception <a 'java/lang/NoClassDefFoundError'{0x0000000084e3b4d8}: org/jooq/DSLContext> (0x0000000084e3b4d8) 
thrown [s\open\src\hotspot\share\oops\constantPool.cpp, line 848]
Event: 2299.227 Thread 0x000002d3774712b0 Exception <a 'java/lang/NoClassDefFoundError'{0x0000000084e43298}: org/springframework/batch/core/repository/JobRepository> (0x0000000084e43298) 
thrown [s\open\src\hotspot\share\oops\constantPool.cpp, line 848]
Event: 2299.228 Thread 0x000002d3774712b0 Exception <a 'java/lang/NoClassDefFoundError'{0x0000000084e438f0}: org/quartz/Scheduler> (0x0000000084e438f0) 
thrown [s\open\src\hotspot\share\oops\constantPool.cpp, line 848]
Event: 2299.230 Thread 0x000002d3774712b0 Exception <a 'java/lang/NoClassDefFoundError'{0x0000000084e43f70}: org/springframework/session/jdbc/JdbcIndexedSessionRepository> (0x0000000084e43f70) 
thrown [s\open\src\hotspot\share\oops\constantPool.cpp, line 848]
Event: 2299.281 Thread 0x000002d3774712b0 Exception <a 'java/io/FileNotFoundException'{0x00000000848ace10}> (0x00000000848ace10) 
thrown [s\open\src\hotspot\share\prims\jni.cpp, line 519]
Event: 2305.343 Thread 0x000002d376e16510 Exception <a 'java/lang/NoSuchMethodError'{0x00000000860d74b0}: 'void java.lang.invoke.DelegatingMethodHandle$Holder.reinvoke_L(java.lang.Object, java.lang.Object, int)'> (0x00000000860d74b0) 
thrown [s\open\src\hotspot\share\interpreter\linkResolver.cpp, line 773]
Event: 2316.328 Thread 0x000002d376e16510 Exception <a 'java/lang/NoSuchMethodError'{0x00000000854c4fd0}: 'void java.lang.invoke.DirectMethodHandle$Holder.invokeSpecialIFC(java.lang.Object, java.lang.Object, int, java.lang.Object, java.lang.Object, java.lang.Object, java.lang.Object)'> (0x00000000854c4fd0) 
thrown [s\open\src\hotspot\share\interpreter\linkResolver.cpp, line 773]
Event: 2398.260 Thread 0x000002d3764de910 Exception <a 'java/io/IOException'{0x0000000084c73f68}> (0x0000000084c73f68) 
thrown [s\open\src\hotspot\share\prims\jni.cpp, line 519]
Event: 2398.261 Thread 0x000002d3764de910 Exception <a 'java/io/IOException'{0x0000000084c745b8}> (0x0000000084c745b8) 
thrown [s\open\src\hotspot\share\prims\jni.cpp, line 519]
Event: 2398.262 Thread 0x000002d3764de910 Exception <a 'java/io/IOException'{0x0000000084c75c58}> (0x0000000084c75c58) 
thrown [s\open\src\hotspot\share\prims\jni.cpp, line 519]
Event: 2398.262 Thread 0x000002d3764de910 Exception <a 'java/io/IOException'{0x0000000084c762a8}> (0x0000000084c762a8) 
thrown [s\open\src\hotspot\share\prims\jni.cpp, line 519]
Event: 2398.263 Thread 0x000002d3764de910 Exception <a 'java/io/IOException'{0x0000000084c78a10}> (0x0000000084c78a10) 
thrown [s\open\src\hotspot\share\prims\jni.cpp, line 519]
Event: 2398.264 Thread 0x000002d3764de910 Exception <a 'java/net/SocketException'{0x0000000084c7c1c8}: Connection reset by peer: shutdown> (0x0000000084c7c1c8) 
thrown [s\open\src\hotspot\share\prims\jni.cpp, line 538]
Event: 2398.265 Thread 0x000002d3764de910 Exception <a 'java/io/IOException'{0x0000000084c7e630}> (0x0000000084c7e630) 
thrown [s\open\src\hotspot\share\prims\jni.cpp, line 519]
Event: 2398.265 Thread 0x000002d3764de910 Exception <a 'java/io/IOException'{0x0000000084c7ec80}> (0x0000000084c7ec80) 
thrown [s\open\src\hotspot\share\prims\jni.cpp, line 519]
Event: 2400.588 Thread 0x000002d37746fd70 Exception <a 'java/lang/InterruptedException'{0x0000000084cca658}: sleep interrupted> (0x0000000084cca658) 
thrown [s\open\src\hotspot\share\prims\jvm.cpp, line 3086]

VM Operations (20 events):
Event: 2392.473 Executing VM operation: get/set locals done
Event: 2392.474 Executing VM operation: get/set locals
Event: 2392.474 Executing VM operation: get/set locals done
Event: 2392.475 Executing VM operation: get/set locals
Event: 2392.475 Executing VM operation: get/set locals done
Event: 2392.475 Executing VM operation: get/set locals
Event: 2392.476 Executing VM operation: get/set locals done
Event: 2392.476 Executing VM operation: get/set locals
Event: 2392.477 Executing VM operation: get/set locals done
Event: 2392.477 Executing VM operation: get/set locals
Event: 2392.477 Executing VM operation: get/set locals done
Event: 2392.478 Executing VM operation: get/set locals
Event: 2392.478 Executing VM operation: get/set locals done
Event: 2392.479 Executing VM operation: get/set locals
Event: 2392.479 Executing VM operation: get/set locals done
Event: 2393.300 Executing VM operation: get/set locals
Event: 2393.300 Executing VM operation: get/set locals done
Event: 2398.294 Executing VM operation: get/set locals
Event: 2398.294 Executing VM operation: get/set locals done
Event: 2400.589 Executing VM operation: G1CollectFull

Events (20 events):
Event: 2393.207 Thread 0x000002d376e15a70 Thread exited: 0x000002d376e15a70
Event: 2393.245 Thread 0x000002d3764e2e20 Thread exited: 0x000002d3764e2e20
Event: 2393.245 Thread 0x000002d3764e4e00 Thread exited: 0x000002d3764e4e00
Event: 2393.247 Thread 0x000002d3740e77f0 Thread exited: 0x000002d3740e77f0
Event: 2393.247 Thread 0x000002d376e15fc0 Thread exited: 0x000002d376e15fc0
Event: 2393.247 Thread 0x000002d3764e4360 Thread exited: 0x000002d3764e4360
Event: 2393.247 Thread 0x000002d376e15520 Thread exited: 0x000002d376e15520
Event: 2393.247 Thread 0x000002d3740e7d40 Thread exited: 0x000002d3740e7d40
Event: 2393.248 Thread 0x000002d3740e72a0 Thread exited: 0x000002d3740e72a0
Event: 2393.248 Thread 0x000002d37c6f9390 Thread exited: 0x000002d37c6f9390
Event: 2393.248 Thread 0x000002d3740e5d60 Thread exited: 0x000002d3740e5d60
Event: 2393.248 Thread 0x000002d37c6fb8c0 Thread exited: 0x000002d37c6fb8c0
Event: 2398.259 Thread 0x000002d3764de910 Thread added: 0x000002d3764de910
Event: 2398.259 Thread 0x000002d376e14a80 Thread exited: 0x000002d376e14a80
Event: 2398.260 Thread 0x000002d3764e2380 Thread added: 0x000002d3764e2380
Event: 2398.262 Thread 0x000002d3764e2380 Thread exited: 0x000002d3764e2380
Event: 2398.266 Thread 0x000002d3764de910 Thread exited: 0x000002d3764de910
Event: 2400.588 Thread 0x000002d37746fd70 Thread exited: 0x000002d37746fd70
Event: 2400.588 Thread 0x000002d37746c300 Thread exited: 0x000002d37746c300
Event: 2400.589 Thread 0x000002d37746ed80 Thread exited: 0x000002d37746ed80


Dynamic libraries:
0x00007ff6edaa0000 - 0x00007ff6edab0000 	C:\Program Files\Java\jdk-20\bin\javaw.exe
0x00007ff839570000 - 0x00007ff839768000 	C:\WINDOWS\SYSTEM32\ntdll.dll
0x00007ff8393c0000 - 0x00007ff83947d000 	C:\WINDOWS\System32\KERNEL32.DLL
0x00007ff836c20000 - 0x00007ff836f16000 	C:\WINDOWS\System32\KERNELBASE.dll
0x00007ff8371d0000 - 0x00007ff8372d0000 	C:\WINDOWS\System32\ucrtbase.dll
0x00007ff81f6e0000 - 0x00007ff81f6f9000 	C:\Program Files\Java\jdk-20\bin\jli.dll
0x00007ff838990000 - 0x00007ff838a40000 	C:\WINDOWS\System32\ADVAPI32.dll
0x00007ff837920000 - 0x00007ff8379be000 	C:\WINDOWS\System32\msvcrt.dll
0x00007ff838ed0000 - 0x00007ff838f70000 	C:\WINDOWS\System32\sechost.dll
0x00007ff839290000 - 0x00007ff8393b3000 	C:\WINDOWS\System32\RPCRT4.dll
0x00007ff836ff0000 - 0x00007ff837017000 	C:\WINDOWS\System32\bcrypt.dll
0x00007ff838f70000 - 0x00007ff83910f000 	C:\WINDOWS\System32\USER32.dll
0x00007ff836fc0000 - 0x00007ff836fe2000 	C:\WINDOWS\System32\win32u.dll
0x00007ff838820000 - 0x00007ff83884b000 	C:\WINDOWS\System32\GDI32.dll
0x00007ff8370b0000 - 0x00007ff8371c7000 	C:\WINDOWS\System32\gdi32full.dll
0x00007ff836f20000 - 0x00007ff836fbd000 	C:\WINDOWS\System32\msvcp_win.dll
0x00007ff8238e0000 - 0x00007ff823b7a000 	C:\WINDOWS\WinSxS\amd64_microsoft.windows.common-controls_6595b64144ccf1df_6.0.19041.3636_none_60b6a03d71f818d5\COMCTL32.dll
0x00007ff82d6f0000 - 0x00007ff82d6fa000 	C:\WINDOWS\SYSTEM32\VERSION.dll
0x00007ff827450000 - 0x00007ff82746b000 	C:\Program Files\Java\jdk-20\bin\VCRUNTIME140.dll
0x00007ff8375b0000 - 0x00007ff8375e2000 	C:\WINDOWS\System32\IMM32.DLL
0x00007ff8266c0000 - 0x00007ff8266cc000 	C:\Program Files\Java\jdk-20\bin\vcruntime140_1.dll
0x00007ff80c5d0000 - 0x00007ff80c65e000 	C:\Program Files\Java\jdk-20\bin\msvcp140.dll
0x00007fffd4b50000 - 0x00007fffd57e8000 	C:\Program Files\Java\jdk-20\bin\server\jvm.dll
0x00007ff823d20000 - 0x00007ff823d47000 	C:\WINDOWS\SYSTEM32\WINMM.dll
0x00007ff824810000 - 0x00007ff824819000 	C:\WINDOWS\SYSTEM32\WSOCK32.dll
0x00007ff8391c0000 - 0x00007ff83922b000 	C:\WINDOWS\System32\WS2_32.dll
0x00007ff834ab0000 - 0x00007ff834ac2000 	C:\WINDOWS\SYSTEM32\kernel.appcore.dll
0x00007ff81f6b0000 - 0x00007ff81f6ba000 	C:\Program Files\Java\jdk-20\bin\jimage.dll
0x00007ff820980000 - 0x00007ff820b64000 	C:\WINDOWS\SYSTEM32\DBGHELP.DLL
0x00007ff81fc80000 - 0x00007ff81fcb4000 	C:\WINDOWS\SYSTEM32\dbgcore.DLL
0x00007ff837020000 - 0x00007ff8370a2000 	C:\WINDOWS\System32\bcryptPrimitives.dll
0x00007ff82ed70000 - 0x00007ff82edac000 	C:\Program Files\Java\jdk-20\bin\jdwp.dll
0x00007ff831770000 - 0x00007ff83177e000 	C:\Program Files\Java\jdk-20\bin\instrument.dll
0x00007ff814ff0000 - 0x00007ff815016000 	C:\Program Files\Java\jdk-20\bin\java.dll
0x00007fffd87e0000 - 0x00007fffd88b7000 	C:\Program Files\Java\jdk-20\bin\jsvml.dll
0x00007ff837f80000 - 0x00007ff8386eb000 	C:\WINDOWS\System32\SHELL32.dll
0x00007ff834cb0000 - 0x00007ff83544e000 	C:\WINDOWS\SYSTEM32\windows.storage.dll
0x00007ff8379c0000 - 0x00007ff837d13000 	C:\WINDOWS\System32\combase.dll
0x00007ff836650000 - 0x00007ff83667e000 	C:\WINDOWS\SYSTEM32\Wldp.dll
0x00007ff837d20000 - 0x00007ff837ded000 	C:\WINDOWS\System32\OLEAUT32.dll
0x00007ff839110000 - 0x00007ff8391bd000 	C:\WINDOWS\System32\SHCORE.dll
0x00007ff837f20000 - 0x00007ff837f75000 	C:\WINDOWS\System32\shlwapi.dll
0x00007ff836b50000 - 0x00007ff836b73000 	C:\WINDOWS\SYSTEM32\profapi.dll
0x00007ff831390000 - 0x00007ff83139c000 	C:\Program Files\Java\jdk-20\bin\dt_socket.dll
0x00007ff835fc0000 - 0x00007ff835ffb000 	C:\WINDOWS\SYSTEM32\IPHLPAPI.DLL
0x00007ff8362e0000 - 0x00007ff83634a000 	C:\WINDOWS\system32\mswsock.dll
0x00007ff836000000 - 0x00007ff8360cb000 	C:\WINDOWS\SYSTEM32\DNSAPI.dll
0x00007ff839480000 - 0x00007ff839488000 	C:\WINDOWS\System32\NSI.dll
0x00007ff8255f0000 - 0x00007ff8255fa000 	C:\Windows\System32\rasadhlp.dll
0x00007ff825890000 - 0x00007ff825910000 	C:\WINDOWS\System32\fwpuclnt.dll
0x00007fffdf710000 - 0x00007fffdf728000 	C:\Program Files\Java\jdk-20\bin\zip.dll
0x00007ff805f40000 - 0x00007ff805f53000 	C:\Program Files\Java\jdk-20\bin\net.dll
0x00007ff82fde0000 - 0x00007ff82feea000 	C:\WINDOWS\SYSTEM32\WINHTTP.dll
0x00007ff805f20000 - 0x00007ff805f36000 	C:\Program Files\Java\jdk-20\bin\nio.dll
0x00007ff832740000 - 0x00007ff832750000 	C:\Program Files\Java\jdk-20\bin\verify.dll
0x00007ff811cf0000 - 0x00007ff811cfa000 	C:\Program Files\Java\jdk-20\bin\management.dll
0x00007ff811300000 - 0x00007ff81130b000 	C:\Program Files\Java\jdk-20\bin\management_ext.dll
0x00007ff839520000 - 0x00007ff839528000 	C:\WINDOWS\System32\PSAPI.DLL
0x00007ff811f90000 - 0x00007ff811f9e000 	C:\Program Files\Java\jdk-20\bin\sunmscapi.dll
0x00007ff837380000 - 0x00007ff8374de000 	C:\WINDOWS\System32\CRYPT32.dll
0x00007ff8366c0000 - 0x00007ff8366e8000 	C:\WINDOWS\SYSTEM32\ncrypt.dll
0x00007ff836680000 - 0x00007ff8366bb000 	C:\WINDOWS\SYSTEM32\NTASN1.dll
0x00007ff836530000 - 0x00007ff836548000 	C:\WINDOWS\SYSTEM32\CRYPTSP.dll
0x00007ff835c00000 - 0x00007ff835c34000 	C:\WINDOWS\system32\rsaenh.dll
0x00007ff836b10000 - 0x00007ff836b3e000 	C:\WINDOWS\SYSTEM32\USERENV.dll
0x00007ff836550000 - 0x00007ff83655c000 	C:\WINDOWS\SYSTEM32\CRYPTBASE.dll
0x00007ff82f550000 - 0x00007ff82f567000 	C:\WINDOWS\SYSTEM32\dhcpcsvc6.DLL
0x00007ff82fb40000 - 0x00007ff82fb5d000 	C:\WINDOWS\SYSTEM32\dhcpcsvc.DLL
0x00007ff8257c0000 - 0x00007ff8257c7000 	C:\Program Files\Java\jdk-20\bin\extnet.dll
0x00007ff824800000 - 0x00007ff824807000 	C:\WINDOWS\system32\wshunix.dll

dbghelp: loaded successfully - version: 4.0.5 - missing functions: none
symbol engine: initialized successfully - sym options: 0x614 - pdb path: .;C:\Program Files\Java\jdk-20\bin;C:\WINDOWS\SYSTEM32;C:\WINDOWS\WinSxS\amd64_microsoft.windows.common-controls_6595b64144ccf1df_6.0.19041.3636_none_60b6a03d71f818d5;C:\Program Files\Java\jdk-20\bin\server

VM Arguments:
jvm_args: -XX:+ShowCodeDetailsInExceptionMessages -agentlib:jdwp=transport=dt_socket,suspend=y,address=localhost:49883 -javaagent:C:\Users\Lenovo\eclipse\jee-2023-06\eclipse\configuration\org.eclipse.osgi\430\0\.cp\lib\javaagent-shaded.jar -Dfile.encoding=UTF-8 
java_command: com.bank.BankOfBokaro.BankOfBokaroApplication
java_class_path (initial): C:\Users\Lenovo\Downloads\BankOfBokaro\BankOfBokaro\target\classes;C:\Users\Lenovo\.m2\repository\org\springframework\boot\spring-boot-starter-data-jpa\3.2.4\spring-boot-starter-data-jpa-3.2.4.jar;C:\Users\Lenovo\.m2\repository\org\springframework\boot\spring-boot-starter-aop\3.2.4\spring-boot-starter-aop-3.2.4.jar;C:\Users\Lenovo\.m2\repository\org\springframework\spring-aop\6.1.5\spring-aop-6.1.5.jar;C:\Users\Lenovo\.m2\repository\org\aspectj\aspectjweaver\1.9.21\aspectjweaver-1.9.21.jar;C:\Users\Lenovo\.m2\repository\org\springframework\boot\spring-boot-starter-jdbc\3.2.4\spring-boot-starter-jdbc-3.2.4.jar;C:\Users\Lenovo\.m2\repository\com\zaxxer\HikariCP\5.0.1\HikariCP-5.0.1.jar;C:\Users\Lenovo\.m2\repository\org\springframework\spring-jdbc\6.1.5\spring-jdbc-6.1.5.jar;C:\Users\Lenovo\.m2\repository\org\hibernate\orm\hibernate-core\6.4.4.Final\hibernate-core-6.4.4.Final.jar;C:\Users\Lenovo\.m2\repository\jakarta\persistence\jakarta.persistence-api\3.1.0\jakarta.persistence-api-3.1.0.jar;C:\Users\Lenovo\.m2\repository\jakarta\transaction\jakarta.transaction-api\2.0.1\jakarta.transaction-api-2.0.1.jar;C:\Users\Lenovo\.m2\repository\org\jboss\logging\jboss-logging\3.5.3.Final\jboss-logging-3.5.3.Final.jar;C:\Users\Lenovo\.m2\repository\org\hibernate\common\hibernate-commons-annotations\6.0.6.Final\hibernate-commons-annotations-6.0.6.Final.jar;C:\Users\Lenovo\.m2\repository\io\smallrye\jandex\3.1.2\jandex-3.1.2.jar;C:\Users\Lenovo\.m2\repository\com\fasterxml\classmate\1.6.0\classmate-1.6.0.jar;C:\Users\Lenovo\.m2\repository\net\bytebuddy\byte-buddy\1.14.12\byte-buddy-1.14.12.jar;C:\Users\Lenovo\.m2\repository\org\glassfish\jaxb\jaxb-runtime\4.0.5\jaxb-runtime-4.0.5.jar;C:\Users\Lenovo\.m2\repository\org\glassfish\jaxb\jaxb-core\4.0.5\jaxb-core-4.0.5.jar;C:\Users\Lenovo\.m2\repository\org\eclipse\angus\angus-activation\2.0.2\angus-activation-2.0.2.jar;C:\Users\Lenovo\.m2\repository\org\glassfish\jaxb\txw2\4.0.5\txw2-4.0.5.jar;C:\Users\Lenovo\.m2\repository\com\sun\istack\istack-commons-runtime\4.1.2\istack-commons-runtime-4.1.2.jar;C:\Users\Lenovo\.m2\repository\jakarta\inject\jakarta.inject-api\2.0.1\jakarta.inject-api-2.0.1.jar;C:\Users\Lenovo\.m2\repository\org\antlr\antlr4-runtime\4.13.0\antlr4-runtime-4.13.0.jar;C:\Users\Lenovo\.m2\repository\org\springframework\data\spring-data-jpa\3.2.4\spring-data-jpa-3.2.4.jar;C:\Users\Lenovo\.m2\repository\org\springframework\data\spring-data-commons\3.2.4\spring-data-commons-3.2.4.jar;C:\Users\Lenovo\.m2\repository\org\springframework\spring-orm\6.1.5\spring-orm-6.1.5.jar;C:\Users\Lenovo\.m2\repository\org\springframework\spring-context\6.1.5\spring-context-6.1.5.jar;C:\Users\Lenovo\.m2\repository\org\springframework\spring-tx\6.1.5\spring-tx-6.1.5.jar;C:\Users\Lenovo\.m2\repository\org\springframework\spring-beans\6.1.5\spring-beans-6.1.5.jar;C:\Users\Lenovo\.m2\repository\jakarta\annotation\jakarta.annotation-api\2.1.1\jakarta.annotation-api-2.1.1.jar;C:\Users\Lenovo\.m2\repository\org\slf4j\slf4j-api\2.0.12\slf4j-api-2.0.12.jar;C:\Users\Lenovo\.m2\repository\org\springframework\spring-aspects\6.1.5\spring-aspects-6.1.5.jar;C:\Users\Lenovo\.m2\repository\org\springframework\boot\spring-boot-starter-web\3.2.4\spring-boot-starter-web-3.2.4.jar;C:\Users\Lenovo\.m2\repository\org\springframework\boot\spring-boot-starter\3.2.4\spring-boot-starter-3.2.4.jar;C:\Users\Lenovo\.m2\repository\org\springframework\boot\spring-boot-starter-logging\3.2.4\spring-boot-starter-logging-3.2.4.jar;C:\Users\Lenovo\.m2\repository\ch\qos\logback\logback-classic\1.4.14\logback-classic-1.4.14.jar;C:\Users\Lenovo\.m2\repository\ch\qos\logback\logback-core\1.4.14\logback-core-1.4.14.jar;C:\Users\Lenovo\.m2\repository\org\apache\logging\log4j\log4j-to-slf4j\2.21.1\log4j-to-slf4j-2.21.1.jar;C:\Users\Lenovo\.m2\repository\org\apache\logging\log4j\log4j-api\2.21.1\log4j-api-2.21.1.jar;C:\Users\Lenovo\.m2\repository\org\slf4j\jul-to-slf4j\2.0.12\jul-to-slf4j-2.0.12.jar;C:\Users\Lenovo\.m2\repository\org\yaml\snakeyaml\2.2\snakeyaml-2.2.jar;C:\Users\Lenovo\.m2\repository\org\springframework\boot\spring-boot-starter-json\3.2.4\spring-boot-starter-json-3.2.4.jar;C:\Users\Lenovo\.m2\repository\com\fasterxml\jackson\core\jackson-databind\2.15.4\jackson-databind-2.15.4.jar;C:\Users\Lenovo\.m2\repository\com\fasterxml\jackson\core\jackson-annotations\2.15.4\jackson-annotations-2.15.4.jar;C:\Users\Lenovo\.m2\repository\com\fasterxml\jackson\core\jackson-core\2.15.4\jackson-core-2.15.4.jar;C:\Users\Lenovo\.m2\repository\com\fasterxml\jackson\datatype\jackson-datatype-jdk8\2.15.4\jackson-datatype-jdk8-2.15.4.jar;C:\Users\Lenovo\.m2\repository\com\fasterxml\jackson\datatype\jackson-datatype-jsr310\2.15.4\jackson-datatype-jsr310-2.15.4.jar;C:\Users\Lenovo\.m2\repository\com\fasterxml\jackson\module\jackson-module-parameter-names\2.15.4\jackson-module-parameter-names-2.15.4.jar;C:\Users\Lenovo\.m2\repository\org\springframework\boot\spring-boot-starter-tomcat\3.2.4\spring-boot-starter-tomcat-3.2.4.jar;C:\Users\Lenovo\.m2\repository\org\apache\tomcat\embed\tomcat-embed-websocket\10.1.19\tomcat-embed-websocket-10.1.19.jar;C:\Users\Lenovo\.m2\repository\org\springframework\spring-web\6.1.5\spring-web-6.1.5.jar;C:\Users\Lenovo\.m2\repository\io\micrometer\micrometer-observation\1.12.4\micrometer-observation-1.12.4.jar;C:\Users\Lenovo\.m2\repository\io\micrometer\micrometer-commons\1.12.4\micrometer-commons-1.12.4.jar;C:\Users\Lenovo\.m2\repository\org\springframework\spring-webmvc\6.1.5\spring-webmvc-6.1.5.jar;C:\Users\Lenovo\.m2\repository\org\springframework\spring-expression\6.1.5\spring-expression-6.1.5.jar;C:\Users\Lenovo\.m2\repository\org\springframework\boot\spring-boot-devtools\3.2.4\spring-boot-devtools-3.2.4.jar;C:\Users\Lenovo\.m2\repository\org\springframework\boot\spring-boot\3.2.4\spring-boot-3.2.4.jar;C:\Users\Lenovo\.m2\repository\org\springframework\boot\spring-boot-autoconfigure\3.2.4\spring-boot-autoconfigure-3.2.4.jar;C:\Users\Lenovo\.m2\repository\com\mysql\mysql-connector-j\8.3.0\mysql-connector-j-8.3.0.jar;C:\Users\Lenovo\.m2\repository\jakarta\xml\bind\jakarta.xml.bind-api\4.0.2\jakarta.xml.bind-api-4.0.2.jar;C:\Users\Lenovo\.m2\repository\jakarta\activation\jakarta.activation-api\2.1.3\jakarta.activation-api-2.1.3.jar;C:\Users\Lenovo\.m2\repository\org\springframework\spring-core\6.1.5\spring-core-6.1.5.jar;C:\Users\Lenovo\.m2\repository\org\springframework\spring-jcl\6.1.5\spring-jcl-6.1.5.jar;C:\Users\Lenovo\.m2\repository\org\apache\tomcat\embed\tomcat-embed-jasper\10.1.19\tomcat-embed-jasper-10.1.19.jar;C:\Users\Lenovo\.m2\repository\org\apache\tomcat\embed\tomcat-embed-core\10.1.19\tomcat-embed-core-10.1.19.jar;C:\Users\Lenovo\.m2\repository\org\apache\tomcat\tomcat-annotations-api\10.1.19\tomcat-annotations-api-10.1.19.jar;C:\Users\Lenovo\.m2\repository\org\apache\tomcat\embed\tomcat-embed-el\10.1.19\tomcat-embed-el-10.1.19.jar;C:\Users\Lenovo\.m2\repository\org\eclipse\jdt\ecj\3.33.0\ecj-3.33.0.jar;C:\Users\Lenovo\.m2\repository\org\modelmapper\modelmapper\3.1.1\modelmapper-3.1.1.jar
Launcher Type: SUN_STANDARD

[Global flags]
     intx CICompilerCount                          = 4                                         {product} {ergonomic}
     uint ConcGCThreads                            = 2                                         {product} {ergonomic}
     uint G1ConcRefinementThreads                  = 8                                         {product} {ergonomic}
   size_t G1HeapRegionSize                         = 1048576                                   {product} {ergonomic}
    uintx GCDrainStackTargetSize                   = 64                                        {product} {ergonomic}
   size_t InitialHeapSize                          = 134217728                                 {product} {ergonomic}
   size_t MarkStackSize                            = 4194304                                   {product} {ergonomic}
   size_t MaxHeapSize                              = 2124414976                                {product} {ergonomic}
   size_t MaxNewSize                               = 1274019840                                {product} {ergonomic}
   size_t MinHeapDeltaBytes                        = 1048576                                   {product} {ergonomic}
   size_t MinHeapSize                              = 8388608                                   {product} {ergonomic}
    uintx NonNMethodCodeHeapSize                   = 5839372                                {pd product} {ergonomic}
    uintx NonProfiledCodeHeapSize                  = 122909434                              {pd product} {ergonomic}
    uintx ProfiledCodeHeapSize                     = 122909434                              {pd product} {ergonomic}
    uintx ReservedCodeCacheSize                    = 251658240                              {pd product} {ergonomic}
     bool SegmentedCodeCache                       = true                                      {product} {ergonomic}
     bool ShowCodeDetailsInExceptionMessages       = true                                   {manageable} {command line}
   size_t SoftMaxHeapSize                          = 2124414976                             {manageable} {ergonomic}
     bool UseCompressedClassPointers               = true                           {product lp64_product} {ergonomic}
     bool UseCompressedOops                        = true                           {product lp64_product} {ergonomic}
     bool UseG1GC                                  = true                                      {product} {ergonomic}
     bool UseLargePagesIndividualAllocation        = false                                  {pd product} {ergonomic}

Logging:
Log output configuration:
 #0: stdout all=warning uptime,level,tags foldmultilines=false
 #1: stderr all=off uptime,level,tags foldmultilines=false

Environment Variables:
JAVA_HOME=C:\Program Files\Java\jdk-20
PATH=C:/Program Files/Java/jdk-20/bin/server;C:/Program Files/Java/jdk-20/bin;C:\Program Files\Common Files\Oracle\Java\javapath;C:\WINDOWS\system32;C:\WINDOWS;C:\WINDOWS\System32\Wbem;C:\WINDOWS\System32\WindowsPowerShell\v1.0\;C:\WINDOWS\System32\OpenSSH\;C:\Program Files\MySQL\MySQL Server 8.0\bin;C:\Program Files\Git\cmd;C:\Program Files\MySQL\MySQL Shell 8.0\bin\;C:\Users\Lenovo\AppData\Local\Microsoft\WindowsApps;;C:\WINDOWS\System32;
USERNAME=Lenovo
OS=Windows_NT
PROCESSOR_IDENTIFIER=Intel64 Family 6 Model 142 Stepping 10, GenuineIntel
TMP=C:\Users\Lenovo\AppData\Local\Temp
TEMP=C:\Users\Lenovo\AppData\Local\Temp




---------------  S Y S T E M  ---------------

OS:
 Windows 10 , 64 bit Build 19041 (10.0.19041.3636)
OS uptime: 5 days 1:05 hours

CPU: total 8 (initial active 8) (4 cores per cpu, 2 threads per core) family 6 model 142 stepping 10 microcode 0xb4, cx8, cmov, fxsr, ht, mmx, 3dnowpref, sse, sse2, sse3, ssse3, sse4.1, sse4.2, popcnt, lzcnt, tsc, tscinvbit, avx, avx2, aes, erms, clmul, bmi1, bmi2, adx, fma, vzeroupper, clflush, clflushopt, rdtscp, f16c

Memory: 4k page, system-wide physical 8101M (2597M free)
TotalPageFile size 12965M (AvailPageFile size 5990M)
current process WorkingSet (physical memory assigned to process): 360M, peak: 372M
current process commit charge ("private bytes"): 410M, peak: 412M

vm_info: Java HotSpot(TM) 64-Bit Server VM (20.0.2+9-78) for windows-amd64 JRE (20.0.2+9-78), built on 2023-06-14T10:08:48Z by "mach5one" with MS VC++ 17.1 (VS2022)

END.
