#
# A fatal error has been detected by the Java Runtime Environment:
#
#  EXCEPTION_ACCESS_VIOLATION (0xc0000005) at pc=0x00007fff53c9d05e, pid=4712, tid=10000
#
# JRE version: Java(TM) SE Runtime Environment (20.0.2+9) (build 20.0.2+9-78)
# Java VM: Java HotSpot(TM) 64-Bit Server VM (20.0.2+9-78, mixed mode, sharing, tiered, compressed oops, compressed class ptrs, g1 gc, windows-amd64)
# Problematic frame:
# V  [jvm.dll+0x31d05e]
#
# No core dump will be written. Minidumps are not enabled by default on client versions of Windows
#
# If you would like to submit a bug report, please visit:
#   https://bugreport.java.com/bugreport/crash.jsp
#

---------------  S U M M A R Y ------------

Command Line: -XX:+ShowCodeDetailsInExceptionMessages -agentlib:jdwp=transport=dt_socket,suspend=y,address=localhost:62837 -javaagent:C:\Users\Lenovo\eclipse\jee-2023-06\eclipse\configuration\org.eclipse.osgi\430\0\.cp\lib\javaagent-shaded.jar -Dfile.encoding=UTF-8 com.bank.BankOfBokaro.BankOfBokaroApplication

Host: Intel(R) Core(TM) i5-8250U CPU @ 1.60GHz, 8 cores, 7G,  Windows 10 , 64 bit Build 19041 (10.0.19041.3636)
Time: Wed Jun 12 20:29:20 2024 India Standard Time elapsed time: 8518.780750 seconds (0d 2h 21m 58s)

---------------  T H R E A D  ---------------

Current thread (0x000001260c04c0d0):  WorkerThread "GC Thread#1" [stack: 0x0000001eb8000000,0x0000001eb8100000] [id=10000]

Stack: [0x0000001eb8000000,0x0000001eb8100000],  sp=0x0000001eb80fe060,  free space=1016k
Native frames: (J=compiled Java code, j=interpreted, Vv=VM code, C=native code)
V  [jvm.dll+0x31d05e]
V  [jvm.dll+0x3451da]
V  [jvm.dll+0x345102]
V  [jvm.dll+0x317b7d]
V  [jvm.dll+0x3175bd]
V  [jvm.dll+0x3f1ef5]
V  [jvm.dll+0x7f5ff6]
V  [jvm.dll+0x7ffb81]
V  [jvm.dll+0x36cd8a]
V  [jvm.dll+0x36ce44]
V  [jvm.dll+0x3494b3]
V  [jvm.dll+0x876b17]
V  [jvm.dll+0x7f5c76]
V  [jvm.dll+0x6baecb]
C  [ucrtbase.dll+0x21bb2]
C  [KERNEL32.DLL+0x17344]
C  [ntdll.dll+0x526b1]

JavaThread 0x000001260e9c64b0 (nid = 8364) was being processed
Java frames: (J=compiled Java code, j=interpreted, Vv=VM code)
j  java.lang.invoke.LambdaForm$DMH+0x00000125c7549800.invokeVirtual(Ljava/lang/Object;Ljava/lang/Object;Ljava/lang/Object;)Ljava/lang/Object;+11 java.base@20.0.2
j  java.lang.invoke.LambdaForm$MH+0x00000125c7f78400.invoke(Ljava/lang/Object;Ljava/lang/Object;Ljava/lang/Object;)Ljava/lang/Object;+52 java.base@20.0.2
J 5767 c2 java.lang.reflect.Method.invoke(Ljava/lang/Object;[Ljava/lang/Object;)Ljava/lang/Object; java.base@20.0.2 (108 bytes) @ 0x00000125b95a1654 [0x00000125b95a1320+0x0000000000000334]
j  org.springframework.web.method.support.InvocableHandlerMethod.doInvoke([Ljava/lang/Object;)Ljava/lang/Object;+55
j  org.springframework.web.method.support.InvocableHandlerMethod.invokeForRequest(Lorg/springframework/web/context/request/NativeWebRequest;Lorg/springframework/web/method/support/ModelAndViewContainer;[Ljava/lang/Object;)Ljava/lang/Object;+82
j  org.springframework.web.servlet.mvc.method.annotation.ServletInvocableHandlerMethod.invokeAndHandle(Lorg/springframework/web/context/request/ServletWebRequest;Lorg/springframework/web/method/support/ModelAndViewContainer;[Ljava/lang/Object;)V+4
j  org.springframework.web.servlet.mvc.method.annotation.RequestMappingHandlerAdapter.invokeHandlerMethod(Ljakarta/servlet/http/HttpServletRequest;Ljakarta/servlet/http/HttpServletResponse;Lorg/springframework/web/method/HandlerMethod;)Lorg/springframework/web/servlet/ModelAndView;+309
j  org.springframework.web.servlet.mvc.method.annotation.RequestMappingHandlerAdapter.handleInternal(Ljakarta/servlet/http/HttpServletRequest;Ljakarta/servlet/http/HttpServletResponse;Lorg/springframework/web/method/HandlerMethod;)Lorg/springframework/web/servlet/ModelAndView;+81
j  org.springframework.web.servlet.mvc.method.AbstractHandlerMethodAdapter.handle(Ljakarta/servlet/http/HttpServletRequest;Ljakarta/servlet/http/HttpServletResponse;Ljava/lang/Object;)Lorg/springframework/web/servlet/ModelAndView;+7
j  org.springframework.web.servlet.DispatcherServlet.doDispatch(Ljakarta/servlet/http/HttpServletRequest;Ljakarta/servlet/http/HttpServletResponse;)V+259
j  org.springframework.web.servlet.DispatcherServlet.doService(Ljakarta/servlet/http/HttpServletRequest;Ljakarta/servlet/http/HttpServletResponse;)V+242
j  org.springframework.web.servlet.FrameworkServlet.processRequest(Ljakarta/servlet/http/HttpServletRequest;Ljakarta/servlet/http/HttpServletResponse;)V+70
j  org.springframework.web.servlet.FrameworkServlet.doPost(Ljakarta/servlet/http/HttpServletRequest;Ljakarta/servlet/http/HttpServletResponse;)V+3
j  jakarta.servlet.http.HttpServlet.service(Ljakarta/servlet/http/HttpServletRequest;Ljakarta/servlet/http/HttpServletResponse;)V+150
j  org.springframework.web.servlet.FrameworkServlet.service(Ljakarta/servlet/http/HttpServletRequest;Ljakarta/servlet/http/HttpServletResponse;)V+20
j  jakarta.servlet.http.HttpServlet.service(Ljakarta/servlet/ServletRequest;Ljakarta/servlet/ServletResponse;)V+37
j  org.apache.catalina.core.ApplicationFilterChain.internalDoFilter(Ljakarta/servlet/ServletRequest;Ljakarta/servlet/ServletResponse;)V+305
j  org.apache.catalina.core.ApplicationFilterChain.doFilter(Ljakarta/servlet/ServletRequest;Ljakarta/servlet/ServletResponse;)V+99
j  org.apache.tomcat.websocket.server.WsFilter.doFilter(Ljakarta/servlet/ServletRequest;Ljakarta/servlet/ServletResponse;Ljakarta/servlet/FilterChain;)V+21
j  org.apache.catalina.core.ApplicationFilterChain.internalDoFilter(Ljakarta/servlet/ServletRequest;Ljakarta/servlet/ServletResponse;)V+135
j  org.apache.catalina.core.ApplicationFilterChain.doFilter(Ljakarta/servlet/ServletRequest;Ljakarta/servlet/ServletResponse;)V+99
j  org.springframework.web.filter.RequestContextFilter.doFilterInternal(Ljakarta/servlet/http/HttpServletRequest;Ljakarta/servlet/http/HttpServletResponse;Ljakarta/servlet/FilterChain;)V+21
j  org.springframework.web.filter.OncePerRequestFilter.doFilter(Ljakarta/servlet/ServletRequest;Ljakarta/servlet/ServletResponse;Ljakarta/servlet/FilterChain;)V+150
j  org.apache.catalina.core.ApplicationFilterChain.internalDoFilter(Ljakarta/servlet/ServletRequest;Ljakarta/servlet/ServletResponse;)V+135
j  org.apache.catalina.core.ApplicationFilterChain.doFilter(Ljakarta/servlet/ServletRequest;Ljakarta/servlet/ServletResponse;)V+99
j  org.springframework.web.filter.FormContentFilter.doFilterInternal(Ljakarta/servlet/http/HttpServletRequest;Ljakarta/servlet/http/HttpServletResponse;Ljakarta/servlet/FilterChain;)V+38
j  org.springframework.web.filter.OncePerRequestFilter.doFilter(Ljakarta/servlet/ServletRequest;Ljakarta/servlet/ServletResponse;Ljakarta/servlet/FilterChain;)V+150
j  org.apache.catalina.core.ApplicationFilterChain.internalDoFilter(Ljakarta/servlet/ServletRequest;Ljakarta/servlet/ServletResponse;)V+135
j  org.apache.catalina.core.ApplicationFilterChain.doFilter(Ljakarta/servlet/ServletRequest;Ljakarta/servlet/ServletResponse;)V+99
j  org.springframework.web.filter.CharacterEncodingFilter.doFilterInternal(Ljakarta/servlet/http/HttpServletRequest;Ljakarta/servlet/http/HttpServletResponse;Ljakarta/servlet/FilterChain;)V+53
j  org.springframework.web.filter.OncePerRequestFilter.doFilter(Ljakarta/servlet/ServletRequest;Ljakarta/servlet/ServletResponse;Ljakarta/servlet/FilterChain;)V+150
j  org.apache.catalina.core.ApplicationFilterChain.internalDoFilter(Ljakarta/servlet/ServletRequest;Ljakarta/servlet/ServletResponse;)V+135
j  org.apache.catalina.core.ApplicationFilterChain.doFilter(Ljakarta/servlet/ServletRequest;Ljakarta/servlet/ServletResponse;)V+99
j  org.apache.catalina.core.StandardWrapperValve.invoke(Lorg/apache/catalina/connector/Request;Lorg/apache/catalina/connector/Response;)V+514
j  org.apache.catalina.core.StandardContextValve.invoke(Lorg/apache/catalina/connector/Request;Lorg/apache/catalina/connector/Response;)V+169
j  org.apache.catalina.authenticator.AuthenticatorBase.invoke(Lorg/apache/catalina/connector/Request;Lorg/apache/catalina/connector/Response;)V+218
j  org.apache.catalina.core.StandardHostValve.invoke(Lorg/apache/catalina/connector/Request;Lorg/apache/catalina/connector/Response;)V+131
j  org.apache.catalina.valves.ErrorReportValve.invoke(Lorg/apache/catalina/connector/Request;Lorg/apache/catalina/connector/Response;)V+6
j  org.apache.catalina.core.StandardEngineValve.invoke(Lorg/apache/catalina/connector/Request;Lorg/apache/catalina/connector/Response;)V+59
j  org.apache.catalina.connector.CoyoteAdapter.service(Lorg/apache/coyote/Request;Lorg/apache/coyote/Response;)V+188
j  org.apache.coyote.http11.Http11Processor.service(Lorg/apache/tomcat/util/net/SocketWrapperBase;)Lorg/apache/tomcat/util/net/AbstractEndpoint$Handler$SocketState;+795
j  org.apache.coyote.AbstractProcessorLight.process(Lorg/apache/tomcat/util/net/SocketWrapperBase;Lorg/apache/tomcat/util/net/SocketEvent;)Lorg/apache/tomcat/util/net/AbstractEndpoint$Handler$SocketState;+152
j  org.apache.coyote.AbstractProtocol$ConnectionHandler.process(Lorg/apache/tomcat/util/net/SocketWrapperBase;Lorg/apache/tomcat/util/net/SocketEvent;)Lorg/apache/tomcat/util/net/AbstractEndpoint$Handler$SocketState;+482
j  org.apache.tomcat.util.net.NioEndpoint$SocketProcessor.doRun()V+249
j  org.apache.tomcat.util.net.SocketProcessorBase.run()V+32
J 18843 c1 org.apache.tomcat.util.threads.ThreadPoolExecutor.runWorker(Lorg/apache/tomcat/util/threads/ThreadPoolExecutor$Worker;)V (187 bytes) @ 0x00000125b226abcc [0x00000125b226a260+0x000000000000096c]
J 18842 c1 org.apache.tomcat.util.threads.ThreadPoolExecutor$Worker.run()V (9 bytes) @ 0x00000125b1adb334 [0x00000125b1adb2a0+0x0000000000000094]
j  org.apache.tomcat.util.threads.TaskThread$WrappingRunnable.run()V+4
J 15572 c1 java.lang.Thread.run()V java.base@20.0.2 (23 bytes) @ 0x00000125b1d3ee74 [0x00000125b1d3ec60+0x0000000000000214]
v  ~StubRoutines::call_stub 0x00000125b8c4100d

siginfo: EXCEPTION_ACCESS_VIOLATION (0xc0000005), reading address 0x000001263a42bf50


Registers:
RAX=0x00000125c1640000, RBX=0x00000125a969dbd0, RCX=0x0000000000000001, RDX=0x0000000000000001
RSP=0x0000001eb80fe060, RBP=0x0000001eb80fe200, RSI=0x0000001eb80fe3e0, RDI=0x00000003c6f5fa81
R8 =0x000001263a42bf50, R9 =0x0000012607d38038, R10=0x00000125b8c40000, R11=0x0000001eb80fe288
R12=0x0000000000000000, R13=0x00000000000003d8, R14=0x0000000000000002, R15=0x000001260c077a60
RIP=0x00007fff53c9d05e, EFLAGS=0x0000000000010202


Register to memory mapping:

RIP=0x00007fff53c9d05e jvm.dll
RAX=0x00000125c1640000 points into unknown readable memory: 0x0000000000000001 | 01 00 00 00 00 00 00 00
RBX=0x00000125a969dbd0 points into unknown readable memory: 0x00007fff54302200 | 00 22 30 54 ff 7f 00 00
RCX=0x0000000000000001 is an unknown value
RDX=0x0000000000000001 is an unknown value
RSP=0x0000001eb80fe060 points into unknown readable memory: 0x0000000000000000 | 00 00 00 00 00 00 00 00
RBP=0x0000001eb80fe200 points into unknown readable memory: 0x0000000000000000 | 00 00 00 00 00 00 00 00
RSI=0x0000001eb80fe3e0 points into unknown readable memory: 0x0000001eb90fd3f8 | f8 d3 0f b9 1e 00 00 00
RDI=0x00000003c6f5fa81 is an unknown value
R8 =0x000001263a42bf50 is an unknown value
R9 =0x0000012607d38038 is pointing into metadata
R10=0x00000125b8c40000 points into unknown readable memory: 0x0000000000000006 | 06 00 00 00 00 00 00 00
R11=0x0000001eb80fe288 points into unknown readable memory: 0x00007fff53c975bd | bd 75 c9 53 ff 7f 00 00
R12=0x0 is NULL
R13=0x00000000000003d8 is an unknown value
R14=0x0000000000000002 is an unknown value
R15=0x000001260c077a60 points into unknown readable memory: 0x3ea0c6d2e1610302 | 02 03 61 e1 d2 c6 a0 3e


Top of Stack: (sp=0x0000001eb80fe060)
0x0000001eb80fe060:   0000000000000000 00007fff540b5bd2
0x0000001eb80fe070:   0000000000000000 0000000000000000
0x0000001eb80fe080:   00000126135adf90 00007fff53cc51da
0x0000001eb80fe090:   0000001eb90fd408 00007fff540b5bd2
0x0000001eb80fe0a0:   0000000000000000 0000001eb80fe3e0
0x0000001eb80fe0b0:   0000000000000000 0000000000000000
0x0000001eb80fe0c0:   00000126135adf90 00007fff53cc5102
0x0000001eb80fe0d0:   0000001eb80fe198 0000001eb90fd408
0x0000001eb80fe0e0:   00000125c6880090 0000000000000000
0x0000001eb80fe0f0:   0000000000000004 00007fff53c97b7d
0x0000001eb80fe100:   00000126135ae540 0000000000000004
0x0000001eb80fe110:   00000126135ae540 0000000000000000
0x0000001eb80fe120:   0000000b00000001 0000012607d38298
0x0000001eb80fe130:   000001260c04c0d0 00000125c693f1c0
0x0000001eb80fe140:   00000125c606d040 00000000000003d8
0x0000001eb80fe150:   00000125c606d050 00000125c606d428
0x0000001eb80fe160:   0000012607d3828b 00000000000000b8
0x0000001eb80fe170:   0000012607d38298 0000000000000000
0x0000001eb80fe180:   0000000000000000 0000000000000000
0x0000001eb80fe190:   0000000000000000 00000125c693f1c0
0x0000001eb80fe1a0:   0000001300000001 0000000000000055
0x0000001eb80fe1b0:   000000010000000c 00000125c6880090
0x0000001eb80fe1c0:   0000000000000000 0000000000000000
0x0000001eb80fe1d0:   0000000000000000 0000000000000000
0x0000001eb80fe1e0:   0000000000000000 0000000000000000
0x0000001eb80fe1f0:   0000000000000000 0000000000000000
0x0000001eb80fe200:   0000000000000000 0000000000000000
0x0000001eb80fe210:   0000000000000000 0000000000000000
0x0000001eb80fe220:   0000000000000000 0000000000000000
0x0000001eb80fe230:   0000000000000000 0000000000000000
0x0000001eb80fe240:   00007b7ec5d1065c 0000000000000000
0x0000001eb80fe250:   0000000000000000 00000126135ae540 

Instructions: (pc=0x00007fff53c9d05e)
0x00007fff53c9cf5e:   38 f0 4c 0f c1 04 c8 48 c7 42 08 00 00 00 00 44
0x00007fff53c9cf6e:   89 12 49 ff 41 58 4c 01 5a 08 e9 49 ff ff ff 49
0x00007fff53c9cf7e:   ff 41 50 4c 01 5a 08 e9 3c ff ff ff cc cc cc cc
0x00007fff53c9cf8e:   cc cc 48 89 5c 24 08 57 48 83 ec 20 48 8b 01 48
0x00007fff53c9cf9e:   8b fa 48 8b d9 ff 50 08 4c 8b c8 48 85 c0 74 66
0x00007fff53c9cfae:   4c 8b 40 10 4c 2b 00 48 c7 40 28 00 00 00 00 4c
0x00007fff53c9cfbe:   89 43 18 48 8b 50 10 48 8b 48 08 48 8b c7 48 2b
0x00007fff53c9cfce:   ca 48 c1 e9 03 48 3b cf 48 0f 42 c1 48 3b c7 72
0x00007fff53c9cfde:   1e 48 8d 04 c2 49 89 41 10 90 ff 43 10 48 8b c2
0x00007fff53c9cfee:   4c 89 4b 08 48 8b 5c 24 30 48 83 c4 20 5f c3 33
0x00007fff53c9cffe:   d2 90 ff 43 10 8b c2 4c 89 4b 08 48 8b 5c 24 30
0x00007fff53c9d00e:   48 83 c4 20 5f c3 48 8b 5c 24 30 48 83 c4 20 5f
0x00007fff53c9d01e:   c3 cc 48 89 5c 24 08 57 48 83 ec 20 48 8b 01 48
0x00007fff53c9d02e:   8b fa 48 8b d9 ff 10 48 2b 7b 08 8b 4b 18 48 8b
0x00007fff53c9d03e:   43 20 48 c1 ef 03 48 d3 ef 40 0f b6 cf 48 8b d7
0x00007fff53c9d04e:   48 c1 ea 06 80 e1 3f 4c 8d 04 d0 ba 01 00 00 00
0x00007fff53c9d05e:   49 8b 00 48 d3 e2 48 8b c8 48 0b ca 48 3b c8 74
0x00007fff53c9d06e:   13 90 f0 49 0f b1 08 74 18 48 8b c8 48 0b ca 48
0x00007fff53c9d07e:   3b c8 75 ee 32 c0 48 8b 5c 24 30 48 83 c4 20 5f
0x00007fff53c9d08e:   c3 48 8b 5c 24 30 b0 01 48 83 c4 20 5f c3 cc cc
0x00007fff53c9d09e:   cc cc 48 89 5c 24 08 57 48 83 ec 20 4c 8b 41 30
0x00007fff53c9d0ae:   48 8b da 48 8b f9 45 8b 88 80 00 00 00 41 8b 80
0x00007fff53c9d0be:   00 01 00 00 41 8b d1 2b d0 81 e2 ff ff 01 00 81
0x00007fff53c9d0ce:   fa fe ff 01 00 73 26 49 8b 80 80 01 00 00 4a 89
0x00007fff53c9d0de:   1c c8 41 8d 41 01 25 ff ff 01 00 41 89 80 80 00
0x00007fff53c9d0ee:   00 00 48 8b 5c 24 30 48 83 c4 20 5f c3 e8 90 9d
0x00007fff53c9d0fe:   01 00 48 8b 57 30 44 8b 82 80 00 00 00 8b 82 00
0x00007fff53c9d10e:   01 00 00 41 8b c8 2b c8 81 e1 ff ff 01 00 81 f9
0x00007fff53c9d11e:   fe ff 01 00 73 1a 48 8b 82 80 01 00 00 4a 89 1c
0x00007fff53c9d12e:   c0 41 8d 40 01 25 ff ff 01 00 89 82 80 00 00 00
0x00007fff53c9d13e:   48 8b 5c 24 30 48 83 c4 20 5f c3 cc cc cc cc cc
0x00007fff53c9d14e:   cc cc 48 89 5c 24 08 57 48 83 ec 20 48 8b 79 08 


Stack slot to memory mapping:
stack at sp + 0 slots: 0x0 is NULL
stack at sp + 1 slots: 0x00007fff540b5bd2 jvm.dll
stack at sp + 2 slots: 0x0 is NULL
stack at sp + 3 slots: 0x0 is NULL
stack at sp + 4 slots: 0x00000126135adf90 points into unknown readable memory: 0x0000001eb70ff1c0 | c0 f1 0f b7 1e 00 00 00
stack at sp + 5 slots: 0x00007fff53cc51da jvm.dll
stack at sp + 6 slots: 0x0000001eb90fd408 is pointing into the stack for thread: 0x000001260e9c64b0
stack at sp + 7 slots: 0x00007fff540b5bd2 jvm.dll


---------------  P R O C E S S  ---------------

Threads class SMR info:
_java_thread_list=0x000001260cda9ec0, length=18, elements={
0x00000125c6024200, 0x00000125c60251a0, 0x00000125c60274a0, 0x00000125c602b180,
0x00000125c602c270, 0x00000125c6034d60, 0x00000125c6038a60, 0x00000125c6047350,
0x000001260b4a5c40, 0x000001260b5b5120, 0x000001260b5bfc60, 0x000001260b5c2550,
0x000001260be36fd0, 0x000001260f42ba60, 0x0000012611e05950, 0x0000012612dfa000,
0x000001260e9c64b0, 0x0000012612126bc0
}

Java Threads: ( => current thread )
  0x00000125c6024200 JavaThread "Reference Handler" daemon [_thread_blocked, id=17280, stack(0x0000001eb7100000,0x0000001eb7200000)]
  0x00000125c60251a0 JavaThread "Finalizer" daemon [_thread_blocked, id=9872, stack(0x0000001eb7200000,0x0000001eb7300000)]
  0x00000125c60274a0 JavaThread "Signal Dispatcher" daemon [_thread_blocked, id=10288, stack(0x0000001eb7300000,0x0000001eb7400000)]
  0x00000125c602b180 JavaThread "Attach Listener" daemon [_thread_blocked, id=4068, stack(0x0000001eb7400000,0x0000001eb7500000)]
  0x00000125c602c270 JavaThread "Service Thread" daemon [_thread_blocked, id=8704, stack(0x0000001eb7500000,0x0000001eb7600000)]
  0x00000125c6034d60 JavaThread "Monitor Deflation Thread" daemon [_thread_blocked, id=15580, stack(0x0000001eb7600000,0x0000001eb7700000)]
  0x00000125c6038a60 JavaThread "C2 CompilerThread0" daemon [_thread_blocked, id=12656, stack(0x0000001eb7700000,0x0000001eb7800000)]
  0x00000125c6047350 JavaThread "C1 CompilerThread0" daemon [_thread_blocked, id=9740, stack(0x0000001eb7800000,0x0000001eb7900000)]
  0x000001260b4a5c40 JavaThread "Common-Cleaner" daemon [_thread_blocked, id=15452, stack(0x0000001eb7900000,0x0000001eb7a00000)]
  0x000001260b5b5120 JavaThread "JDWP Transport Listener: dt_socket" daemon [_thread_blocked, id=8784, stack(0x0000001eb7a00000,0x0000001eb7b00000)]
  0x000001260b5bfc60 JavaThread "JDWP Event Helper Thread" daemon [_thread_blocked, id=2308, stack(0x0000001eb7b00000,0x0000001eb7c00000)]
  0x000001260b5c2550 JavaThread "JDWP Command Reader" daemon [_thread_in_native, id=10080, stack(0x0000001eb7c00000,0x0000001eb7d00000)]
  0x000001260be36fd0 JavaThread "Notification Thread" daemon [_thread_blocked, id=1832, stack(0x0000001eb7e00000,0x0000001eb7f00000)]
  0x000001260f42ba60 JavaThread "mysql-cj-abandoned-connection-cleanup" daemon [_thread_blocked, id=16024, stack(0x0000001eb8e00000,0x0000001eb8f00000)]
  0x0000012611e05950 JavaThread "Live Reload Server" daemon [_thread_in_native, id=2328, stack(0x0000001eb9400000,0x0000001eb9500000)]
  0x0000012612dfa000 JavaThread "DestroyJavaVM" [_thread_blocked, id=11768, stack(0x0000001eb6a00000,0x0000001eb6b00000)]
  0x000001260e9c64b0 JavaThread "http-nio-8080-exec-1" daemon [_thread_blocked, id=8364, stack(0x0000001eb9000000,0x0000001eb9100000)]
  0x0000012612126bc0 JavaThread "Thread-107" [_thread_blocked, id=7844, stack(0x0000001eb7d00000,0x0000001eb7e00000)]

Other Threads:
  0x00000125c6004cf0 VMThread "VM Thread" [stack: 0x0000001eb7000000,0x0000001eb7100000] [id=17372]
  0x000001260bce8f10 WatcherThread "VM Periodic Task Thread" [stack: 0x0000001eb7f00000,0x0000001eb8000000] [id=3984]
  0x00000125a969d690 WorkerThread "GC Thread#0" [stack: 0x0000001eb6b00000,0x0000001eb6c00000] [id=17320]
=>0x000001260c04c0d0 WorkerThread "GC Thread#1" [stack: 0x0000001eb8000000,0x0000001eb8100000] [id=10000]
  0x000001260c06e7a0 WorkerThread "GC Thread#2" [stack: 0x0000001eb8100000,0x0000001eb8200000] [id=2840]
  0x000001260c16cd40 WorkerThread "GC Thread#3" [stack: 0x0000001eb8200000,0x0000001eb8300000] [id=13724]
  0x000001260c16d010 WorkerThread "GC Thread#4" [stack: 0x0000001eb8300000,0x0000001eb8400000] [id=16068]
  0x000001260c16d2e0 WorkerThread "GC Thread#5" [stack: 0x0000001eb8400000,0x0000001eb8500000] [id=17156]
  0x000001260c16d8d0 WorkerThread "GC Thread#6" [stack: 0x0000001eb8500000,0x0000001eb8600000] [id=9088]
  0x000001260c16e9b0 WorkerThread "GC Thread#7" [stack: 0x0000001eb8600000,0x0000001eb8700000] [id=5400]
  0x00000125a96ae390 ConcurrentGCThread "G1 Main Marker" [stack: 0x0000001eb6c00000,0x0000001eb6d00000] [id=556]
  0x00000125a96af470 WorkerThread "G1 Conc#0" [stack: 0x0000001eb6d00000,0x0000001eb6e00000] [id=11636]
  0x000001260c16e6e0 WorkerThread "G1 Conc#1" [stack: 0x0000001eb8a00000,0x0000001eb8b00000] [id=18208]
  0x00000125a96fe8a0 ConcurrentGCThread "G1 Refine#0" [stack: 0x0000001eb6e00000,0x0000001eb6f00000] [id=5764]
  0x00000125c5eb64e0 ConcurrentGCThread "G1 Service" [stack: 0x0000001eb6f00000,0x0000001eb7000000] [id=16936]

Threads with active compile tasks:
C2 CompilerThread0  8518880 19446       4       java.time.Instant::now (4 bytes)

VM state: at safepoint (normal execution)

VM Mutex/Monitor currently owned by a thread:  ([mutex/lock_event])
[0x00000125a963a400] Threads_lock - owner thread: 0x00000125c6004cf0
[0x00000125a963a6d0] Heap_lock - owner thread: 0x0000012612126bc0

Heap address: 0x0000000081600000, size: 2026 MB, Compressed Oops mode: 32-bit

CDS archive(s) mapped at: [0x00000125c6400000-0x00000125c7060000-0x00000125c7060000), size 12976128, SharedBaseAddress: 0x00000125c6400000, ArchiveRelocationMode: 1.
Compressed class space mapped at: 0x00000125c7400000-0x0000012607400000, reserved size: 1073741824
Narrow klass base: 0x00000125c6400000, Narrow klass shift: 0, Narrow klass range: 0x100000000

GC Precious Log:
 CardTable entry size: 512
 Card Set container configuration: InlinePtr #cards 5 size 8 Array Of Cards #cards 12 size 40 Howl #buckets 4 coarsen threshold 1843 Howl Bitmap #cards 512 size 80 coarsen threshold 460 Card regions per heap region 1 cards per card region 2048
 CPUs: 8 total, 8 available
 Memory: 8101M
 Large Page Support: Disabled
 NUMA Support: Disabled
 Compressed Oops: Enabled (32-bit)
 Heap Region Size: 1M
 Heap Min Capacity: 8M
 Heap Initial Capacity: 128M
 Heap Max Capacity: 2026M
 Pre-touch: Disabled
 Parallel Workers: 8
 Concurrent Workers: 2
 Concurrent Refinement Workers: 8
 Periodic GC: Disabled

Heap:
 garbage-first heap   total 94208K, used 70812K [0x0000000081600000, 0x0000000100000000)
  region size 1024K, 37 young (37888K), 4 survivors (4096K)
 Metaspace       used 98072K, committed 99008K, reserved 1179648K
  class space    used 11482K, committed 11904K, reserved 1048576K

Heap Regions: E=young(eden), S=young(survivor), O=old, HS=humongous(starts), HC=humongous(continues), CS=collection set, F=free, OA=open archive, CA=closed archive, TAMS=top-at-mark-start, PB=parsable bottom
|   0|0x0000000081600000, 0x0000000081700000, 0x0000000081700000|100%|HS|  |TAMS 0x0000000081600000| PB 0x0000000081600000| Complete 
|   1|0x0000000081700000, 0x00000000817ffff0, 0x0000000081800000| 99%| O|  |TAMS 0x0000000081700000| PB 0x0000000081700000| Untracked 
|   2|0x0000000081800000, 0x0000000081900000, 0x0000000081900000|100%| O|  |TAMS 0x0000000081800000| PB 0x0000000081800000| Untracked 
|   3|0x0000000081900000, 0x00000000819fff40, 0x0000000081a00000| 99%| O|  |TAMS 0x0000000081900000| PB 0x0000000081900000| Untracked 
|   4|0x0000000081a00000, 0x0000000081affff0, 0x0000000081b00000| 99%| O|  |TAMS 0x0000000081a00000| PB 0x0000000081a00000| Untracked 
|   5|0x0000000081b00000, 0x0000000081bffff8, 0x0000000081c00000| 99%| O|  |TAMS 0x0000000081b00000| PB 0x0000000081b00000| Untracked 
|   6|0x0000000081c00000, 0x0000000081d00000, 0x0000000081d00000|100%| O|  |TAMS 0x0000000081c00000| PB 0x0000000081c00000| Untracked 
|   7|0x0000000081d00000, 0x0000000081e00000, 0x0000000081e00000|100%| O|  |TAMS 0x0000000081d00000| PB 0x0000000081d00000| Untracked 
|   8|0x0000000081e00000, 0x0000000081efffe0, 0x0000000081f00000| 99%| O|  |TAMS 0x0000000081e00000| PB 0x0000000081e00000| Untracked 
|   9|0x0000000081f00000, 0x0000000081ffffd8, 0x0000000082000000| 99%| O|  |TAMS 0x0000000081f00000| PB 0x0000000081f00000| Untracked 
|  10|0x0000000082000000, 0x00000000820fffa8, 0x0000000082100000| 99%| O|  |TAMS 0x0000000082000000| PB 0x0000000082000000| Untracked 
|  11|0x0000000082100000, 0x0000000082200000, 0x0000000082200000|100%| O|  |TAMS 0x0000000082100000| PB 0x0000000082100000| Untracked 
|  12|0x0000000082200000, 0x00000000822ffff8, 0x0000000082300000| 99%| O|  |TAMS 0x0000000082200000| PB 0x0000000082200000| Untracked 
|  13|0x0000000082300000, 0x00000000823fffe8, 0x0000000082400000| 99%| O|  |TAMS 0x0000000082300000| PB 0x0000000082300000| Untracked 
|  14|0x0000000082400000, 0x00000000824fffc8, 0x0000000082500000| 99%| O|  |TAMS 0x0000000082400000| PB 0x0000000082400000| Untracked 
|  15|0x0000000082500000, 0x00000000825fffe8, 0x0000000082600000| 99%| O|  |TAMS 0x0000000082500000| PB 0x0000000082500000| Untracked 
|  16|0x0000000082600000, 0x0000000082700000, 0x0000000082700000|100%| O|  |TAMS 0x0000000082600000| PB 0x0000000082600000| Untracked 
|  17|0x0000000082700000, 0x00000000827ffff8, 0x0000000082800000| 99%| O|  |TAMS 0x0000000082700000| PB 0x0000000082700000| Untracked 
|  18|0x0000000082800000, 0x0000000082900000, 0x0000000082900000|100%| O|  |TAMS 0x0000000082800000| PB 0x0000000082800000| Untracked 
|  19|0x0000000082900000, 0x00000000829ffff8, 0x0000000082a00000| 99%| O|  |TAMS 0x0000000082900000| PB 0x0000000082900000| Untracked 
|  20|0x0000000082a00000, 0x0000000082afffe8, 0x0000000082b00000| 99%| O|  |TAMS 0x0000000082a00000| PB 0x0000000082a00000| Untracked 
|  21|0x0000000082b00000, 0x0000000082bfffd8, 0x0000000082c00000| 99%| O|  |TAMS 0x0000000082b00000| PB 0x0000000082b00000| Untracked 
|  22|0x0000000082c00000, 0x0000000082cfff40, 0x0000000082d00000| 99%| O|  |TAMS 0x0000000082c00000| PB 0x0000000082c00000| Untracked 
|  23|0x0000000082d00000, 0x0000000082dfffc8, 0x0000000082e00000| 99%| O|  |TAMS 0x0000000082d00000| PB 0x0000000082d00000| Untracked 
|  24|0x0000000082e00000, 0x0000000082efffe0, 0x0000000082f00000| 99%| O|  |TAMS 0x0000000082e00000| PB 0x0000000082e00000| Untracked 
|  25|0x0000000082f00000, 0x0000000083000000, 0x0000000083000000|100%| O|  |TAMS 0x0000000082f00000| PB 0x0000000082f00000| Untracked 
|  26|0x0000000083000000, 0x00000000830fffe0, 0x0000000083100000| 99%| O|  |TAMS 0x0000000083000000| PB 0x0000000083000000| Untracked 
|  27|0x0000000083100000, 0x00000000831fffe0, 0x0000000083200000| 99%| O|  |TAMS 0x0000000083100000| PB 0x0000000083100000| Untracked 
|  28|0x0000000083200000, 0x00000000832e1770, 0x0000000083300000| 88%| O|  |TAMS 0x0000000083200000| PB 0x0000000083200000| Untracked 
|  29|0x0000000083300000, 0x00000000833ff1f8, 0x0000000083400000| 99%| O|  |TAMS 0x0000000083300000| PB 0x0000000083300000| Untracked 
|  30|0x0000000083400000, 0x00000000834fffb8, 0x0000000083500000| 99%| O|  |TAMS 0x0000000083400000| PB 0x0000000083400000| Untracked 
|  31|0x0000000083500000, 0x00000000835cd268, 0x0000000083600000| 80%| O|  |TAMS 0x0000000083500000| PB 0x0000000083500000| Untracked 
|  32|0x0000000083600000, 0x00000000836598a8, 0x0000000083700000| 34%| O|  |TAMS 0x0000000083600000| PB 0x0000000083600000| Complete 
|  33|0x0000000083700000, 0x0000000083700000, 0x0000000083800000|  0%| F|  |TAMS 0x0000000083700000| PB 0x0000000083700000| Untracked 
|  34|0x0000000083800000, 0x00000000838780f8, 0x0000000083900000| 46%| O|  |TAMS 0x0000000083800000| PB 0x0000000083800000| Untracked 
|  35|0x0000000083900000, 0x00000000839be8d8, 0x0000000083a00000| 74%| O|  |TAMS 0x0000000083900000| PB 0x0000000083900000| Untracked 
|  36|0x0000000083a00000, 0x0000000083a00000, 0x0000000083b00000|  0%| F|  |TAMS 0x0000000083a00000| PB 0x0000000083a00000| Untracked 
|  37|0x0000000083b00000, 0x0000000083b00000, 0x0000000083c00000|  0%| F|  |TAMS 0x0000000083b00000| PB 0x0000000083b00000| Untracked 
|  38|0x0000000083c00000, 0x0000000083c00000, 0x0000000083d00000|  0%| F|  |TAMS 0x0000000083c00000| PB 0x0000000083c00000| Untracked 
|  39|0x0000000083d00000, 0x0000000083d00000, 0x0000000083e00000|  0%| F|  |TAMS 0x0000000083d00000| PB 0x0000000083d00000| Untracked 
|  40|0x0000000083e00000, 0x0000000083e00000, 0x0000000083f00000|  0%| F|  |TAMS 0x0000000083e00000| PB 0x0000000083e00000| Untracked 
|  41|0x0000000083f00000, 0x0000000083f82ec0, 0x0000000084000000| 51%| S|  |TAMS 0x0000000083f00000| PB 0x0000000083f00000| Complete 
|  42|0x0000000084000000, 0x0000000084100000, 0x0000000084100000|100%| S|  |TAMS 0x0000000084000000| PB 0x0000000084000000| Complete 
|  43|0x0000000084100000, 0x0000000084200000, 0x0000000084200000|100%| S|  |TAMS 0x0000000084100000| PB 0x0000000084100000| Complete 
|  44|0x0000000084200000, 0x0000000084300000, 0x0000000084300000|100%| S|  |TAMS 0x0000000084200000| PB 0x0000000084200000| Complete 
|  45|0x0000000084300000, 0x0000000084300000, 0x0000000084400000|  0%| F|  |TAMS 0x0000000084300000| PB 0x0000000084300000| Untracked 
|  46|0x0000000084400000, 0x0000000084400000, 0x0000000084500000|  0%| F|  |TAMS 0x0000000084400000| PB 0x0000000084400000| Untracked 
|  47|0x0000000084500000, 0x0000000084500000, 0x0000000084600000|  0%| F|  |TAMS 0x0000000084500000| PB 0x0000000084500000| Untracked 
|  48|0x0000000084600000, 0x0000000084600000, 0x0000000084700000|  0%| F|  |TAMS 0x0000000084600000| PB 0x0000000084600000| Untracked 
|  49|0x0000000084700000, 0x0000000084700000, 0x0000000084800000|  0%| F|  |TAMS 0x0000000084700000| PB 0x0000000084700000| Untracked 
|  50|0x0000000084800000, 0x0000000084800000, 0x0000000084900000|  0%| F|  |TAMS 0x0000000084800000| PB 0x0000000084800000| Untracked 
|  51|0x0000000084900000, 0x0000000084900000, 0x0000000084a00000|  0%| F|  |TAMS 0x0000000084900000| PB 0x0000000084900000| Untracked 
|  52|0x0000000084a00000, 0x0000000084a00000, 0x0000000084b00000|  0%| F|  |TAMS 0x0000000084a00000| PB 0x0000000084a00000| Untracked 
|  53|0x0000000084b00000, 0x0000000084b00000, 0x0000000084c00000|  0%| F|  |TAMS 0x0000000084b00000| PB 0x0000000084b00000| Untracked 
|  54|0x0000000084c00000, 0x0000000084c00000, 0x0000000084d00000|  0%| F|  |TAMS 0x0000000084c00000| PB 0x0000000084c00000| Untracked 
|  55|0x0000000084d00000, 0x0000000084d00000, 0x0000000084e00000|  0%| F|  |TAMS 0x0000000084d00000| PB 0x0000000084d00000| Untracked 
|  56|0x0000000084e00000, 0x0000000084e00000, 0x0000000084f00000|  0%| F|  |TAMS 0x0000000084e00000| PB 0x0000000084e00000| Untracked 
|  57|0x0000000084f00000, 0x0000000084f00000, 0x0000000085000000|  0%| F|  |TAMS 0x0000000084f00000| PB 0x0000000084f00000| Untracked 
|  58|0x0000000085000000, 0x0000000085000000, 0x0000000085100000|  0%| F|  |TAMS 0x0000000085000000| PB 0x0000000085000000| Untracked 
|  59|0x0000000085100000, 0x00000000851668b8, 0x0000000085200000| 40%| E|  |TAMS 0x0000000085100000| PB 0x0000000085100000| Complete 
|  60|0x0000000085200000, 0x0000000085300000, 0x0000000085300000|100%| E|  |TAMS 0x0000000085200000| PB 0x0000000085200000| Complete 
|  61|0x0000000085300000, 0x0000000085400000, 0x0000000085400000|100%| E|  |TAMS 0x0000000085300000| PB 0x0000000085300000| Complete 
|  62|0x0000000085400000, 0x0000000085500000, 0x0000000085500000|100%| E|  |TAMS 0x0000000085400000| PB 0x0000000085400000| Complete 
|  63|0x0000000085500000, 0x0000000085600000, 0x0000000085600000|100%| E|  |TAMS 0x0000000085500000| PB 0x0000000085500000| Complete 
|  64|0x0000000085600000, 0x0000000085700000, 0x0000000085700000|100%| E|  |TAMS 0x0000000085600000| PB 0x0000000085600000| Complete 
|  65|0x0000000085700000, 0x0000000085800000, 0x0000000085800000|100%| E|  |TAMS 0x0000000085700000| PB 0x0000000085700000| Complete 
|  66|0x0000000085800000, 0x0000000085900000, 0x0000000085900000|100%| E|  |TAMS 0x0000000085800000| PB 0x0000000085800000| Complete 
|  67|0x0000000085900000, 0x0000000085a00000, 0x0000000085a00000|100%| E|  |TAMS 0x0000000085900000| PB 0x0000000085900000| Complete 
|  68|0x0000000085a00000, 0x0000000085b00000, 0x0000000085b00000|100%| E|  |TAMS 0x0000000085a00000| PB 0x0000000085a00000| Complete 
|  69|0x0000000085b00000, 0x0000000085c00000, 0x0000000085c00000|100%| E|  |TAMS 0x0000000085b00000| PB 0x0000000085b00000| Complete 
|  70|0x0000000085c00000, 0x0000000085d00000, 0x0000000085d00000|100%| E|  |TAMS 0x0000000085c00000| PB 0x0000000085c00000| Complete 
|  71|0x0000000085d00000, 0x0000000085e00000, 0x0000000085e00000|100%| E|  |TAMS 0x0000000085d00000| PB 0x0000000085d00000| Complete 
|  72|0x0000000085e00000, 0x0000000085f00000, 0x0000000085f00000|100%| E|  |TAMS 0x0000000085e00000| PB 0x0000000085e00000| Complete 
|  73|0x0000000085f00000, 0x0000000086000000, 0x0000000086000000|100%| E|  |TAMS 0x0000000085f00000| PB 0x0000000085f00000| Complete 
|  74|0x0000000086000000, 0x0000000086100000, 0x0000000086100000|100%| E|  |TAMS 0x0000000086000000| PB 0x0000000086000000| Complete 
|  75|0x0000000086100000, 0x0000000086200000, 0x0000000086200000|100%| E|  |TAMS 0x0000000086100000| PB 0x0000000086100000| Complete 
|  76|0x0000000086200000, 0x0000000086300000, 0x0000000086300000|100%| E|  |TAMS 0x0000000086200000| PB 0x0000000086200000| Complete 
|  77|0x0000000086300000, 0x0000000086400000, 0x0000000086400000|100%| E|  |TAMS 0x0000000086300000| PB 0x0000000086300000| Complete 
|  78|0x0000000086400000, 0x0000000086500000, 0x0000000086500000|100%| E|  |TAMS 0x0000000086400000| PB 0x0000000086400000| Complete 
|  79|0x0000000086500000, 0x0000000086600000, 0x0000000086600000|100%| E|  |TAMS 0x0000000086500000| PB 0x0000000086500000| Complete 
|  80|0x0000000086600000, 0x0000000086700000, 0x0000000086700000|100%| E|  |TAMS 0x0000000086600000| PB 0x0000000086600000| Complete 
|  81|0x0000000086700000, 0x0000000086800000, 0x0000000086800000|100%| E|  |TAMS 0x0000000086700000| PB 0x0000000086700000| Complete 
|  82|0x0000000086800000, 0x0000000086900000, 0x0000000086900000|100%| E|  |TAMS 0x0000000086800000| PB 0x0000000086800000| Complete 
|  83|0x0000000086900000, 0x0000000086a00000, 0x0000000086a00000|100%| E|  |TAMS 0x0000000086900000| PB 0x0000000086900000| Complete 
|  84|0x0000000086a00000, 0x0000000086b00000, 0x0000000086b00000|100%| E|  |TAMS 0x0000000086a00000| PB 0x0000000086a00000| Complete 
|  85|0x0000000086b00000, 0x0000000086c00000, 0x0000000086c00000|100%| E|  |TAMS 0x0000000086b00000| PB 0x0000000086b00000| Complete 
|  86|0x0000000086c00000, 0x0000000086d00000, 0x0000000086d00000|100%| E|  |TAMS 0x0000000086c00000| PB 0x0000000086c00000| Complete 
| 127|0x0000000089500000, 0x0000000089600000, 0x0000000089600000|100%| E|  |TAMS 0x0000000089500000| PB 0x0000000089500000| Complete 
|2022|0x00000000ffc00000, 0x00000000ffd00000, 0x00000000ffd00000|100%| E|  |TAMS 0x00000000ffc00000| PB 0x00000000ffc00000| Complete 
|2023|0x00000000ffd00000, 0x00000000ffe00000, 0x00000000ffe00000|100%| E|  |TAMS 0x00000000ffd00000| PB 0x00000000ffd00000| Complete 
|2024|0x00000000ffe00000, 0x00000000fff00000, 0x00000000fff00000|100%| E|  |TAMS 0x00000000ffe00000| PB 0x00000000ffe00000| Complete 
|2025|0x00000000fff00000, 0x0000000100000000, 0x0000000100000000|100%| E|  |TAMS 0x00000000fff00000| PB 0x00000000fff00000| Complete 

Card table byte_map: [0x00000125c0e40000,0x00000125c1240000] _byte_map_base: 0x00000125c0a35000

Marking Bits: (CMBitMap*) 0x00000125a969dbd0
 Bits: [0x00000125c1640000, 0x00000125c35e8000)

Polling page: 0x00000125a74d0000

Metaspace:

Usage:
  Non-class:     84.56 MB used.
      Class:     11.21 MB used.
       Both:     95.77 MB used.

Virtual space:
  Non-class space:      128.00 MB reserved,      85.06 MB ( 66%) committed,  2 nodes.
      Class space:        1.00 GB reserved,      11.62 MB (  1%) committed,  1 nodes.
             Both:        1.12 GB reserved,      96.69 MB (  8%) committed. 

Chunk freelists:
   Non-Class:  2.61 MB
       Class:  430.00 KB
        Both:  3.03 MB

MaxMetaspaceSize: unlimited
CompressedClassSpaceSize: 1.00 GB
Initial GC threshold: 21.00 MB
Current GC threshold: 160.44 MB
CDS: on
MetaspaceReclaimPolicy: balanced
 - commit_granule_bytes: 65536.
 - commit_granule_words: 8192.
 - virtual_space_node_default_size: 8388608.
 - enlarge_chunks_in_place: 1.
 - new_chunks_are_fully_committed: 0.
 - uncommit_free_chunks: 1.
 - use_allocation_guard: 0.


Internal statistics:

num_allocs_failed_limit: 9.
num_arena_births: 1410.
num_arena_deaths: 572.
num_vsnodes_births: 3.
num_vsnodes_deaths: 0.
num_space_committed: 1547.
num_space_uncommitted: 0.
num_chunks_returned_to_freelist: 661.
num_chunks_taken_from_freelist: 5411.
num_chunk_merges: 130.
num_chunk_splits: 3444.
num_chunks_enlarged: 2570.
num_inconsistent_stats: 0.

CodeHeap 'non-profiled nmethods': size=120000Kb used=12096Kb max_used=12176Kb free=107903Kb
 bounds [0x00000125b91e0000, 0x00000125b9dd0000, 0x00000125c0710000]
CodeHeap 'profiled nmethods': size=120000Kb used=21475Kb max_used=21775Kb free=98524Kb
 bounds [0x00000125b1710000, 0x00000125b2c80000, 0x00000125b8c40000]
CodeHeap 'non-nmethods': size=5760Kb used=1876Kb max_used=1994Kb free=3883Kb
 bounds [0x00000125b8c40000, 0x00000125b8eb0000, 0x00000125b91e0000]
 total_blobs=10645 nmethods=9883 adapters=671
 compilation: enabled
              stopped_count=0, restarted_count=0
 full_count=0

Compilation events (20 events):
Event: 8452.705 Thread 0x00000125c6047350 nmethod 19436 0x00000125b1bbe990 code [0x00000125b1bbf240, 0x00000125b1bc47d0]
Event: 8452.705 Thread 0x00000125c6047350 19437       3       com.mysql.cj.protocol.a.NativePacketPayload::getTag (27 bytes)
Event: 8452.706 Thread 0x00000125c6047350 nmethod 19437 0x00000125b1b99b90 code [0x00000125b1b99d40, 0x00000125b1b9a0b8]
Event: 8452.706 Thread 0x00000125c6047350 19438       3       com.mysql.cj.util.LazyString::<init> (20 bytes)
Event: 8452.706 Thread 0x00000125c6047350 nmethod 19438 0x00000125b243a990 code [0x00000125b243ab20, 0x00000125b243ace8]
Event: 8452.706 Thread 0x00000125c6047350 19439   !   3       com.mysql.cj.jdbc.result.ResultSetFactory::createFromProtocolEntity (99 bytes)
Event: 8452.706 Thread 0x00000125c6047350 nmethod 19439 0x00000125b1a6f390 code [0x00000125b1a6f660, 0x00000125b1a705a8]
Event: 8511.435 Thread 0x00000125c6047350 19440   !   3       java.nio.channels.spi.AbstractSelectableChannel::isRegistered (27 bytes)
Event: 8511.436 Thread 0x00000125c6047350 nmethod 19440 0x00000125b25bf690 code [0x00000125b25bf820, 0x00000125b25bfa88]
Event: 8516.438 Thread 0x00000125c6038a60 19441       4       java.time.format.DateTimePrintContext::getValue (36 bytes)
Event: 8516.443 Thread 0x00000125c6047350 19442  s    3       jdk.internal.ref.Cleaner::remove (89 bytes)
Event: 8516.444 Thread 0x00000125c6047350 nmethod 19442 0x00000125b2323110 code [0x00000125b23232e0, 0x00000125b23238a8]
Event: 8516.444 Thread 0x00000125c6047350 19443       3       java.nio.DirectByteBuffer$Deallocator::run (38 bytes)
Event: 8516.444 Thread 0x00000125c6047350 nmethod 19443 0x00000125b2181810 code [0x00000125b21819e0, 0x00000125b2181df8]
Event: 8516.449 Thread 0x00000125c6047350 19444       3       java.util.concurrent.FutureTask::<init> (27 bytes)
Event: 8516.449 Thread 0x00000125c6047350 nmethod 19444 0x00000125b2b26b10 code [0x00000125b2b26cc0, 0x00000125b2b26fa8]
Event: 8516.450 Thread 0x00000125c6038a60 nmethod 19441 0x00000125b9afaa90 code [0x00000125b9afac40, 0x00000125b9afb220]
Event: 8518.752 Thread 0x00000125c6047350 19445       3       java.io.ObjectStreamClass::requireInitialized (19 bytes)
Event: 8518.753 Thread 0x00000125c6047350 nmethod 19445 0x00000125b2910810 code [0x00000125b29109c0, 0x00000125b2910bd8]
Event: 8518.756 Thread 0x00000125c6038a60 19446       4       java.time.Instant::now (4 bytes)

GC Heap History (20 events):
Event: 6897.201 GC heap after
{Heap after GC invocations=99 (full 23):
 garbage-first heap   total 94208K, used 36860K [0x0000000081600000, 0x0000000100000000)
  region size 1024K, 4 young (4096K), 4 survivors (4096K)
 Metaspace       used 95534K, committed 96512K, reserved 1179648K
  class space    used 11268K, committed 11712K, reserved 1048576K
}
Event: 7303.143 GC heap before
{Heap before GC invocations=100 (full 23):
 garbage-first heap   total 94208K, used 79868K [0x0000000081600000, 0x0000000100000000)
  region size 1024K, 46 young (47104K), 4 survivors (4096K)
 Metaspace       used 95965K, committed 96896K, reserved 1179648K
  class space    used 11283K, committed 11712K, reserved 1048576K
}
Event: 7303.147 GC heap after
{Heap after GC invocations=101 (full 23):
 garbage-first heap   total 94208K, used 38492K [0x0000000081600000, 0x0000000100000000)
  region size 1024K, 3 young (3072K), 3 survivors (3072K)
 Metaspace       used 95965K, committed 96896K, reserved 1179648K
  class space    used 11283K, committed 11712K, reserved 1048576K
}
Event: 7326.695 GC heap before
{Heap before GC invocations=101 (full 23):
 garbage-first heap   total 94208K, used 40540K [0x0000000081600000, 0x0000000100000000)
  region size 1024K, 6 young (6144K), 3 survivors (3072K)
 Metaspace       used 95984K, committed 96896K, reserved 1179648K
  class space    used 11283K, committed 11712K, reserved 1048576K
}
Event: 7326.747 GC heap after
{Heap after GC invocations=102 (full 24):
 garbage-first heap   total 94208K, used 32836K [0x0000000081600000, 0x0000000100000000)
  region size 1024K, 0 young (0K), 0 survivors (0K)
 Metaspace       used 95976K, committed 96896K, reserved 1179648K
  class space    used 11281K, committed 11712K, reserved 1048576K
}
Event: 7327.139 GC heap before
{Heap before GC invocations=102 (full 24):
 garbage-first heap   total 94208K, used 79940K [0x0000000081600000, 0x0000000100000000)
  region size 1024K, 47 young (48128K), 0 survivors (0K)
 Metaspace       used 96072K, committed 96960K, reserved 1179648K
  class space    used 11296K, committed 11712K, reserved 1048576K
}
Event: 7327.142 GC heap after
{Heap after GC invocations=103 (full 24):
 garbage-first heap   total 94208K, used 36503K [0x0000000081600000, 0x0000000100000000)
  region size 1024K, 4 young (4096K), 4 survivors (4096K)
 Metaspace       used 96072K, committed 96960K, reserved 1179648K
  class space    used 11296K, committed 11712K, reserved 1048576K
}
Event: 7761.653 GC heap before
{Heap before GC invocations=104 (full 24):
 garbage-first heap   total 94208K, used 80535K [0x0000000081600000, 0x0000000100000000)
  region size 1024K, 47 young (48128K), 4 survivors (4096K)
 Metaspace       used 96322K, committed 97216K, reserved 1179648K
  class space    used 11311K, committed 11712K, reserved 1048576K
}
Event: 7761.656 GC heap after
{Heap after GC invocations=105 (full 24):
 garbage-first heap   total 94208K, used 38114K [0x0000000081600000, 0x0000000100000000)
  region size 1024K, 3 young (3072K), 3 survivors (3072K)
 Metaspace       used 96322K, committed 97216K, reserved 1179648K
  class space    used 11311K, committed 11712K, reserved 1048576K
}
Event: 8205.567 GC heap before
{Heap before GC invocations=105 (full 24):
 garbage-first heap   total 94208K, used 55522K [0x0000000081600000, 0x0000000100000000)
  region size 1024K, 21 young (21504K), 3 survivors (3072K)
 Metaspace       used 96358K, committed 97280K, reserved 1179648K
  class space    used 11312K, committed 11776K, reserved 1048576K
}
Event: 8205.618 GC heap after
{Heap after GC invocations=106 (full 25):
 garbage-first heap   total 94208K, used 32833K [0x0000000081600000, 0x0000000100000000)
  region size 1024K, 0 young (0K), 0 survivors (0K)
 Metaspace       used 96356K, committed 97280K, reserved 1179648K
  class space    used 11312K, committed 11776K, reserved 1048576K
}
Event: 8206.030 GC heap before
{Heap before GC invocations=106 (full 25):
 garbage-first heap   total 94208K, used 80961K [0x0000000081600000, 0x0000000100000000)
  region size 1024K, 48 young (49152K), 0 survivors (0K)
 Metaspace       used 96490K, committed 97408K, reserved 1179648K
  class space    used 11328K, committed 11776K, reserved 1048576K
}
Event: 8206.033 GC heap after
{Heap after GC invocations=107 (full 25):
 garbage-first heap   total 94208K, used 36556K [0x0000000081600000, 0x0000000100000000)
  region size 1024K, 4 young (4096K), 4 survivors (4096K)
 Metaspace       used 96490K, committed 97408K, reserved 1179648K
  class space    used 11328K, committed 11776K, reserved 1048576K
}
Event: 8341.905 GC heap before
{Heap before GC invocations=108 (full 25):
 garbage-first heap   total 94208K, used 80588K [0x0000000081600000, 0x0000000100000000)
  region size 1024K, 48 young (49152K), 4 survivors (4096K)
 Metaspace       used 97370K, committed 98304K, reserved 1179648K
  class space    used 11421K, committed 11840K, reserved 1048576K
}
Event: 8341.909 GC heap after
{Heap after GC invocations=109 (full 25):
 garbage-first heap   total 94208K, used 38944K [0x0000000081600000, 0x0000000100000000)
  region size 1024K, 4 young (4096K), 4 survivors (4096K)
 Metaspace       used 97370K, committed 98304K, reserved 1179648K
  class space    used 11421K, committed 11840K, reserved 1048576K
}
Event: 8428.726 GC heap before
{Heap before GC invocations=109 (full 25):
 garbage-first heap   total 94208K, used 43040K [0x0000000081600000, 0x0000000100000000)
  region size 1024K, 9 young (9216K), 4 survivors (4096K)
 Metaspace       used 97623K, committed 98560K, reserved 1179648K
  class space    used 11443K, committed 11840K, reserved 1048576K
}
Event: 8428.774 GC heap after
{Heap after GC invocations=110 (full 26):
 garbage-first heap   total 94208K, used 34038K [0x0000000081600000, 0x0000000100000000)
  region size 1024K, 0 young (0K), 0 survivors (0K)
 Metaspace       used 97611K, committed 98560K, reserved 1179648K
  class space    used 11442K, committed 11840K, reserved 1048576K
}
Event: 8429.166 GC heap before
{Heap before GC invocations=110 (full 26):
 garbage-first heap   total 94208K, used 81142K [0x0000000081600000, 0x0000000100000000)
  region size 1024K, 47 young (48128K), 0 survivors (0K)
 Metaspace       used 97786K, committed 98624K, reserved 1179648K
  class space    used 11467K, committed 11840K, reserved 1048576K
}
Event: 8429.169 GC heap after
{Heap after GC invocations=111 (full 26):
 garbage-first heap   total 94208K, used 37634K [0x0000000081600000, 0x0000000100000000)
  region size 1024K, 4 young (4096K), 4 survivors (4096K)
 Metaspace       used 97786K, committed 98624K, reserved 1179648K
  class space    used 11467K, committed 11840K, reserved 1048576K
}
Event: 8518.757 GC heap before
{Heap before GC invocations=112 (full 26):
 garbage-first heap   total 94208K, used 70402K [0x0000000081600000, 0x0000000100000000)
  region size 1024K, 37 young (37888K), 4 survivors (4096K)
 Metaspace       used 98072K, committed 99008K, reserved 1179648K
  class space    used 11482K, committed 11904K, reserved 1048576K
}

Dll operation events (13 events):
Event: 0.014 Loaded shared library C:\Program Files\Java\jdk-20\bin\java.dll
Event: 0.044 Loaded shared library C:\Program Files\Java\jdk-20\bin\jsvml.dll
Event: 0.370 Loaded shared library C:\Program Files\Java\jdk-20\bin\zip.dll
Event: 0.375 Loaded shared library C:\Program Files\Java\jdk-20\bin\instrument.dll
Event: 0.383 Loaded shared library C:\Program Files\Java\jdk-20\bin\net.dll
Event: 0.385 Loaded shared library C:\Program Files\Java\jdk-20\bin\nio.dll
Event: 0.390 Loaded shared library C:\Program Files\Java\jdk-20\bin\zip.dll
Event: 0.625 Loaded shared library C:\Program Files\Java\jdk-20\bin\jimage.dll
Event: 0.711 Loaded shared library C:\Program Files\Java\jdk-20\bin\verify.dll
Event: 1.440 Loaded shared library C:\Program Files\Java\jdk-20\bin\management.dll
Event: 1.444 Loaded shared library C:\Program Files\Java\jdk-20\bin\management_ext.dll
Event: 3.269 Loaded shared library C:\Program Files\Java\jdk-20\bin\sunmscapi.dll
Event: 8.812 Loaded shared library C:\Program Files\Java\jdk-20\bin\extnet.dll

Deoptimization events (20 events):
Event: 8518.755 Thread 0x0000012612126bc0 DEOPT PACKING pc=0x00000125b993cdb8 sp=0x0000001eb7dfc4c0
Event: 8518.755 Thread 0x0000012612126bc0 DEOPT UNPACKING pc=0x00000125b8ca9d22 sp=0x0000001eb7dfc440 mode 2
Event: 8518.755 Thread 0x0000012612126bc0 DEOPT PACKING pc=0x00000125b9a175bc sp=0x0000001eb7dfc570
Event: 8518.755 Thread 0x0000012612126bc0 DEOPT UNPACKING pc=0x00000125b8caa4c2 sp=0x0000001eb7dfba30 mode 1
Event: 8518.756 Thread 0x0000012612126bc0 Uncommon trap: trap_request=0xffffff97 fr.pc=0x00000125b993cdb8 relative=0x0000000000000f78
Event: 8518.756 Thread 0x0000012612126bc0 Uncommon trap: reason=unhandled action=none pc=0x00000125b993cdb8 method=java.net.URLClassLoader.findClass(Ljava/lang/String;)Ljava/lang/Class; @ 44 c2
Event: 8518.756 Thread 0x0000012612126bc0 DEOPT PACKING pc=0x00000125b993cdb8 sp=0x0000001eb7dfc860
Event: 8518.756 Thread 0x0000012612126bc0 DEOPT UNPACKING pc=0x00000125b8ca9d22 sp=0x0000001eb7dfc7e0 mode 2
Event: 8518.756 Thread 0x0000012612126bc0 DEOPT PACKING pc=0x00000125b9a175bc sp=0x0000001eb7dfc910
Event: 8518.756 Thread 0x0000012612126bc0 DEOPT UNPACKING pc=0x00000125b8caa4c2 sp=0x0000001eb7dfbdd0 mode 1
Event: 8518.756 Thread 0x000001260e9c8f30 Uncommon trap: trap_request=0xffffff97 fr.pc=0x00000125b981c274 relative=0x0000000000003f34
Event: 8518.756 Thread 0x000001260e9c8f30 Uncommon trap: reason=unhandled action=none pc=0x00000125b981c274 method=java.util.concurrent.locks.AbstractQueuedSynchronizer$ConditionObject.await()V @ 177 c2
Event: 8518.756 Thread 0x000001260e9c54c0 DEOPT PACKING pc=0x00000125b941da54 sp=0x0000001eb8bff5c0
Event: 8518.756 Thread 0x000001260e9c8f30 DEOPT PACKING pc=0x00000125b981c274 sp=0x0000001eb88ff420
Event: 8518.756 Thread 0x000001260e9c54c0 DEOPT UNPACKING pc=0x00000125b8caa4c2 sp=0x0000001eb8bfea38 mode 1
Event: 8518.756 Thread 0x000001260e9c8f30 DEOPT UNPACKING pc=0x00000125b8ca9d22 sp=0x0000001eb88ff2d8 mode 2
Event: 8518.756 Thread 0x000001260e9c4f70 Uncommon trap: trap_request=0xffffff97 fr.pc=0x00000125b981c344 relative=0x0000000000004004
Event: 8518.756 Thread 0x000001260e9c4f70 Uncommon trap: reason=unhandled action=none pc=0x00000125b981c344 method=java.util.concurrent.locks.AbstractQueuedSynchronizer$ConditionObject.awaitNanos(J)J @ 171 c2
Event: 8518.756 Thread 0x000001260e9c4f70 DEOPT PACKING pc=0x00000125b981c344 sp=0x0000001eb89ff1c0
Event: 8518.756 Thread 0x000001260e9c4f70 DEOPT UNPACKING pc=0x00000125b8ca9d22 sp=0x0000001eb89ff048 mode 2

Classes loaded (20 events):
Event: 8429.093 Loading class java/io/ObjectInputStream$PeekInputStream
Event: 8429.093 Loading class java/io/ObjectInputStream$PeekInputStream done
Event: 8429.093 Loading class java/io/ObjectInputStream$HandleTable
Event: 8429.094 Loading class java/io/ObjectInputStream$HandleTable done
Event: 8429.094 Loading class java/io/ObjectInputStream$HandleTable$HandleList
Event: 8429.094 Loading class java/io/ObjectInputStream$HandleTable$HandleList done
Event: 8429.094 Loading class java/io/ObjectInputStream$ValidationList
Event: 8429.094 Loading class java/io/ObjectInputStream$ValidationList done
Event: 8429.094 Loading class java/io/ObjectInputFilter$Config
Event: 8429.094 Loading class java/io/ObjectInputFilter$Config done
Event: 8429.094 Loading class java/io/ObjectInputFilter
Event: 8429.095 Loading class java/io/ObjectInputFilter done
Event: 8429.095 Loading class java/io/ObjectInputFilter$Config$BuiltinFilterFactory
Event: 8429.095 Loading class java/io/ObjectInputFilter$Config$BuiltinFilterFactory done
Event: 8429.096 Loading class jdk/internal/event/DeserializationEvent
Event: 8429.096 Loading class jdk/internal/event/DeserializationEvent done
Event: 8429.097 Loading class java/io/ObjectInputStream$FieldValues
Event: 8429.097 Loading class java/io/ObjectInputStream$GetField
Event: 8429.097 Loading class java/io/ObjectInputStream$GetField done
Event: 8429.097 Loading class java/io/ObjectInputStream$FieldValues done

Classes unloaded (20 events):
Event: 6453.349 Thread 0x00000125c6004cf0 Unloading class 0x00000125c7efe800 'org/apache/catalina/loader/JdbcLeakPrevention'
Event: 6470.846 Thread 0x00000125c6004cf0 Unloading class 0x00000125c77fa800 'org/apache/catalina/loader/JdbcLeakPrevention'
Event: 6492.514 Thread 0x00000125c6004cf0 Unloading class 0x00000125c7531800 'org/apache/catalina/loader/JdbcLeakPrevention'
Event: 6598.222 Thread 0x00000125c6004cf0 Unloading class 0x00000125c7f10000 'org/apache/catalina/loader/JdbcLeakPrevention'
Event: 6621.596 Thread 0x00000125c6004cf0 Unloading class 0x00000125c7f19000 'org/apache/catalina/loader/JdbcLeakPrevention'
Event: 6691.118 Thread 0x00000125c6004cf0 Unloading class 0x00000125c7f24000 'org/apache/catalina/loader/JdbcLeakPrevention'
Event: 6691.118 Thread 0x00000125c6004cf0 Unloading class 0x00000125c7ed5000 'org/apache/catalina/loader/JdbcLeakPrevention'
Event: 6709.529 Thread 0x00000125c6004cf0 Unloading class 0x00000125c7f28800 'org/apache/catalina/loader/JdbcLeakPrevention'
Event: 6760.196 Thread 0x00000125c6004cf0 Unloading class 0x00000125c7f34800 'org/apache/catalina/loader/JdbcLeakPrevention'
Event: 6813.950 Thread 0x00000125c6004cf0 Unloading class 0x00000125c7f40000 'org/apache/catalina/loader/JdbcLeakPrevention'
Event: 6854.118 Thread 0x00000125c6004cf0 Unloading class 0x00000125c7f48000 'org/apache/catalina/loader/JdbcLeakPrevention'
Event: 6896.308 Thread 0x00000125c6004cf0 Unloading class 0x00000125c7f50000 'org/apache/catalina/loader/JdbcLeakPrevention'
Event: 6897.288 Thread 0x00000125c6004cf0 Unloading class 0x00000125c7d9a000 'java/lang/invoke/LambdaForm$MH+0x00000125c7d9a000'
Event: 7326.709 Thread 0x00000125c6004cf0 Unloading class 0x00000125c7f5c000 'org/apache/catalina/loader/JdbcLeakPrevention'
Event: 7326.709 Thread 0x00000125c6004cf0 Unloading class 0x00000125c7ed4800 'java/lang/invoke/LambdaForm$MH+0x00000125c7ed4800'
Event: 7326.709 Thread 0x00000125c6004cf0 Unloading class 0x00000125c7ed4400 'java/lang/invoke/LambdaForm$MH+0x00000125c7ed4400'
Event: 7326.709 Thread 0x00000125c6004cf0 Unloading class 0x00000125c7703000 'java/lang/invoke/LambdaForm$MH+0x00000125c7703000'
Event: 8205.581 Thread 0x00000125c6004cf0 Unloading class 0x00000125c7d9a000 'org/apache/catalina/loader/JdbcLeakPrevention'
Event: 8428.741 Thread 0x00000125c6004cf0 Unloading class 0x00000125c7f88c00 'org/apache/jsp/views/error_jsp'
Event: 8428.741 Thread 0x00000125c6004cf0 Unloading class 0x00000125c7f70000 'org/apache/catalina/loader/JdbcLeakPrevention'

Classes redefined (3 events):
Event: 4191.773 Thread 0x00000125c6004cf0 redefined class name=com.bank.BankOfBokaro.controller.MainController, count=1
Event: 4211.992 Thread 0x00000125c6004cf0 redefined class name=com.bank.BankOfBokaro.controller.MainController, count=2
Event: 4211.992 Thread 0x00000125c6004cf0 redefined class name=com.bank.BankOfBokaro.controller.MainController, count=1

Internal exceptions (20 events):
Event: 8426.406 Thread 0x000001260e9cb9b0 Exception <a 'java/io/IOException'{0x0000000089523628}> (0x0000000089523628) 
thrown [s\open\src\hotspot\share\prims\jni.cpp, line 519]
Event: 8428.707 Thread 0x000001260e9c89e0 Exception <a 'java/lang/NoSuchMethodError'{0x000000008955c7b8}: 'long java.lang.invoke.Invokers$Holder.invokeExact_MT(java.lang.Object, java.lang.Object)'> (0x000000008955c7b8) 
thrown [s\open\src\hotspot\share\interpreter\linkResolver.cpp, line 773]
Event: 8428.716 Thread 0x000001260e9c89e0 Implicit null exception at 0x00000125b9c4afc0 to 0x00000125b9c4ce24
Event: 8428.725 Thread 0x00000126121226b0 Exception <a 'java/lang/InterruptedException'{0x00000000895c8f18}: sleep interrupted> (0x00000000895c8f18) 
thrown [s\open\src\hotspot\share\prims\jvm.cpp, line 3086]
Event: 8428.787 Thread 0x000001260e9c4a20 Exception <a 'sun/nio/fs/WindowsException'{0x00000000fff70650}> (0x00000000fff70650) 
thrown [s\open\src\hotspot\share\prims\jni.cpp, line 519]
Event: 8429.014 Thread 0x000001260e9c4a20 Exception <a 'java/lang/NoClassDefFoundError'{0x0000000085ce5a90}: org/flywaydb/core/Flyway> (0x0000000085ce5a90) 
thrown [s\open\src\hotspot\share\oops\constantPool.cpp, line 848]
Event: 8429.016 Thread 0x000001260e9c4a20 Exception <a 'java/lang/NoClassDefFoundError'{0x0000000085ce60f0}: liquibase/integration/spring/SpringLiquibase> (0x0000000085ce60f0) 
thrown [s\open\src\hotspot\share\oops\constantPool.cpp, line 848]
Event: 8429.021 Thread 0x000001260e9c4a20 Exception <a 'java/lang/NoClassDefFoundError'{0x0000000085b491c8}: org/jooq/DSLContext> (0x0000000085b491c8) 
thrown [s\open\src\hotspot\share\oops\constantPool.cpp, line 848]
Event: 8429.023 Thread 0x000001260e9c4a20 Exception <a 'java/lang/NoClassDefFoundError'{0x0000000085b55ef8}: org/springframework/batch/core/repository/JobRepository> (0x0000000085b55ef8) 
thrown [s\open\src\hotspot\share\oops\constantPool.cpp, line 848]
Event: 8429.024 Thread 0x000001260e9c4a20 Exception <a 'java/lang/NoClassDefFoundError'{0x0000000085b56550}: org/quartz/Scheduler> (0x0000000085b56550) 
thrown [s\open\src\hotspot\share\oops\constantPool.cpp, line 848]
Event: 8429.025 Thread 0x000001260e9c4a20 Exception <a 'java/lang/NoClassDefFoundError'{0x0000000085b56bd0}: org/springframework/session/jdbc/JdbcIndexedSessionRepository> (0x0000000085b56bd0) 
thrown [s\open\src\hotspot\share\oops\constantPool.cpp, line 848]
Event: 8429.060 Thread 0x000001260e9c4a20 Exception <a 'java/io/FileNotFoundException'{0x00000000854166f8}> (0x00000000854166f8) 
thrown [s\open\src\hotspot\share\prims\jni.cpp, line 519]
Event: 8429.331 Thread 0x000001260e9c4a20 Implicit null exception at 0x00000125b9db7920 to 0x00000125b9db8010
Event: 8516.443 Thread 0x0000012612126670 Exception <a 'java/io/IOException'{0x00000000852eed70}> (0x00000000852eed70) 
thrown [s\open\src\hotspot\share\prims\jni.cpp, line 519]
Event: 8516.444 Thread 0x0000012612126670 Exception <a 'java/io/IOException'{0x00000000852ef3c0}> (0x00000000852ef3c0) 
thrown [s\open\src\hotspot\share\prims\jni.cpp, line 519]
Event: 8516.444 Thread 0x0000012612126670 Exception <a 'java/io/IOException'{0x00000000852f0bb0}> (0x00000000852f0bb0) 
thrown [s\open\src\hotspot\share\prims\jni.cpp, line 519]
Event: 8516.446 Thread 0x0000012612126670 Exception <a 'java/io/IOException'{0x00000000852f1200}> (0x00000000852f1200) 
thrown [s\open\src\hotspot\share\prims\jni.cpp, line 519]
Event: 8516.447 Thread 0x0000012612126670 Exception <a 'java/io/IOException'{0x00000000852f4df8}> (0x00000000852f4df8) 
thrown [s\open\src\hotspot\share\prims\jni.cpp, line 519]
Event: 8516.448 Thread 0x0000012612126670 Exception <a 'sun/net/ConnectionResetException'{0x00000000852f89b0}: Connection reset> (0x00000000852f89b0) 
thrown [s\open\src\hotspot\share\prims\jni.cpp, line 538]
Event: 8518.756 Thread 0x000001260e9c54c0 Exception <a 'java/lang/InterruptedException'{0x00000000851508a8}: sleep interrupted> (0x00000000851508a8) 
thrown [s\open\src\hotspot\share\prims\jvm.cpp, line 3086]

VM Operations (20 events):
Event: 8509.994 Executing VM operation: ChangeBreakpoints done
Event: 8509.994 Executing VM operation: ChangeBreakpoints
Event: 8509.994 Executing VM operation: ChangeBreakpoints done
Event: 8509.994 Executing VM operation: ChangeBreakpoints
Event: 8509.994 Executing VM operation: ChangeBreakpoints done
Event: 8509.994 Executing VM operation: ChangeBreakpoints
Event: 8509.994 Executing VM operation: ChangeBreakpoints done
Event: 8509.994 Executing VM operation: ChangeBreakpoints
Event: 8509.994 Executing VM operation: ChangeBreakpoints done
Event: 8509.995 Executing VM operation: ChangeBreakpoints
Event: 8509.995 Executing VM operation: ChangeBreakpoints done
Event: 8510.080 Executing VM operation: ChangeSingleStep
Event: 8510.080 Executing VM operation: ChangeSingleStep done
Event: 8510.083 Executing VM operation: ChangeSingleStep
Event: 8510.083 Executing VM operation: ChangeSingleStep done
Event: 8511.091 Executing VM operation: Cleanup
Event: 8511.091 Executing VM operation: Cleanup done
Event: 8517.138 Executing VM operation: Cleanup
Event: 8517.138 Executing VM operation: Cleanup done
Event: 8518.756 Executing VM operation: G1CollectFull

Events (20 events):
Event: 8511.414 Thread 0x000001260e9c5a10 Thread exited: 0x000001260e9c5a10
Event: 8511.435 Thread 0x0000012612126670 Thread exited: 0x0000012612126670
Event: 8511.435 Thread 0x0000012612125680 Thread exited: 0x0000012612125680
Event: 8511.436 Thread 0x0000012612127bb0 Thread exited: 0x0000012612127bb0
Event: 8511.436 Thread 0x00000126121226b0 Thread exited: 0x00000126121226b0
Event: 8511.436 Thread 0x0000012612127660 Thread exited: 0x0000012612127660
Event: 8511.436 Thread 0x0000012612125130 Thread exited: 0x0000012612125130
Event: 8511.437 Thread 0x0000012612124690 Thread exited: 0x0000012612124690
Event: 8511.437 Thread 0x000001260e9c74a0 Thread exited: 0x000001260e9c74a0
Event: 8511.437 Thread 0x0000012612123150 Thread exited: 0x0000012612123150
Event: 8511.437 Thread 0x0000012612121c10 Thread exited: 0x0000012612121c10
Event: 8511.437 Thread 0x0000012612126120 Thread exited: 0x0000012612126120
Event: 8516.441 Thread 0x0000012612126670 Thread added: 0x0000012612126670
Event: 8516.442 Thread 0x0000012612126120 Thread added: 0x0000012612126120
Event: 8516.442 Thread 0x000001260e9cb9b0 Thread exited: 0x000001260e9cb9b0
Event: 8516.443 Thread 0x0000012612126120 Thread exited: 0x0000012612126120
Event: 8516.448 Thread 0x0000012612126670 Thread exited: 0x0000012612126670
Event: 8518.756 Thread 0x000001260e9c54c0 Thread exited: 0x000001260e9c54c0
Event: 8518.756 Thread 0x000001260e9c8f30 Thread exited: 0x000001260e9c8f30
Event: 8518.756 Thread 0x000001260e9c4f70 Thread exited: 0x000001260e9c4f70


Dynamic libraries:
0x00007ff68b720000 - 0x00007ff68b730000 	C:\Program Files\Java\jdk-20\bin\javaw.exe
0x00007fffb56f0000 - 0x00007fffb58e8000 	C:\WINDOWS\SYSTEM32\ntdll.dll
0x00007fffb43e0000 - 0x00007fffb449d000 	C:\WINDOWS\System32\KERNEL32.DLL
0x00007fffb32f0000 - 0x00007fffb35e6000 	C:\WINDOWS\System32\KERNELBASE.dll
0x00007fffb3090000 - 0x00007fffb3190000 	C:\WINDOWS\System32\ucrtbase.dll
0x00007fff9dfc0000 - 0x00007fff9dfdb000 	C:\Program Files\Java\jdk-20\bin\VCRUNTIME140.dll
0x00007fff9dfe0000 - 0x00007fff9dff9000 	C:\Program Files\Java\jdk-20\bin\jli.dll
0x00007fffb3bc0000 - 0x00007fffb3c70000 	C:\WINDOWS\System32\ADVAPI32.dll
0x00007fffb4810000 - 0x00007fffb48ae000 	C:\WINDOWS\System32\msvcrt.dll
0x00007fffb4910000 - 0x00007fffb49b0000 	C:\WINDOWS\System32\sechost.dll
0x00007fffb3720000 - 0x00007fffb3843000 	C:\WINDOWS\System32\RPCRT4.dll
0x00007fffb2f60000 - 0x00007fffb2f87000 	C:\WINDOWS\System32\bcrypt.dll
0x00007fffb4bd0000 - 0x00007fffb4d6f000 	C:\WINDOWS\System32\USER32.dll
0x00007fffb36f0000 - 0x00007fffb3712000 	C:\WINDOWS\System32\win32u.dll
0x00007fffa1330000 - 0x00007fffa15ca000 	C:\WINDOWS\WinSxS\amd64_microsoft.windows.common-controls_6595b64144ccf1df_6.0.19041.4355_none_60b8b9eb71f62e16\COMCTL32.dll
0x00007fffb5310000 - 0x00007fffb533b000 	C:\WINDOWS\System32\GDI32.dll
0x00007fffb2da0000 - 0x00007fffb2eb7000 	C:\WINDOWS\System32\gdi32full.dll
0x00007fffb2ec0000 - 0x00007fffb2f5d000 	C:\WINDOWS\System32\msvcp_win.dll
0x00007fffaa750000 - 0x00007fffaa75a000 	C:\WINDOWS\SYSTEM32\VERSION.dll
0x00007fffb4a40000 - 0x00007fffb4a72000 	C:\WINDOWS\System32\IMM32.DLL
0x00007fff9dfb0000 - 0x00007fff9dfbc000 	C:\Program Files\Java\jdk-20\bin\vcruntime140_1.dll
0x00007fff2e9b0000 - 0x00007fff2ea3e000 	C:\Program Files\Java\jdk-20\bin\msvcp140.dll
0x00007fff53980000 - 0x00007fff54618000 	C:\Program Files\Java\jdk-20\bin\server\jvm.dll
0x00007fffaef40000 - 0x00007fffaef49000 	C:\WINDOWS\SYSTEM32\WSOCK32.dll
0x00007fff9f6f0000 - 0x00007fff9f717000 	C:\WINDOWS\SYSTEM32\WINMM.dll
0x00007fffb4a80000 - 0x00007fffb4aeb000 	C:\WINDOWS\System32\WS2_32.dll
0x00007fffb0b40000 - 0x00007fffb0b52000 	C:\WINDOWS\SYSTEM32\kernel.appcore.dll
0x00007fffaeb60000 - 0x00007fffaeb6a000 	C:\Program Files\Java\jdk-20\bin\jimage.dll
0x00007fffaa7b0000 - 0x00007fffaa994000 	C:\WINDOWS\SYSTEM32\DBGHELP.DLL
0x00007fffaa0b0000 - 0x00007fffaa0e4000 	C:\WINDOWS\SYSTEM32\dbgcore.DLL
0x00007fffb2f90000 - 0x00007fffb3012000 	C:\WINDOWS\System32\bcryptPrimitives.dll
0x00007fff9f9a0000 - 0x00007fff9f9dc000 	C:\Program Files\Java\jdk-20\bin\jdwp.dll
0x00007fffaed40000 - 0x00007fffaed4e000 	C:\Program Files\Java\jdk-20\bin\instrument.dll
0x00007fffa1060000 - 0x00007fffa1086000 	C:\Program Files\Java\jdk-20\bin\java.dll
0x00007fff896b0000 - 0x00007fff89787000 	C:\Program Files\Java\jdk-20\bin\jsvml.dll
0x00007fffb3c70000 - 0x00007fffb43db000 	C:\WINDOWS\System32\SHELL32.dll
0x00007fffb0e20000 - 0x00007fffb15bd000 	C:\WINDOWS\SYSTEM32\windows.storage.dll
0x00007fffb44b0000 - 0x00007fffb4803000 	C:\WINDOWS\System32\combase.dll
0x00007fffb2750000 - 0x00007fffb277e000 	C:\WINDOWS\SYSTEM32\Wldp.dll
0x00007fffb4dd0000 - 0x00007fffb4e9d000 	C:\WINDOWS\System32\OLEAUT32.dll
0x00007fffb55e0000 - 0x00007fffb568d000 	C:\WINDOWS\System32\SHCORE.dll
0x00007fffb48b0000 - 0x00007fffb4905000 	C:\WINDOWS\System32\shlwapi.dll
0x00007fffb2cd0000 - 0x00007fffb2cf4000 	C:\WINDOWS\SYSTEM32\profapi.dll
0x00007fffaed30000 - 0x00007fffaed3c000 	C:\Program Files\Java\jdk-20\bin\dt_socket.dll
0x00007fffb2130000 - 0x00007fffb216b000 	C:\WINDOWS\SYSTEM32\IPHLPAPI.DLL
0x00007fffb2450000 - 0x00007fffb24ba000 	C:\WINDOWS\system32\mswsock.dll
0x00007fffb2170000 - 0x00007fffb223b000 	C:\WINDOWS\SYSTEM32\DNSAPI.dll
0x00007fffb3a30000 - 0x00007fffb3a38000 	C:\WINDOWS\System32\NSI.dll
0x00007fffaafb0000 - 0x00007fffaafba000 	C:\Windows\System32\rasadhlp.dll
0x00007fffa86b0000 - 0x00007fffa8730000 	C:\WINDOWS\System32\fwpuclnt.dll
0x00007fff9fa10000 - 0x00007fff9fa28000 	C:\Program Files\Java\jdk-20\bin\zip.dll
0x00007fffa6040000 - 0x00007fffa6053000 	C:\Program Files\Java\jdk-20\bin\net.dll
0x00007fffac1e0000 - 0x00007fffac2ea000 	C:\WINDOWS\SYSTEM32\WINHTTP.dll
0x00007fff9fa30000 - 0x00007fff9fa46000 	C:\Program Files\Java\jdk-20\bin\nio.dll
0x00007fffa92e0000 - 0x00007fffa92f0000 	C:\Program Files\Java\jdk-20\bin\verify.dll
0x00007fffafa70000 - 0x00007fffafa7a000 	C:\Program Files\Java\jdk-20\bin\management.dll
0x00007fffaeba0000 - 0x00007fffaebab000 	C:\Program Files\Java\jdk-20\bin\management_ext.dll
0x00007fffb44a0000 - 0x00007fffb44a8000 	C:\WINDOWS\System32\PSAPI.DLL
0x00007fffa6f70000 - 0x00007fffa6f7e000 	C:\Program Files\Java\jdk-20\bin\sunmscapi.dll
0x00007fffb3190000 - 0x00007fffb32ee000 	C:\WINDOWS\System32\CRYPT32.dll
0x00007fffb2830000 - 0x00007fffb2859000 	C:\WINDOWS\SYSTEM32\ncrypt.dll
0x00007fffb27a0000 - 0x00007fffb27db000 	C:\WINDOWS\SYSTEM32\NTASN1.dll
0x00007fffb2640000 - 0x00007fffb2658000 	C:\WINDOWS\SYSTEM32\CRYPTSP.dll
0x00007fffb1d70000 - 0x00007fffb1da4000 	C:\WINDOWS\system32\rsaenh.dll
0x00007fffb2c80000 - 0x00007fffb2cae000 	C:\WINDOWS\SYSTEM32\USERENV.dll
0x00007fffb2660000 - 0x00007fffb266c000 	C:\WINDOWS\SYSTEM32\CRYPTBASE.dll
0x00007fffab410000 - 0x00007fffab427000 	C:\WINDOWS\SYSTEM32\dhcpcsvc6.DLL
0x00007fffac050000 - 0x00007fffac06d000 	C:\WINDOWS\SYSTEM32\dhcpcsvc.DLL
0x00007fffac590000 - 0x00007fffac597000 	C:\Program Files\Java\jdk-20\bin\extnet.dll
0x00007fff8fb00000 - 0x00007fff8fb07000 	C:\WINDOWS\system32\wshunix.dll

dbghelp: loaded successfully - version: 4.0.5 - missing functions: none
symbol engine: initialized successfully - sym options: 0x614 - pdb path: .;C:\Program Files\Java\jdk-20\bin;C:\WINDOWS\SYSTEM32;C:\WINDOWS\WinSxS\amd64_microsoft.windows.common-controls_6595b64144ccf1df_6.0.19041.4355_none_60b8b9eb71f62e16;C:\Program Files\Java\jdk-20\bin\server

VM Arguments:
jvm_args: -XX:+ShowCodeDetailsInExceptionMessages -agentlib:jdwp=transport=dt_socket,suspend=y,address=localhost:62837 -javaagent:C:\Users\Lenovo\eclipse\jee-2023-06\eclipse\configuration\org.eclipse.osgi\430\0\.cp\lib\javaagent-shaded.jar -Dfile.encoding=UTF-8 
java_command: com.bank.BankOfBokaro.BankOfBokaroApplication
java_class_path (initial): C:\Users\Lenovo\Downloads\BankOfBokaro\BankOfBokaro\target\classes;C:\Users\Lenovo\.m2\repository\org\springframework\boot\spring-boot-starter-data-jpa\3.2.4\spring-boot-starter-data-jpa-3.2.4.jar;C:\Users\Lenovo\.m2\repository\org\springframework\boot\spring-boot-starter-aop\3.2.4\spring-boot-starter-aop-3.2.4.jar;C:\Users\Lenovo\.m2\repository\org\springframework\spring-aop\6.1.5\spring-aop-6.1.5.jar;C:\Users\Lenovo\.m2\repository\org\aspectj\aspectjweaver\1.9.21\aspectjweaver-1.9.21.jar;C:\Users\Lenovo\.m2\repository\org\springframework\boot\spring-boot-starter-jdbc\3.2.4\spring-boot-starter-jdbc-3.2.4.jar;C:\Users\Lenovo\.m2\repository\com\zaxxer\HikariCP\5.0.1\HikariCP-5.0.1.jar;C:\Users\Lenovo\.m2\repository\org\springframework\spring-jdbc\6.1.5\spring-jdbc-6.1.5.jar;C:\Users\Lenovo\.m2\repository\org\hibernate\orm\hibernate-core\6.4.4.Final\hibernate-core-6.4.4.Final.jar;C:\Users\Lenovo\.m2\repository\jakarta\persistence\jakarta.persistence-api\3.1.0\jakarta.persistence-api-3.1.0.jar;C:\Users\Lenovo\.m2\repository\jakarta\transaction\jakarta.transaction-api\2.0.1\jakarta.transaction-api-2.0.1.jar;C:\Users\Lenovo\.m2\repository\org\jboss\logging\jboss-logging\3.5.3.Final\jboss-logging-3.5.3.Final.jar;C:\Users\Lenovo\.m2\repository\org\hibernate\common\hibernate-commons-annotations\6.0.6.Final\hibernate-commons-annotations-6.0.6.Final.jar;C:\Users\Lenovo\.m2\repository\io\smallrye\jandex\3.1.2\jandex-3.1.2.jar;C:\Users\Lenovo\.m2\repository\com\fasterxml\classmate\1.6.0\classmate-1.6.0.jar;C:\Users\Lenovo\.m2\repository\net\bytebuddy\byte-buddy\1.14.12\byte-buddy-1.14.12.jar;C:\Users\Lenovo\.m2\repository\org\glassfish\jaxb\jaxb-runtime\4.0.5\jaxb-runtime-4.0.5.jar;C:\Users\Lenovo\.m2\repository\org\glassfish\jaxb\jaxb-core\4.0.5\jaxb-core-4.0.5.jar;C:\Users\Lenovo\.m2\repository\org\eclipse\angus\angus-activation\2.0.2\angus-activation-2.0.2.jar;C:\Users\Lenovo\.m2\repository\org\glassfish\jaxb\txw2\4.0.5\txw2-4.0.5.jar;C:\Users\Lenovo\.m2\repository\com\sun\istack\istack-commons-runtime\4.1.2\istack-commons-runtime-4.1.2.jar;C:\Users\Lenovo\.m2\repository\jakarta\inject\jakarta.inject-api\2.0.1\jakarta.inject-api-2.0.1.jar;C:\Users\Lenovo\.m2\repository\org\antlr\antlr4-runtime\4.13.0\antlr4-runtime-4.13.0.jar;C:\Users\Lenovo\.m2\repository\org\springframework\data\spring-data-jpa\3.2.4\spring-data-jpa-3.2.4.jar;C:\Users\Lenovo\.m2\repository\org\springframework\data\spring-data-commons\3.2.4\spring-data-commons-3.2.4.jar;C:\Users\Lenovo\.m2\repository\org\springframework\spring-orm\6.1.5\spring-orm-6.1.5.jar;C:\Users\Lenovo\.m2\repository\org\springframework\spring-context\6.1.5\spring-context-6.1.5.jar;C:\Users\Lenovo\.m2\repository\org\springframework\spring-tx\6.1.5\spring-tx-6.1.5.jar;C:\Users\Lenovo\.m2\repository\org\springframework\spring-beans\6.1.5\spring-beans-6.1.5.jar;C:\Users\Lenovo\.m2\repository\jakarta\annotation\jakarta.annotation-api\2.1.1\jakarta.annotation-api-2.1.1.jar;C:\Users\Lenovo\.m2\repository\org\slf4j\slf4j-api\2.0.12\slf4j-api-2.0.12.jar;C:\Users\Lenovo\.m2\repository\org\springframework\spring-aspects\6.1.5\spring-aspects-6.1.5.jar;C:\Users\Lenovo\.m2\repository\org\springframework\boot\spring-boot-starter-web\3.2.4\spring-boot-starter-web-3.2.4.jar;C:\Users\Lenovo\.m2\repository\org\springframework\boot\spring-boot-starter\3.2.4\spring-boot-starter-3.2.4.jar;C:\Users\Lenovo\.m2\repository\org\springframework\boot\spring-boot-starter-logging\3.2.4\spring-boot-starter-logging-3.2.4.jar;C:\Users\Lenovo\.m2\repository\ch\qos\logback\logback-classic\1.4.14\logback-classic-1.4.14.jar;C:\Users\Lenovo\.m2\repository\ch\qos\logback\logback-core\1.4.14\logback-core-1.4.14.jar;C:\Users\Lenovo\.m2\repository\org\apache\logging\log4j\log4j-to-slf4j\2.21.1\log4j-to-slf4j-2.21.1.jar;C:\Users\Lenovo\.m2\repository\org\apache\logging\log4j\log4j-api\2.21.1\log4j-api-2.21.1.jar;C:\Users\Lenovo\.m2\repository\org\slf4j\jul-to-slf4j\2.0.12\jul-to-slf4j-2.0.12.jar;C:\Users\Lenovo\.m2\repository\org\yaml\snakeyaml\2.2\snakeyaml-2.2.jar;C:\Users\Lenovo\.m2\repository\org\springframework\boot\spring-boot-starter-json\3.2.4\spring-boot-starter-json-3.2.4.jar;C:\Users\Lenovo\.m2\repository\com\fasterxml\jackson\core\jackson-databind\2.15.4\jackson-databind-2.15.4.jar;C:\Users\Lenovo\.m2\repository\com\fasterxml\jackson\core\jackson-annotations\2.15.4\jackson-annotations-2.15.4.jar;C:\Users\Lenovo\.m2\repository\com\fasterxml\jackson\core\jackson-core\2.15.4\jackson-core-2.15.4.jar;C:\Users\Lenovo\.m2\repository\com\fasterxml\jackson\datatype\jackson-datatype-jdk8\2.15.4\jackson-datatype-jdk8-2.15.4.jar;C:\Users\Lenovo\.m2\repository\com\fasterxml\jackson\datatype\jackson-datatype-jsr310\2.15.4\jackson-datatype-jsr310-2.15.4.jar;C:\Users\Lenovo\.m2\repository\com\fasterxml\jackson\module\jackson-module-parameter-names\2.15.4\jackson-module-parameter-names-2.15.4.jar;C:\Users\Lenovo\.m2\repository\org\springframework\boot\spring-boot-starter-tomcat\3.2.4\spring-boot-starter-tomcat-3.2.4.jar;C:\Users\Lenovo\.m2\repository\org\apache\tomcat\embed\tomcat-embed-websocket\10.1.19\tomcat-embed-websocket-10.1.19.jar;C:\Users\Lenovo\.m2\repository\org\springframework\spring-web\6.1.5\spring-web-6.1.5.jar;C:\Users\Lenovo\.m2\repository\io\micrometer\micrometer-observation\1.12.4\micrometer-observation-1.12.4.jar;C:\Users\Lenovo\.m2\repository\io\micrometer\micrometer-commons\1.12.4\micrometer-commons-1.12.4.jar;C:\Users\Lenovo\.m2\repository\org\springframework\spring-webmvc\6.1.5\spring-webmvc-6.1.5.jar;C:\Users\Lenovo\.m2\repository\org\springframework\spring-expression\6.1.5\spring-expression-6.1.5.jar;C:\Users\Lenovo\.m2\repository\org\springframework\boot\spring-boot-devtools\3.2.4\spring-boot-devtools-3.2.4.jar;C:\Users\Lenovo\.m2\repository\org\springframework\boot\spring-boot\3.2.4\spring-boot-3.2.4.jar;C:\Users\Lenovo\.m2\repository\org\springframework\boot\spring-boot-autoconfigure\3.2.4\spring-boot-autoconfigure-3.2.4.jar;C:\Users\Lenovo\.m2\repository\com\mysql\mysql-connector-j\8.3.0\mysql-connector-j-8.3.0.jar;C:\Users\Lenovo\.m2\repository\jakarta\xml\bind\jakarta.xml.bind-api\4.0.2\jakarta.xml.bind-api-4.0.2.jar;C:\Users\Lenovo\.m2\repository\jakarta\activation\jakarta.activation-api\2.1.3\jakarta.activation-api-2.1.3.jar;C:\Users\Lenovo\.m2\repository\org\springframework\spring-core\6.1.5\spring-core-6.1.5.jar;C:\Users\Lenovo\.m2\repository\org\springframework\spring-jcl\6.1.5\spring-jcl-6.1.5.jar;C:\Users\Lenovo\.m2\repository\org\apache\tomcat\embed\tomcat-embed-jasper\10.1.19\tomcat-embed-jasper-10.1.19.jar;C:\Users\Lenovo\.m2\repository\org\apache\tomcat\embed\tomcat-embed-core\10.1.19\tomcat-embed-core-10.1.19.jar;C:\Users\Lenovo\.m2\repository\org\apache\tomcat\tomcat-annotations-api\10.1.19\tomcat-annotations-api-10.1.19.jar;C:\Users\Lenovo\.m2\repository\org\apache\tomcat\embed\tomcat-embed-el\10.1.19\tomcat-embed-el-10.1.19.jar;C:\Users\Lenovo\.m2\repository\org\eclipse\jdt\ecj\3.33.0\ecj-3.33.0.jar;C:\Users\Lenovo\.m2\repository\org\modelmapper\modelmapper\3.1.1\modelmapper-3.1.1.jar
Launcher Type: SUN_STANDARD

[Global flags]
     intx CICompilerCount                          = 4                                         {product} {ergonomic}
     uint ConcGCThreads                            = 2                                         {product} {ergonomic}
     uint G1ConcRefinementThreads                  = 8                                         {product} {ergonomic}
   size_t G1HeapRegionSize                         = 1048576                                   {product} {ergonomic}
    uintx GCDrainStackTargetSize                   = 64                                        {product} {ergonomic}
   size_t InitialHeapSize                          = 134217728                                 {product} {ergonomic}
   size_t MarkStackSize                            = 4194304                                   {product} {ergonomic}
   size_t MaxHeapSize                              = 2124414976                                {product} {ergonomic}
   size_t MaxNewSize                               = 1274019840                                {product} {ergonomic}
   size_t MinHeapDeltaBytes                        = 1048576                                   {product} {ergonomic}
   size_t MinHeapSize                              = 8388608                                   {product} {ergonomic}
    uintx NonNMethodCodeHeapSize                   = 5839372                                {pd product} {ergonomic}
    uintx NonProfiledCodeHeapSize                  = 122909434                              {pd product} {ergonomic}
    uintx ProfiledCodeHeapSize                     = 122909434                              {pd product} {ergonomic}
    uintx ReservedCodeCacheSize                    = 251658240                              {pd product} {ergonomic}
     bool SegmentedCodeCache                       = true                                      {product} {ergonomic}
     bool ShowCodeDetailsInExceptionMessages       = true                                   {manageable} {command line}
   size_t SoftMaxHeapSize                          = 2124414976                             {manageable} {ergonomic}
     bool UseCompressedClassPointers               = true                           {product lp64_product} {ergonomic}
     bool UseCompressedOops                        = true                           {product lp64_product} {ergonomic}
     bool UseG1GC                                  = true                                      {product} {ergonomic}
     bool UseLargePagesIndividualAllocation        = false                                  {pd product} {ergonomic}

Logging:
Log output configuration:
 #0: stdout all=warning uptime,level,tags foldmultilines=false
 #1: stderr all=off uptime,level,tags foldmultilines=false

Environment Variables:
JAVA_HOME=C:\Program Files\Java\jdk-20
PATH=C:/Program Files/Java/jdk-20/bin/server;C:/Program Files/Java/jdk-20/bin;C:\Program Files\Common Files\Oracle\Java\javapath;C:\WINDOWS\system32;C:\WINDOWS;C:\WINDOWS\System32\Wbem;C:\WINDOWS\System32\WindowsPowerShell\v1.0\;C:\WINDOWS\System32\OpenSSH\;C:\Program Files\MySQL\MySQL Server 8.0\bin;C:\Program Files\Git\cmd;C:\Program Files\MySQL\MySQL Shell 8.0\bin\;C:\Users\Lenovo\AppData\Local\Microsoft\WindowsApps;;C:\WINDOWS\System32;
USERNAME=Lenovo
OS=Windows_NT
PROCESSOR_IDENTIFIER=Intel64 Family 6 Model 142 Stepping 10, GenuineIntel
TMP=C:\Users\Lenovo\AppData\Local\Temp
TEMP=C:\Users\Lenovo\AppData\Local\Temp




---------------  S Y S T E M  ---------------

OS:
 Windows 10 , 64 bit Build 19041 (10.0.19041.3636)
OS uptime: 22 days 1:25 hours

CPU: total 8 (initial active 8) (4 cores per cpu, 2 threads per core) family 6 model 142 stepping 10 microcode 0xb4, cx8, cmov, fxsr, ht, mmx, 3dnowpref, sse, sse2, sse3, ssse3, sse4.1, sse4.2, popcnt, lzcnt, tsc, tscinvbit, avx, avx2, aes, erms, clmul, bmi1, bmi2, adx, fma, vzeroupper, clflush, clflushopt, rdtscp, f16c

Memory: 4k page, system-wide physical 8101M (1721M free)
TotalPageFile size 13221M (AvailPageFile size 4603M)
current process WorkingSet (physical memory assigned to process): 388M, peak: 396M
current process commit charge ("private bytes"): 441M, peak: 441M

vm_info: Java HotSpot(TM) 64-Bit Server VM (20.0.2+9-78) for windows-amd64 JRE (20.0.2+9-78), built on 2023-06-14T10:08:48Z by "mach5one" with MS VC++ 17.1 (VS2022)

END.
